[0.016s] Invoking command in '/home/unai/FSB/fsb_sim/build/eufs_models': CMAKE_PREFIX_PATH=/opt/ros/humble /usr/bin/cmake /home/unai/FSB/fsb_sim/eufs_models -DCMAKE_INSTALL_PREFIX=/home/unai/FSB/fsb_sim/install/eufs_models
[0.543s] -- The C compiler identification is GNU 11.4.0
[0.543s] -- The CXX compiler identification is GNU 11.4.0
[0.543s] -- Detecting C compiler ABI info
[0.543s] -- Detecting C compiler ABI info - done
[0.543s] -- Check for working C compiler: /usr/bin/cc - skipped
[0.543s] -- Detecting C compile features
[0.543s] -- Detecting C compile features - done
[0.543s] -- Detecting CXX compiler ABI info
[0.543s] -- Detecting CXX compiler ABI info - done
[0.543s] -- Check for working CXX compiler: /usr/bin/c++ - skipped
[0.543s] -- Detecting CXX compile features
[0.543s] -- Detecting CXX compile features - done
[0.543s] -- Found ament_cmake: 1.3.8 (/opt/ros/humble/share/ament_cmake/cmake)
[0.543s] -- Found Python3: /usr/bin/python3 (found version "3.10.12") found components: Interpreter 
[0.543s] -- Configuring incomplete, errors occurred!
[0.543s] See also "/home/unai/FSB/fsb_sim/build/eufs_models/CMakeFiles/CMakeOutput.log".
[0.543s] [31mCMake Error at CMakeLists.txt:26 (find_package):
[0.543s]   By not providing "Findeufs_msgs.cmake" in CMAKE_MODULE_PATH this project
[0.543s]   has asked CMake to find a package configuration file provided by
[0.544s]   "eufs_msgs", but CMake did not find one.
[0.544s] 
[0.544s]   Could not find a package configuration file provided by "eufs_msgs" with
[0.544s]   any of the following names:
[0.544s] 
[0.544s]     eufs_msgsConfig.cmake
[0.544s]     eufs_msgs-config.cmake
[0.544s] 
[0.544s]   Add the installation prefix of "eufs_msgs" to CMAKE_PREFIX_PATH or set
[0.544s]   "eufs_msgs_DIR" to a directory containing one of the above files.  If
[0.544s]   "eufs_msgs" provides a separate development package or SDK, be sure it has
[0.544s]   been installed.
[0.544s] 
[0.544s] [0m
[0.546s] Invoked command in '/home/unai/FSB/fsb_sim/build/eufs_models' returned '1': CMAKE_PREFIX_PATH=/opt/ros/humble /usr/bin/cmake /home/unai/FSB/fsb_sim/eufs_models -DCMAKE_INSTALL_PREFIX=/home/unai/FSB/fsb_sim/install/eufs_models
