[0.006s] Invoking command in '/home/unai/FSB/fsb_sim/build/eufs_plugins': AMENT_PREFIX_PATH=/home/unai/FSB/fsb_sim/install/eufs_models:/home/unai/FSB/fsb_sim/install/eufs_msgs:${AMENT_PREFIX_PATH} CMAKE_PREFIX_PATH=/home/unai/FSB/fsb_sim/install/eufs_models:/home/unai/FSB/fsb_sim/install/eufs_msgs:/opt/ros/humble LD_LIBRARY_PATH=/home/unai/FSB/fsb_sim/install/eufs_models/lib:/home/unai/FSB/fsb_sim/install/eufs_msgs/lib:${LD_LIBRARY_PATH} PYTHONPATH=/home/unai/FSB/fsb_sim/install/eufs_msgs/local/lib/python3.10/dist-packages:${PYTHONPATH} /usr/bin/cmake /home/unai/FSB/fsb_sim/eufs_plugins -DCMAKE_INSTALL_PREFIX=/home/unai/FSB/fsb_sim/install/eufs_plugins
[0.050s] -- The C compiler identification is GNU 11.4.0
[0.092s] -- The CXX compiler identification is GNU 11.4.0
[0.097s] -- Detecting C compiler ABI info
[0.145s] -- Detecting C compiler ABI info - done
[0.151s] -- Check for working C compiler: /usr/bin/cc - skipped
[0.151s] -- Detecting C compile features
[0.151s] -- Detecting C compile features - done
[0.153s] -- Detecting CXX compiler ABI info
[0.210s] -- Detecting CXX compiler ABI info - done
[0.215s] -- Check for working CXX compiler: /usr/bin/c++ - skipped
[0.215s] -- Detecting CXX compile features
[0.215s] -- Detecting CXX compile features - done
[0.217s] -- Found ament_cmake: 1.3.8 (/opt/ros/humble/share/ament_cmake/cmake)
[0.322s] -- Found Python3: /usr/bin/python3 (found version "3.10.12") found components: Interpreter 
[0.379s] -- Found gazebo_dev: 3.7.0 (/opt/ros/humble/share/gazebo_dev/cmake)
[0.384s] -- Found PkgConfig: /usr/bin/pkg-config (found version "0.29.2") 
[0.387s] -- Checking for module 'bullet>=2.82'
[0.394s] --   Found bullet, version 3.05
[0.477s] -- Found fcl: /usr/include (found suitable version "0.7.0", minimum required is "0.5.0") 
[0.544s] -- Found assimp: /usr/include (found version "5.2.0") 
[0.567s] -- Found DART: /usr/include (Required is at least version "6.6") found components: dart 
[0.680s] -- Found Boost: /usr/lib/x86_64-linux-gnu/cmake/Boost-1.74.0/BoostConfig.cmake (found suitable version "1.74.0", minimum required is "1.40.0") found components: thread system filesystem program_options regex iostreams date_time 
[0.697s] -- Found Protobuf: /usr/lib/x86_64-linux-gnu/libprotobuf.so (found version "3.12.4") 
[0.701s] -- Looking for ignition-math6 -- found version 6.15.1
[0.706s] -- Searching for dependencies of ignition-math6
[0.707s] -- Looking for OGRE...
[0.708s] -- OGRE_PREFIX_WATCH changed.
[0.711s] -- Checking for module 'OGRE'
[0.718s] --   Found OGRE, version 1.9.0
[0.741s] -- Found Ogre Ghadamon (1.9.0)
[0.748s] -- Found OGRE: optimized;/usr/lib/x86_64-linux-gnu/libOgreMain.so;debug;/usr/lib/x86_64-linux-gnu/libOgreMain.so
[0.754s] -- Looking for OGRE_Paging...
[0.758s] -- Found OGRE_Paging: optimized;/usr/lib/x86_64-linux-gnu/libOgrePaging.so;debug;/usr/lib/x86_64-linux-gnu/libOgrePaging.so
[0.758s] -- Looking for OGRE_Terrain...
[0.761s] -- Found OGRE_Terrain: optimized;/usr/lib/x86_64-linux-gnu/libOgreTerrain.so;debug;/usr/lib/x86_64-linux-gnu/libOgreTerrain.so
[0.761s] -- Looking for OGRE_Property...
[0.763s] -- Found OGRE_Property: optimized;/usr/lib/x86_64-linux-gnu/libOgreProperty.so;debug;/usr/lib/x86_64-linux-gnu/libOgreProperty.so
[0.764s] -- Looking for OGRE_RTShaderSystem...
[0.767s] -- Found OGRE_RTShaderSystem: optimized;/usr/lib/x86_64-linux-gnu/libOgreRTShaderSystem.so;debug;/usr/lib/x86_64-linux-gnu/libOgreRTShaderSystem.so
[0.767s] -- Looking for OGRE_Volume...
[0.770s] -- Found OGRE_Volume: optimized;/usr/lib/x86_64-linux-gnu/libOgreVolume.so;debug;/usr/lib/x86_64-linux-gnu/libOgreVolume.so
[0.770s] -- Looking for OGRE_Overlay...
[0.773s] -- Found OGRE_Overlay: optimized;/usr/lib/x86_64-linux-gnu/libOgreOverlay.so;debug;/usr/lib/x86_64-linux-gnu/libOgreOverlay.so
[0.840s] -- Looking for ignition-math6 -- found version 6.15.1
[0.842s] -- Looking for ignition-transport8 -- found version 8.2.1
[0.842s] -- Searching for dependencies of ignition-transport8
[0.854s] -- Found Protobuf: /usr/lib/x86_64-linux-gnu/libprotobuf.so (found suitable version "3.12.4", minimum required is "3") 
[0.861s] -- Config-file not installed for ZeroMQ -- checking for pkg-config
[0.865s] -- Checking for module 'libzmq >= 4'
[0.874s] --   Found libzmq , version 4.3.4
[0.895s] -- Found ZeroMQ: TRUE (Required is at least version "4") 
[0.899s] -- Checking for module 'uuid'
[0.907s] --   Found uuid, version 2.37.2
[0.935s] -- Found UUID: TRUE  
[0.937s] -- Looking for ignition-msgs5 -- found version 5.8.1
[0.938s] -- Searching for dependencies of ignition-msgs5
[0.951s] -- Looking for ignition-math6 -- found version 6.15.1
[0.954s] -- Checking for module 'tinyxml2'
[0.962s] --   Found tinyxml2, version 9.0.0
[0.987s] -- Looking for ignition-msgs5 -- found version 5.8.1
[0.989s] -- Looking for ignition-common3 -- found version 3.14.0
[0.989s] -- Searching for dependencies of ignition-common3
[0.989s] -- Looking for dlfcn.h - found
[0.990s] -- Looking for libdl - found
[0.991s] -- Found DL: TRUE  
[0.998s] -- Found tinyobjloader: /usr/lib/x86_64-linux-gnu/cmake/tinyobjloader/tinyobjloader-config.cmake (found version "2.0.0") 
[0.999s] -- Searching for <ignition-common3> component [graphics]
[1.000s] -- Looking for ignition-common3-graphics -- found version 3.14.0
[1.000s] -- Searching for dependencies of ignition-common3-graphics
[1.001s] -- Looking for ignition-math6 -- found version 6.15.1
[1.003s] -- Looking for ignition-fuel_tools4 -- found version 4.4.0
[1.003s] -- Searching for dependencies of ignition-fuel_tools4
[1.053s] -- Found CURL: /usr/lib/x86_64-linux-gnu/libcurl.so (found version "7.81.0")  
[1.059s] -- Checking for module 'jsoncpp'
[1.066s] --   Found jsoncpp, version 1.9.5
[1.092s] -- Found JSONCPP: TRUE  
[1.098s] -- Checking for module 'libzip'
[1.108s] --   Found libzip, version 1.7.3
[1.130s] -- Found ZIP: TRUE  
[1.130s] -- Looking for ignition-common3 -- found version 3.14.0
[1.131s] -- Looking for ignition-math6 -- found version 6.15.1
[1.131s] -- Looking for ignition-msgs5 -- found version 5.8.1
[1.134s] -- Gazebo version: 11.10
[1.134s] -- Checking for module 'tbb'
[1.144s] --   Found tbb, version 2021.5.0
[1.174s] -- Found gazebo_ros: 3.7.0 (/opt/ros/humble/share/gazebo_ros/cmake)
[1.200s] -- Found rosidl_generator_c: 3.1.5 (/opt/ros/humble/share/rosidl_generator_c/cmake)
[1.203s] -- Found rosidl_adapter: 3.1.5 (/opt/ros/humble/share/rosidl_adapter/cmake)
[1.208s] -- Found rosidl_generator_cpp: 3.1.5 (/opt/ros/humble/share/rosidl_generator_cpp/cmake)
[1.216s] -- Using all available rosidl_typesupport_c: rosidl_typesupport_fastrtps_c;rosidl_typesupport_introspection_c
[1.227s] -- Using all available rosidl_typesupport_cpp: rosidl_typesupport_fastrtps_cpp;rosidl_typesupport_introspection_cpp
[1.275s] -- Found rmw_implementation_cmake: 6.1.1 (/opt/ros/humble/share/rmw_implementation_cmake/cmake)
[1.277s] -- Found rmw_fastrtps_cpp: 6.2.6 (/opt/ros/humble/share/rmw_fastrtps_cpp/cmake)
[1.347s] -- Found OpenSSL: /usr/lib/x86_64-linux-gnu/libcrypto.so (found version "3.0.2")  
[1.363s] -- Found FastRTPS: /opt/ros/humble/include  
[1.393s] -- Using RMW implementation 'rmw_fastrtps_cpp' as default
[1.400s] -- Found Threads: TRUE  
[1.511s] -- Found geometry_msgs: 4.2.3 (/opt/ros/humble/share/geometry_msgs/cmake)
[1.543s] -- Found nav_msgs: 4.2.3 (/opt/ros/humble/share/nav_msgs/cmake)
[1.599s] -- Found std_srvs: 4.2.3 (/opt/ros/humble/share/std_srvs/cmake)
[1.612s] -- Found tf2: 0.25.6 (/opt/ros/humble/share/tf2/cmake)
[1.622s] -- Found tf2_ros: 0.25.6 (/opt/ros/humble/share/tf2_ros/cmake)
[1.841s] -- Found eufs_msgs: 2.0.0 (/home/unai/FSB/fsb_sim/install/eufs_msgs/share/eufs_msgs/cmake)
[2.009s] -- Found visualization_msgs: 4.2.3 (/opt/ros/humble/share/visualization_msgs/cmake)
[2.088s] -- Found eufs_models: 2.0.0 (/home/unai/FSB/fsb_sim/install/eufs_models/share/eufs_models/cmake)
[2.094s] -- Found ackermann_msgs: 2.0.2 (/opt/ros/humble/share/ackermann_msgs/cmake)
[2.208s] -- Configuring done
[2.253s] -- Generating done
[2.254s] -- Build files have been written to: /home/unai/FSB/fsb_sim/build/eufs_plugins
[2.265s] Invoked command in '/home/unai/FSB/fsb_sim/build/eufs_plugins' returned '0': AMENT_PREFIX_PATH=/home/unai/FSB/fsb_sim/install/eufs_models:/home/unai/FSB/fsb_sim/install/eufs_msgs:${AMENT_PREFIX_PATH} CMAKE_PREFIX_PATH=/home/unai/FSB/fsb_sim/install/eufs_models:/home/unai/FSB/fsb_sim/install/eufs_msgs:/opt/ros/humble LD_LIBRARY_PATH=/home/unai/FSB/fsb_sim/install/eufs_models/lib:/home/unai/FSB/fsb_sim/install/eufs_msgs/lib:${LD_LIBRARY_PATH} PYTHONPATH=/home/unai/FSB/fsb_sim/install/eufs_msgs/local/lib/python3.10/dist-packages:${PYTHONPATH} /usr/bin/cmake /home/unai/FSB/fsb_sim/eufs_plugins -DCMAKE_INSTALL_PREFIX=/home/unai/FSB/fsb_sim/install/eufs_plugins
[2.266s] Invoking command in '/home/unai/FSB/fsb_sim/build/eufs_plugins': AMENT_PREFIX_PATH=/home/unai/FSB/fsb_sim/install/eufs_models:/home/unai/FSB/fsb_sim/install/eufs_msgs:${AMENT_PREFIX_PATH} CMAKE_PREFIX_PATH=/home/unai/FSB/fsb_sim/install/eufs_models:/home/unai/FSB/fsb_sim/install/eufs_msgs:/opt/ros/humble LD_LIBRARY_PATH=/home/unai/FSB/fsb_sim/install/eufs_models/lib:/home/unai/FSB/fsb_sim/install/eufs_msgs/lib:${LD_LIBRARY_PATH} PYTHONPATH=/home/unai/FSB/fsb_sim/install/eufs_msgs/local/lib/python3.10/dist-packages:${PYTHONPATH} /usr/bin/cmake --build /home/unai/FSB/fsb_sim/build/eufs_plugins -- -j8 -l8
[2.309s] [ 60%] [32mBuilding CXX object gazebo_race_car_model/CMakeFiles/gazebo_race_car_model.dir/src/gazebo_ros_race_car_model.cpp.o[0m
[2.309s] [ 60%] [32mBuilding CXX object gazebo_cone_ground_truth/CMakeFiles/gazebo_cone_ground_truth.dir/src/gazebo_cone_ground_truth.cpp.o[0m
[2.309s] [ 60%] [32mBuilding CXX object gazebo_race_car_model/CMakeFiles/gazebo_race_car_model.dir/src/state_machine.cpp.o[0m
[14.083s] [ 80%] [32m[1mLinking CXX shared library libgazebo_cone_ground_truth.so[0m
[14.577s] [ 80%] Built target gazebo_cone_ground_truth
[17.934s] [100%] [32m[1mLinking CXX shared library libgazebo_race_car_model.so[0m
[19.036s] [100%] Built target gazebo_race_car_model
[19.043s] Invoked command in '/home/unai/FSB/fsb_sim/build/eufs_plugins' returned '0': AMENT_PREFIX_PATH=/home/unai/FSB/fsb_sim/install/eufs_models:/home/unai/FSB/fsb_sim/install/eufs_msgs:${AMENT_PREFIX_PATH} CMAKE_PREFIX_PATH=/home/unai/FSB/fsb_sim/install/eufs_models:/home/unai/FSB/fsb_sim/install/eufs_msgs:/opt/ros/humble LD_LIBRARY_PATH=/home/unai/FSB/fsb_sim/install/eufs_models/lib:/home/unai/FSB/fsb_sim/install/eufs_msgs/lib:${LD_LIBRARY_PATH} PYTHONPATH=/home/unai/FSB/fsb_sim/install/eufs_msgs/local/lib/python3.10/dist-packages:${PYTHONPATH} /usr/bin/cmake --build /home/unai/FSB/fsb_sim/build/eufs_plugins -- -j8 -l8
[19.060s] Invoking command in '/home/unai/FSB/fsb_sim/build/eufs_plugins': AMENT_PREFIX_PATH=/home/unai/FSB/fsb_sim/install/eufs_models:/home/unai/FSB/fsb_sim/install/eufs_msgs:${AMENT_PREFIX_PATH} CMAKE_PREFIX_PATH=/home/unai/FSB/fsb_sim/install/eufs_models:/home/unai/FSB/fsb_sim/install/eufs_msgs:/opt/ros/humble LD_LIBRARY_PATH=/home/unai/FSB/fsb_sim/install/eufs_models/lib:/home/unai/FSB/fsb_sim/install/eufs_msgs/lib:${LD_LIBRARY_PATH} PYTHONPATH=/home/unai/FSB/fsb_sim/install/eufs_msgs/local/lib/python3.10/dist-packages:${PYTHONPATH} /usr/bin/cmake --install /home/unai/FSB/fsb_sim/build/eufs_plugins
[19.069s] -- Install configuration: ""
[19.069s] -- Installing: /home/unai/FSB/fsb_sim/install/eufs_plugins/share/eufs_plugins/environment/library_path.sh
[19.069s] -- Installing: /home/unai/FSB/fsb_sim/install/eufs_plugins/share/eufs_plugins/environment/library_path.dsv
[19.069s] -- Installing: /home/unai/FSB/fsb_sim/install/eufs_plugins/share/eufs_plugins/urdf
[19.069s] -- Installing: /home/unai/FSB/fsb_sim/install/eufs_plugins/share/eufs_plugins/urdf/eufs_plugins.gazebo.xacro
[19.069s] -- Installing: /home/unai/FSB/fsb_sim/install/eufs_plugins/share/ament_index/resource_index/package_run_dependencies/eufs_plugins
[19.069s] -- Installing: /home/unai/FSB/fsb_sim/install/eufs_plugins/share/ament_index/resource_index/parent_prefix_path/eufs_plugins
[19.070s] -- Installing: /home/unai/FSB/fsb_sim/install/eufs_plugins/share/eufs_plugins/environment/ament_prefix_path.sh
[19.070s] -- Installing: /home/unai/FSB/fsb_sim/install/eufs_plugins/share/eufs_plugins/environment/ament_prefix_path.dsv
[19.070s] -- Installing: /home/unai/FSB/fsb_sim/install/eufs_plugins/share/eufs_plugins/environment/path.sh
[19.070s] -- Installing: /home/unai/FSB/fsb_sim/install/eufs_plugins/share/eufs_plugins/environment/path.dsv
[19.070s] -- Installing: /home/unai/FSB/fsb_sim/install/eufs_plugins/share/eufs_plugins/local_setup.bash
[19.070s] -- Installing: /home/unai/FSB/fsb_sim/install/eufs_plugins/share/eufs_plugins/local_setup.sh
[19.070s] -- Installing: /home/unai/FSB/fsb_sim/install/eufs_plugins/share/eufs_plugins/local_setup.zsh
[19.070s] -- Installing: /home/unai/FSB/fsb_sim/install/eufs_plugins/share/eufs_plugins/local_setup.dsv
[19.070s] -- Installing: /home/unai/FSB/fsb_sim/install/eufs_plugins/share/eufs_plugins/package.dsv
[19.071s] -- Installing: /home/unai/FSB/fsb_sim/install/eufs_plugins/share/ament_index/resource_index/packages/eufs_plugins
[19.071s] -- Installing: /home/unai/FSB/fsb_sim/install/eufs_plugins/share/eufs_plugins/cmake/ament_cmake_export_libraries-extras.cmake
[19.071s] -- Installing: /home/unai/FSB/fsb_sim/install/eufs_plugins/share/eufs_plugins/cmake/ament_cmake_export_include_directories-extras.cmake
[19.071s] -- Installing: /home/unai/FSB/fsb_sim/install/eufs_plugins/share/eufs_plugins/cmake/ament_cmake_export_dependencies-extras.cmake
[19.071s] -- Installing: /home/unai/FSB/fsb_sim/install/eufs_plugins/share/eufs_plugins/cmake/eufs_pluginsConfig.cmake
[19.071s] -- Installing: /home/unai/FSB/fsb_sim/install/eufs_plugins/share/eufs_plugins/cmake/eufs_pluginsConfig-version.cmake
[19.071s] -- Installing: /home/unai/FSB/fsb_sim/install/eufs_plugins/share/eufs_plugins/package.xml
[19.071s] -- Up-to-date: /home/unai/FSB/fsb_sim/install/eufs_plugins/share/eufs_plugins/environment/library_path.sh
[19.071s] -- Up-to-date: /home/unai/FSB/fsb_sim/install/eufs_plugins/share/eufs_plugins/environment/library_path.dsv
[19.071s] -- Installing: /home/unai/FSB/fsb_sim/install/eufs_plugins/lib/libgazebo_cone_ground_truth.so
[19.075s] -- Set runtime path of "/home/unai/FSB/fsb_sim/install/eufs_plugins/lib/libgazebo_cone_ground_truth.so" to ""
[19.075s] -- Up-to-date: /home/unai/FSB/fsb_sim/install/eufs_plugins/share/eufs_plugins/environment/library_path.sh
[19.075s] -- Up-to-date: /home/unai/FSB/fsb_sim/install/eufs_plugins/share/eufs_plugins/environment/library_path.dsv
[19.075s] -- Installing: /home/unai/FSB/fsb_sim/install/eufs_plugins/lib/libgazebo_race_car_model.so
[19.084s] -- Set runtime path of "/home/unai/FSB/fsb_sim/install/eufs_plugins/lib/libgazebo_race_car_model.so" to ""
[19.086s] Invoked command in '/home/unai/FSB/fsb_sim/build/eufs_plugins' returned '0': AMENT_PREFIX_PATH=/home/unai/FSB/fsb_sim/install/eufs_models:/home/unai/FSB/fsb_sim/install/eufs_msgs:${AMENT_PREFIX_PATH} CMAKE_PREFIX_PATH=/home/unai/FSB/fsb_sim/install/eufs_models:/home/unai/FSB/fsb_sim/install/eufs_msgs:/opt/ros/humble LD_LIBRARY_PATH=/home/unai/FSB/fsb_sim/install/eufs_models/lib:/home/unai/FSB/fsb_sim/install/eufs_msgs/lib:${LD_LIBRARY_PATH} PYTHONPATH=/home/unai/FSB/fsb_sim/install/eufs_msgs/local/lib/python3.10/dist-packages:${PYTHONPATH} /usr/bin/cmake --install /home/unai/FSB/fsb_sim/build/eufs_plugins
