-- Install configuration: ""
-- Installing: /home/unai/FSB/fsb_sim/install/eufs_sensors/share/eufs_sensors/meshes
-- Installing: /home/unai/FSB/fsb_sim/install/eufs_sensors/share/eufs_sensors/meshes/antenna_3GO16.stl
-- Installing: /home/unai/FSB/fsb_sim/install/eufs_sensors/share/eufs_sensors/meshes/VLP16_scan.dae
-- Installing: /home/unai/FSB/fsb_sim/install/eufs_sensors/share/eufs_sensors/meshes/VLP16_base_1.dae
-- Installing: /home/unai/FSB/fsb_sim/install/eufs_sensors/share/eufs_sensors/meshes/antenna_3GO16.dae
-- Installing: /home/unai/FSB/fsb_sim/install/eufs_sensors/share/eufs_sensors/meshes/zed.dae
-- Installing: /home/unai/FSB/fsb_sim/install/eufs_sensors/share/eufs_sensors/meshes/VLP16_base_2.dae
-- Installing: /home/unai/FSB/fsb_sim/install/eufs_sensors/share/eufs_sensors/urdf
-- Installing: /home/unai/FSB/fsb_sim/install/eufs_sensors/share/eufs_sensors/urdf/zed.urdf.xacro
-- Installing: /home/unai/FSB/fsb_sim/install/eufs_sensors/share/eufs_sensors/urdf/VLP-16R.urdf.xacro
-- Installing: /home/unai/FSB/fsb_sim/install/eufs_sensors/share/eufs_sensors/urdf/gps.urdf.xacro
-- Installing: /home/unai/FSB/fsb_sim/install/eufs_sensors/share/eufs_sensors/urdf/imu.urdf.xacro
-- Installing: /home/unai/FSB/fsb_sim/install/eufs_sensors/share/eufs_sensors/urdf/all_sensors.urdf.xacro
-- Installing: /home/unai/FSB/fsb_sim/install/eufs_sensors/share/ament_index/resource_index/package_run_dependencies/eufs_sensors
-- Installing: /home/unai/FSB/fsb_sim/install/eufs_sensors/share/ament_index/resource_index/parent_prefix_path/eufs_sensors
-- Installing: /home/unai/FSB/fsb_sim/install/eufs_sensors/share/eufs_sensors/environment/ament_prefix_path.sh
-- Installing: /home/unai/FSB/fsb_sim/install/eufs_sensors/share/eufs_sensors/environment/ament_prefix_path.dsv
-- Installing: /home/unai/FSB/fsb_sim/install/eufs_sensors/share/eufs_sensors/environment/path.sh
-- Installing: /home/unai/FSB/fsb_sim/install/eufs_sensors/share/eufs_sensors/environment/path.dsv
-- Installing: /home/unai/FSB/fsb_sim/install/eufs_sensors/share/eufs_sensors/local_setup.bash
-- Installing: /home/unai/FSB/fsb_sim/install/eufs_sensors/share/eufs_sensors/local_setup.sh
-- Installing: /home/unai/FSB/fsb_sim/install/eufs_sensors/share/eufs_sensors/local_setup.zsh
-- Installing: /home/unai/FSB/fsb_sim/install/eufs_sensors/share/eufs_sensors/local_setup.dsv
-- Installing: /home/unai/FSB/fsb_sim/install/eufs_sensors/share/eufs_sensors/package.dsv
-- Installing: /home/unai/FSB/fsb_sim/install/eufs_sensors/share/ament_index/resource_index/packages/eufs_sensors
-- Installing: /home/unai/FSB/fsb_sim/install/eufs_sensors/share/eufs_sensors/cmake/ament_cmake_export_dependencies-extras.cmake
-- Installing: /home/unai/FSB/fsb_sim/install/eufs_sensors/share/eufs_sensors/cmake/eufs_sensorsConfig.cmake
-- Installing: /home/unai/FSB/fsb_sim/install/eufs_sensors/share/eufs_sensors/cmake/eufs_sensorsConfig-version.cmake
-- Installing: /home/unai/FSB/fsb_sim/install/eufs_sensors/share/eufs_sensors/package.xml
