[0.414s] Invoking command in '/home/unai/FSB/fsb_sim/build/eufs_sensors': CMAKE_PREFIX_PATH=/opt/ros/humble /usr/bin/cmake --build /home/unai/FSB/fsb_sim/build/eufs_sensors -- -j8 -l8
[0.439s] Invoked command in '/home/unai/FSB/fsb_sim/build/eufs_sensors' returned '0': CMAKE_PREFIX_PATH=/opt/ros/humble /usr/bin/cmake --build /home/unai/FSB/fsb_sim/build/eufs_sensors -- -j8 -l8
[0.461s] Invoking command in '/home/unai/FSB/fsb_sim/build/eufs_sensors': CMAKE_PREFIX_PATH=/opt/ros/humble /usr/bin/cmake --install /home/unai/FSB/fsb_sim/build/eufs_sensors
[0.466s] -- Install configuration: ""
[0.466s] -- Installing: /home/unai/FSB/fsb_sim/install/eufs_sensors/share/eufs_sensors/meshes
[0.466s] -- Installing: /home/unai/FSB/fsb_sim/install/eufs_sensors/share/eufs_sensors/meshes/antenna_3GO16.stl
[0.466s] -- Installing: /home/unai/FSB/fsb_sim/install/eufs_sensors/share/eufs_sensors/meshes/VLP16_scan.dae
[0.466s] -- Installing: /home/unai/FSB/fsb_sim/install/eufs_sensors/share/eufs_sensors/meshes/VLP16_base_1.dae
[0.467s] -- Installing: /home/unai/FSB/fsb_sim/install/eufs_sensors/share/eufs_sensors/meshes/antenna_3GO16.dae
[0.467s] -- Installing: /home/unai/FSB/fsb_sim/install/eufs_sensors/share/eufs_sensors/meshes/zed.dae
[0.467s] -- Installing: /home/unai/FSB/fsb_sim/install/eufs_sensors/share/eufs_sensors/meshes/VLP16_base_2.dae
[0.467s] -- Installing: /home/unai/FSB/fsb_sim/install/eufs_sensors/share/eufs_sensors/urdf
[0.467s] -- Installing: /home/unai/FSB/fsb_sim/install/eufs_sensors/share/eufs_sensors/urdf/zed.urdf.xacro
[0.467s] -- Installing: /home/unai/FSB/fsb_sim/install/eufs_sensors/share/eufs_sensors/urdf/VLP-16R.urdf.xacro
[0.468s] -- Installing: /home/unai/FSB/fsb_sim/install/eufs_sensors/share/eufs_sensors/urdf/gps.urdf.xacro
[0.468s] -- Installing: /home/unai/FSB/fsb_sim/install/eufs_sensors/share/eufs_sensors/urdf/imu.urdf.xacro
[0.468s] -- Installing: /home/unai/FSB/fsb_sim/install/eufs_sensors/share/eufs_sensors/urdf/all_sensors.urdf.xacro
[0.468s] -- Installing: /home/unai/FSB/fsb_sim/install/eufs_sensors/share/ament_index/resource_index/package_run_dependencies/eufs_sensors
[0.468s] -- Installing: /home/unai/FSB/fsb_sim/install/eufs_sensors/share/ament_index/resource_index/parent_prefix_path/eufs_sensors
[0.468s] -- Installing: /home/unai/FSB/fsb_sim/install/eufs_sensors/share/eufs_sensors/environment/ament_prefix_path.sh
[0.468s] -- Installing: /home/unai/FSB/fsb_sim/install/eufs_sensors/share/eufs_sensors/environment/ament_prefix_path.dsv
[0.468s] -- Installing: /home/unai/FSB/fsb_sim/install/eufs_sensors/share/eufs_sensors/environment/path.sh
[0.468s] -- Installing: /home/unai/FSB/fsb_sim/install/eufs_sensors/share/eufs_sensors/environment/path.dsv
[0.468s] -- Installing: /home/unai/FSB/fsb_sim/install/eufs_sensors/share/eufs_sensors/local_setup.bash
[0.468s] -- Installing: /home/unai/FSB/fsb_sim/install/eufs_sensors/share/eufs_sensors/local_setup.sh
[0.469s] -- Installing: /home/unai/FSB/fsb_sim/install/eufs_sensors/share/eufs_sensors/local_setup.zsh
[0.469s] -- Installing: /home/unai/FSB/fsb_sim/install/eufs_sensors/share/eufs_sensors/local_setup.dsv
[0.469s] -- Installing: /home/unai/FSB/fsb_sim/install/eufs_sensors/share/eufs_sensors/package.dsv
[0.469s] -- Installing: /home/unai/FSB/fsb_sim/install/eufs_sensors/share/ament_index/resource_index/packages/eufs_sensors
[0.469s] -- Installing: /home/unai/FSB/fsb_sim/install/eufs_sensors/share/eufs_sensors/cmake/ament_cmake_export_dependencies-extras.cmake
[0.469s] -- Installing: /home/unai/FSB/fsb_sim/install/eufs_sensors/share/eufs_sensors/cmake/eufs_sensorsConfig.cmake
[0.469s] -- Installing: /home/unai/FSB/fsb_sim/install/eufs_sensors/share/eufs_sensors/cmake/eufs_sensorsConfig-version.cmake
[0.469s] -- Installing: /home/unai/FSB/fsb_sim/install/eufs_sensors/share/eufs_sensors/package.xml
[0.471s] Invoked command in '/home/unai/FSB/fsb_sim/build/eufs_sensors' returned '0': CMAKE_PREFIX_PATH=/opt/ros/humble /usr/bin/cmake --install /home/unai/FSB/fsb_sim/build/eufs_sensors
