/home/unai/FSB/fsb_sim/install/eufs_tracks/lib/python3.10/site-packages/eufs_tracks/TrackGenerator.py
/home/unai/FSB/fsb_sim/install/eufs_tracks/lib/python3.10/site-packages/eufs_tracks/ConversionTools.py
/home/unai/FSB/fsb_sim/install/eufs_tracks/lib/python3.10/site-packages/eufs_tracks/__init__.py
/home/unai/FSB/fsb_sim/install/eufs_tracks/lib/python3.10/site-packages/eufs_tracks/TrackGeneratorModule.py
/home/unai/FSB/fsb_sim/install/eufs_tracks/lib/python3.10/site-packages/eufs_tracks/LauncherUtilities.py
/home/unai/FSB/fsb_sim/install/eufs_tracks/lib/python3.10/site-packages/eufs_tracks/track_gen.py
/home/unai/FSB/fsb_sim/install/eufs_tracks/lib/python3.10/site-packages/eufs_tracks/__pycache__/TrackGenerator.cpython-310.pyc
/home/unai/FSB/fsb_sim/install/eufs_tracks/lib/python3.10/site-packages/eufs_tracks/__pycache__/ConversionTools.cpython-310.pyc
/home/unai/FSB/fsb_sim/install/eufs_tracks/lib/python3.10/site-packages/eufs_tracks/__pycache__/__init__.cpython-310.pyc
/home/unai/FSB/fsb_sim/install/eufs_tracks/lib/python3.10/site-packages/eufs_tracks/__pycache__/TrackGeneratorModule.cpython-310.pyc
/home/unai/FSB/fsb_sim/install/eufs_tracks/lib/python3.10/site-packages/eufs_tracks/__pycache__/LauncherUtilities.cpython-310.pyc
/home/unai/FSB/fsb_sim/install/eufs_tracks/lib/python3.10/site-packages/eufs_tracks/__pycache__/track_gen.cpython-310.pyc
/home/unai/FSB/fsb_sim/install/eufs_tracks/share/eufs_tracks/package.xml
/home/unai/FSB/fsb_sim/install/eufs_tracks/share/eufs_tracks/plugin.xml
/home/unai/FSB/fsb_sim/install/eufs_tracks/share/ament_index/resource_index/packages/eufs_tracks
/home/unai/FSB/fsb_sim/install/eufs_tracks/share/eufs_tracks/csv/garden_light.csv
/home/unai/FSB/fsb_sim/install/eufs_tracks/share/eufs_tracks/csv/hairpins_increasing_difficulty.csv
/home/unai/FSB/fsb_sim/install/eufs_tracks/share/eufs_tracks/csv/peanut.csv
/home/unai/FSB/fsb_sim/install/eufs_tracks/share/eufs_tracks/csv/rectangle.csv
/home/unai/FSB/fsb_sim/install/eufs_tracks/share/eufs_tracks/csv/acceleration.csv
/home/unai/FSB/fsb_sim/install/eufs_tracks/share/eufs_tracks/csv/boa_constrictor.csv
/home/unai/FSB/fsb_sim/install/eufs_tracks/share/eufs_tracks/csv/its_a_mess.csv
/home/unai/FSB/fsb_sim/install/eufs_tracks/share/eufs_tracks/csv/rand.csv
/home/unai/FSB/fsb_sim/install/eufs_tracks/share/eufs_tracks/csv/small_track.csv
/home/unai/FSB/fsb_sim/install/eufs_tracks/share/eufs_tracks/csv/bone.csv
/home/unai/FSB/fsb_sim/install/eufs_tracks/share/eufs_tracks/csv/comp_2021.csv
/home/unai/FSB/fsb_sim/install/eufs_tracks/share/eufs_tracks/csv/skidpad.csv
/home/unai/FSB/fsb_sim/install/eufs_tracks/share/eufs_tracks/image/skidpad.png
/home/unai/FSB/fsb_sim/install/eufs_tracks/share/eufs_tracks/image/comp_2021.png
/home/unai/FSB/fsb_sim/install/eufs_tracks/share/eufs_tracks/launch/eufs_track_generator.launch.py
/home/unai/FSB/fsb_sim/install/eufs_tracks/share/eufs_tracks/launch/rectangle.launch
/home/unai/FSB/fsb_sim/install/eufs_tracks/share/eufs_tracks/launch/acceleration.launch
/home/unai/FSB/fsb_sim/install/eufs_tracks/share/eufs_tracks/launch/peanut.launch
/home/unai/FSB/fsb_sim/install/eufs_tracks/share/eufs_tracks/launch/small_track.launch
/home/unai/FSB/fsb_sim/install/eufs_tracks/share/eufs_tracks/launch/comp_2021.launch
/home/unai/FSB/fsb_sim/install/eufs_tracks/share/eufs_tracks/launch/rand.launch
/home/unai/FSB/fsb_sim/install/eufs_tracks/share/eufs_tracks/launch/its_a_mess.launch
/home/unai/FSB/fsb_sim/install/eufs_tracks/share/eufs_tracks/launch/skidpad.launch
/home/unai/FSB/fsb_sim/install/eufs_tracks/share/eufs_tracks/launch/hairpins_increasing_difficulty.launch
/home/unai/FSB/fsb_sim/install/eufs_tracks/share/eufs_tracks/launch/garden_light.launch
/home/unai/FSB/fsb_sim/install/eufs_tracks/share/eufs_tracks/launch/empty.launch
/home/unai/FSB/fsb_sim/install/eufs_tracks/share/eufs_tracks/launch/boa_constrictor.launch
/home/unai/FSB/fsb_sim/install/eufs_tracks/share/eufs_tracks/launch/blacklist.txt
/home/unai/FSB/fsb_sim/install/eufs_tracks/share/eufs_tracks/materials/asphalt.jpg
/home/unai/FSB/fsb_sim/install/eufs_tracks/share/eufs_tracks/meshes/cone_yellow.dae
/home/unai/FSB/fsb_sim/install/eufs_tracks/share/eufs_tracks/meshes/NoiseCube.dae
/home/unai/FSB/fsb_sim/install/eufs_tracks/share/eufs_tracks/meshes/cone_blue.dae
/home/unai/FSB/fsb_sim/install/eufs_tracks/share/eufs_tracks/meshes/MonkeyNoise.dae
/home/unai/FSB/fsb_sim/install/eufs_tracks/share/eufs_tracks/meshes/cone_big.dae
/home/unai/FSB/fsb_sim/install/eufs_tracks/share/eufs_tracks/meshes/cone.dae
/home/unai/FSB/fsb_sim/install/eufs_tracks/share/eufs_tracks/worlds/acceleration.world
/home/unai/FSB/fsb_sim/install/eufs_tracks/share/eufs_tracks/worlds/its_a_mess.world
/home/unai/FSB/fsb_sim/install/eufs_tracks/share/eufs_tracks/worlds/rand.world
/home/unai/FSB/fsb_sim/install/eufs_tracks/share/eufs_tracks/worlds/comp_2021.world
/home/unai/FSB/fsb_sim/install/eufs_tracks/share/eufs_tracks/worlds/boa_constrictor.world
/home/unai/FSB/fsb_sim/install/eufs_tracks/share/eufs_tracks/worlds/small_track.world
/home/unai/FSB/fsb_sim/install/eufs_tracks/share/eufs_tracks/worlds/garden_light.world
/home/unai/FSB/fsb_sim/install/eufs_tracks/share/eufs_tracks/worlds/rectangle.world
/home/unai/FSB/fsb_sim/install/eufs_tracks/share/eufs_tracks/worlds/skidpad.world
/home/unai/FSB/fsb_sim/install/eufs_tracks/share/eufs_tracks/worlds/hairpins_increasing_difficulty.world
/home/unai/FSB/fsb_sim/install/eufs_tracks/share/eufs_tracks/worlds/peanut.world
/home/unai/FSB/fsb_sim/install/eufs_tracks/share/eufs_tracks/resource/randgen_model_template/model.sdf
/home/unai/FSB/fsb_sim/install/eufs_tracks/share/eufs_tracks/resource/randgen_model_template/model.config
/home/unai/FSB/fsb_sim/install/eufs_tracks/share/eufs_tracks/resource/noiseFiles.txt
/home/unai/FSB/fsb_sim/install/eufs_tracks/share/eufs_tracks/resource/randgen_launch_template
/home/unai/FSB/fsb_sim/install/eufs_tracks/share/eufs_tracks/resource/randgen_world_template
/home/unai/FSB/fsb_sim/install/eufs_tracks/share/eufs_tracks/resource/track_generator.ui
/home/unai/FSB/fsb_sim/install/eufs_tracks/share/eufs_tracks/models/small_track/model.sdf
/home/unai/FSB/fsb_sim/install/eufs_tracks/share/eufs_tracks/models/small_track/model.config
/home/unai/FSB/fsb_sim/install/eufs_tracks/share/eufs_tracks/models/skidpad/model.sdf
/home/unai/FSB/fsb_sim/install/eufs_tracks/share/eufs_tracks/models/skidpad/model.config
/home/unai/FSB/fsb_sim/install/eufs_tracks/share/eufs_tracks/models/rand/model.sdf
/home/unai/FSB/fsb_sim/install/eufs_tracks/share/eufs_tracks/models/rand/model.config
/home/unai/FSB/fsb_sim/install/eufs_tracks/share/eufs_tracks/models/blue_cone/model.sdf
/home/unai/FSB/fsb_sim/install/eufs_tracks/share/eufs_tracks/models/blue_cone/model.config
/home/unai/FSB/fsb_sim/install/eufs_tracks/share/eufs_tracks/models/big_cone/model.sdf
/home/unai/FSB/fsb_sim/install/eufs_tracks/share/eufs_tracks/models/big_cone/model.config
/home/unai/FSB/fsb_sim/install/eufs_tracks/share/eufs_tracks/models/rectangle/model.sdf
/home/unai/FSB/fsb_sim/install/eufs_tracks/share/eufs_tracks/models/rectangle/model.config
/home/unai/FSB/fsb_sim/install/eufs_tracks/share/eufs_tracks/models/garden_light/model.sdf
/home/unai/FSB/fsb_sim/install/eufs_tracks/share/eufs_tracks/models/garden_light/model.config
/home/unai/FSB/fsb_sim/install/eufs_tracks/share/eufs_tracks/models/peanut/model.sdf
/home/unai/FSB/fsb_sim/install/eufs_tracks/share/eufs_tracks/models/peanut/model.config
/home/unai/FSB/fsb_sim/install/eufs_tracks/share/eufs_tracks/models/yellow_cone/model.sdf
/home/unai/FSB/fsb_sim/install/eufs_tracks/share/eufs_tracks/models/yellow_cone/model.config
/home/unai/FSB/fsb_sim/install/eufs_tracks/share/eufs_tracks/models/hairpins_increasing_difficulty/model.sdf
/home/unai/FSB/fsb_sim/install/eufs_tracks/share/eufs_tracks/models/hairpins_increasing_difficulty/model.config
/home/unai/FSB/fsb_sim/install/eufs_tracks/share/eufs_tracks/models/boa_constrictor/model.sdf
/home/unai/FSB/fsb_sim/install/eufs_tracks/share/eufs_tracks/models/boa_constrictor/model.config
/home/unai/FSB/fsb_sim/install/eufs_tracks/share/eufs_tracks/models/ground_plane/model.sdf
/home/unai/FSB/fsb_sim/install/eufs_tracks/share/eufs_tracks/models/ground_plane/model.config
/home/unai/FSB/fsb_sim/install/eufs_tracks/share/eufs_tracks/models/its_a_mess/model.sdf
/home/unai/FSB/fsb_sim/install/eufs_tracks/share/eufs_tracks/models/its_a_mess/model.config
/home/unai/FSB/fsb_sim/install/eufs_tracks/share/eufs_tracks/models/comp_2021/model.sdf
/home/unai/FSB/fsb_sim/install/eufs_tracks/share/eufs_tracks/models/comp_2021/model.config
/home/unai/FSB/fsb_sim/install/eufs_tracks/share/eufs_tracks/models/orange_cone/model.sdf
/home/unai/FSB/fsb_sim/install/eufs_tracks/share/eufs_tracks/models/orange_cone/model.config
/home/unai/FSB/fsb_sim/install/eufs_tracks/share/eufs_tracks/models/acceleration/model.sdf
/home/unai/FSB/fsb_sim/install/eufs_tracks/share/eufs_tracks/models/acceleration/model.config
/home/unai/FSB/fsb_sim/install/eufs_tracks/lib/python3.10/site-packages/eufs_tracks-2.0.0-py3.10.egg-info/PKG-INFO
/home/unai/FSB/fsb_sim/install/eufs_tracks/lib/python3.10/site-packages/eufs_tracks-2.0.0-py3.10.egg-info/requires.txt
/home/unai/FSB/fsb_sim/install/eufs_tracks/lib/python3.10/site-packages/eufs_tracks-2.0.0-py3.10.egg-info/SOURCES.txt
/home/unai/FSB/fsb_sim/install/eufs_tracks/lib/python3.10/site-packages/eufs_tracks-2.0.0-py3.10.egg-info/top_level.txt
/home/unai/FSB/fsb_sim/install/eufs_tracks/lib/python3.10/site-packages/eufs_tracks-2.0.0-py3.10.egg-info/dependency_links.txt
/home/unai/FSB/fsb_sim/install/eufs_tracks/lib/python3.10/site-packages/eufs_tracks-2.0.0-py3.10.egg-info/zip-safe
/home/unai/FSB/fsb_sim/install/eufs_tracks/lib/eufs_tracks/eufs_tracks
