[0.701s] Invoking command in '/home/unai/FSB/fsb_sim/eufs_racecar': PYTHONPATH=/home/unai/FSB/fsb_sim/build/eufs_racecar/prefix_override:/home/unai/FSB/fsb_sim/install/eufs_racecar/lib/python3.10/site-packages:${PYTHONPATH} /usr/bin/python3 -W ignore:setup.py install is deprecated setup.py egg_info --egg-base ../build/eufs_racecar build --build-base /home/unai/FSB/fsb_sim/build/eufs_racecar/build install --record /home/unai/FSB/fsb_sim/build/eufs_racecar/install.log --single-version-externally-managed install_data
[0.871s] running egg_info
[0.871s] creating ../build/eufs_racecar/eufs_racecar.egg-info
[0.871s] writing ../build/eufs_racecar/eufs_racecar.egg-info/PKG-INFO
[0.872s] writing dependency_links to ../build/eufs_racecar/eufs_racecar.egg-info/dependency_links.txt
[0.872s] writing requirements to ../build/eufs_racecar/eufs_racecar.egg-info/requires.txt
[0.872s] writing top-level names to ../build/eufs_racecar/eufs_racecar.egg-info/top_level.txt
[0.872s] writing manifest file '../build/eufs_racecar/eufs_racecar.egg-info/SOURCES.txt'
[0.872s] reading manifest file '../build/eufs_racecar/eufs_racecar.egg-info/SOURCES.txt'
[0.873s] writing manifest file '../build/eufs_racecar/eufs_racecar.egg-info/SOURCES.txt'
[0.873s] running build
[0.873s] running install
[0.873s] running install_data
[0.873s] creating /home/unai/FSB/fsb_sim/install/eufs_racecar/share/ament_index
[0.873s] creating /home/unai/FSB/fsb_sim/install/eufs_racecar/share/ament_index/resource_index
[0.874s] creating /home/unai/FSB/fsb_sim/install/eufs_racecar/share/ament_index/resource_index/packages
[0.874s] copying resource/eufs_racecar -> /home/unai/FSB/fsb_sim/install/eufs_racecar/share/ament_index/resource_index/packages
[0.874s] copying package.xml -> /home/unai/FSB/fsb_sim/install/eufs_racecar/share/eufs_racecar
[0.874s] creating /home/unai/FSB/fsb_sim/install/eufs_racecar/share/eufs_racecar/meshes
[0.874s] copying meshes/sisu-20d.dae -> /home/unai/FSB/fsb_sim/install/eufs_racecar/share/eufs_racecar/meshes
[0.885s] copying meshes/ads-dv.dae -> /home/unai/FSB/fsb_sim/install/eufs_racecar/share/eufs_racecar/meshes
[0.887s] copying meshes/wheel_right.dae -> /home/unai/FSB/fsb_sim/install/eufs_racecar/share/eufs_racecar/meshes
[0.888s] copying meshes/wheel_left.dae -> /home/unai/FSB/fsb_sim/install/eufs_racecar/share/eufs_racecar/meshes
[0.888s] creating /home/unai/FSB/fsb_sim/install/eufs_racecar/share/eufs_racecar/urdf
[0.888s] copying urdf/eufs_base.urdf.xacro -> /home/unai/FSB/fsb_sim/install/eufs_racecar/share/eufs_racecar/urdf
[0.888s] copying urdf/wheels.urdf.xacro -> /home/unai/FSB/fsb_sim/install/eufs_racecar/share/eufs_racecar/urdf
[0.888s] creating /home/unai/FSB/fsb_sim/install/eufs_racecar/share/eufs_racecar/launch
[0.888s] copying launch/load_car.launch.py -> /home/unai/FSB/fsb_sim/install/eufs_racecar/share/eufs_racecar/launch
[0.888s] creating /home/unai/FSB/fsb_sim/install/eufs_racecar/share/eufs_racecar/robots
[0.888s] creating /home/unai/FSB/fsb_sim/install/eufs_racecar/share/eufs_racecar/robots/eufs
[0.888s] copying robots/eufs/configDry.yaml -> /home/unai/FSB/fsb_sim/install/eufs_racecar/share/eufs_racecar/robots/eufs
[0.888s] copying robots/eufs/configWet.yaml -> /home/unai/FSB/fsb_sim/install/eufs_racecar/share/eufs_racecar/robots/eufs
[0.888s] copying robots/eufs/robot.urdf.xacro -> /home/unai/FSB/fsb_sim/install/eufs_racecar/share/eufs_racecar/robots/eufs
[0.888s] creating /home/unai/FSB/fsb_sim/install/eufs_racecar/share/eufs_racecar/robots/ads-dv
[0.888s] copying robots/ads-dv/configDry.yaml -> /home/unai/FSB/fsb_sim/install/eufs_racecar/share/eufs_racecar/robots/ads-dv
[0.888s] copying robots/ads-dv/configWet.yaml -> /home/unai/FSB/fsb_sim/install/eufs_racecar/share/eufs_racecar/robots/ads-dv
[0.888s] copying robots/ads-dv/robot.urdf.xacro -> /home/unai/FSB/fsb_sim/install/eufs_racecar/share/eufs_racecar/robots/ads-dv
[0.888s] running install_egg_info
[0.890s] Copying ../build/eufs_racecar/eufs_racecar.egg-info to /home/unai/FSB/fsb_sim/install/eufs_racecar/lib/python3.10/site-packages/eufs_racecar-2.0.0-py3.10.egg-info
[0.890s] running install_scripts
[0.903s] writing list of installed files to '/home/unai/FSB/fsb_sim/build/eufs_racecar/install.log'
[0.921s] Invoked command in '/home/unai/FSB/fsb_sim/eufs_racecar' returned '0': PYTHONPATH=/home/unai/FSB/fsb_sim/build/eufs_racecar/prefix_override:/home/unai/FSB/fsb_sim/install/eufs_racecar/lib/python3.10/site-packages:${PYTHONPATH} /usr/bin/python3 -W ignore:setup.py install is deprecated setup.py egg_info --egg-base ../build/eufs_racecar build --build-base /home/unai/FSB/fsb_sim/build/eufs_racecar/build install --record /home/unai/FSB/fsb_sim/build/eufs_racecar/install.log --single-version-externally-managed install_data
