[0.482s] Invoking command in '/home/unai/FSB/fsb_sim/eufs_launcher': AMENT_PREFIX_PATH=/home/unai/FSB/fsb_sim/install/eufs_tracks:${AMENT_PREFIX_PATH} PYTHONPATH=/home/unai/FSB/fsb_sim/build/eufs_launcher/prefix_override:/home/unai/FSB/fsb_sim/install/eufs_launcher/lib/python3.10/site-packages:/home/unai/FSB/fsb_sim/install/eufs_tracks/lib/python3.10/site-packages:${PYTHONPATH} /usr/bin/python3 -W ignore:setup.py install is deprecated setup.py egg_info --egg-base ../build/eufs_launcher build --build-base /home/unai/FSB/fsb_sim/build/eufs_launcher/build install --record /home/unai/FSB/fsb_sim/build/eufs_launcher/install.log --single-version-externally-managed install_data
[0.666s] running egg_info
[0.667s] creating ../build/eufs_launcher/eufs_launcher.egg-info
[0.667s] writing ../build/eufs_launcher/eufs_launcher.egg-info/PKG-INFO
[0.667s] writing dependency_links to ../build/eufs_launcher/eufs_launcher.egg-info/dependency_links.txt
[0.667s] writing requirements to ../build/eufs_launcher/eufs_launcher.egg-info/requires.txt
[0.667s] writing top-level names to ../build/eufs_launcher/eufs_launcher.egg-info/top_level.txt
[0.667s] writing manifest file '../build/eufs_launcher/eufs_launcher.egg-info/SOURCES.txt'
[0.670s] reading manifest file '../build/eufs_launcher/eufs_launcher.egg-info/SOURCES.txt'
[0.670s] writing manifest file '../build/eufs_launcher/eufs_launcher.egg-info/SOURCES.txt'
[0.670s] running build
[0.670s] running build_py
[0.670s] creating /home/unai/FSB/fsb_sim/build/eufs_launcher/build
[0.670s] creating /home/unai/FSB/fsb_sim/build/eufs_launcher/build/lib
[0.670s] creating /home/unai/FSB/fsb_sim/build/eufs_launcher/build/lib/eufs_launcher
[0.671s] copying src/eufs_launcher/LauncherModule.py -> /home/unai/FSB/fsb_sim/build/eufs_launcher/build/lib/eufs_launcher
[0.671s] copying src/eufs_launcher/__init__.py -> /home/unai/FSB/fsb_sim/build/eufs_launcher/build/lib/eufs_launcher
[0.671s] running build_scripts
[0.671s] creating /home/unai/FSB/fsb_sim/build/eufs_launcher/build/scripts-3.10
[0.671s] copying and adjusting scripts/eufs_launcher -> /home/unai/FSB/fsb_sim/build/eufs_launcher/build/scripts-3.10
[0.671s] changing mode of /home/unai/FSB/fsb_sim/build/eufs_launcher/build/scripts-3.10/eufs_launcher from 664 to 775
[0.671s] running install
[0.671s] running install_lib
[0.671s] creating /home/unai/FSB/fsb_sim/install/eufs_launcher/lib/python3.10/site-packages/eufs_launcher
[0.672s] copying /home/unai/FSB/fsb_sim/build/eufs_launcher/build/lib/eufs_launcher/LauncherModule.py -> /home/unai/FSB/fsb_sim/install/eufs_launcher/lib/python3.10/site-packages/eufs_launcher
[0.672s] copying /home/unai/FSB/fsb_sim/build/eufs_launcher/build/lib/eufs_launcher/__init__.py -> /home/unai/FSB/fsb_sim/install/eufs_launcher/lib/python3.10/site-packages/eufs_launcher
[0.672s] byte-compiling /home/unai/FSB/fsb_sim/install/eufs_launcher/lib/python3.10/site-packages/eufs_launcher/LauncherModule.py to LauncherModule.cpython-310.pyc
[0.674s] byte-compiling /home/unai/FSB/fsb_sim/install/eufs_launcher/lib/python3.10/site-packages/eufs_launcher/__init__.py to __init__.cpython-310.pyc
[0.674s] running install_data
[0.674s] copying launch/eufs_launcher.launch.py -> /home/unai/FSB/fsb_sim/install/eufs_launcher/share/eufs_launcher
[0.674s] copying launch/simulation.launch.py -> /home/unai/FSB/fsb_sim/install/eufs_launcher/share/eufs_launcher
[0.675s] creating /home/unai/FSB/fsb_sim/install/eufs_launcher/share/eufs_launcher/config
[0.675s] copying config/eufs_launcher.yaml -> /home/unai/FSB/fsb_sim/install/eufs_launcher/share/eufs_launcher/config
[0.675s] copying config/default.rviz -> /home/unai/FSB/fsb_sim/install/eufs_launcher/share/eufs_launcher/config
[0.675s] creating /home/unai/FSB/fsb_sim/install/eufs_launcher/share/eufs_launcher/resource
[0.675s] copying resource/launcher.ui -> /home/unai/FSB/fsb_sim/install/eufs_launcher/share/eufs_launcher/resource
[0.675s] copying plugin.xml -> /home/unai/FSB/fsb_sim/install/eufs_launcher/share/eufs_launcher
[0.675s] creating /home/unai/FSB/fsb_sim/install/eufs_launcher/share/ament_index
[0.675s] creating /home/unai/FSB/fsb_sim/install/eufs_launcher/share/ament_index/resource_index
[0.675s] creating /home/unai/FSB/fsb_sim/install/eufs_launcher/share/ament_index/resource_index/packages
[0.675s] copying resource/eufs_launcher -> /home/unai/FSB/fsb_sim/install/eufs_launcher/share/ament_index/resource_index/packages
[0.675s] copying package.xml -> /home/unai/FSB/fsb_sim/install/eufs_launcher/share/eufs_launcher
[0.676s] running install_egg_info
[0.677s] Copying ../build/eufs_launcher/eufs_launcher.egg-info to /home/unai/FSB/fsb_sim/install/eufs_launcher/lib/python3.10/site-packages/eufs_launcher-2.0.0-py3.10.egg-info
[0.677s] running install_scripts
[0.691s] creating /home/unai/FSB/fsb_sim/install/eufs_launcher/lib/eufs_launcher
[0.691s] copying /home/unai/FSB/fsb_sim/build/eufs_launcher/build/scripts-3.10/eufs_launcher -> /home/unai/FSB/fsb_sim/install/eufs_launcher/lib/eufs_launcher
[0.691s] changing mode of /home/unai/FSB/fsb_sim/install/eufs_launcher/lib/eufs_launcher/eufs_launcher to 775
[0.692s] writing list of installed files to '/home/unai/FSB/fsb_sim/build/eufs_launcher/install.log'
[0.708s] Invoked command in '/home/unai/FSB/fsb_sim/eufs_launcher' returned '0': AMENT_PREFIX_PATH=/home/unai/FSB/fsb_sim/install/eufs_tracks:${AMENT_PREFIX_PATH} PYTHONPATH=/home/unai/FSB/fsb_sim/build/eufs_launcher/prefix_override:/home/unai/FSB/fsb_sim/install/eufs_launcher/lib/python3.10/site-packages:/home/unai/FSB/fsb_sim/install/eufs_tracks/lib/python3.10/site-packages:${PYTHONPATH} /usr/bin/python3 -W ignore:setup.py install is deprecated setup.py egg_info --egg-base ../build/eufs_launcher build --build-base /home/unai/FSB/fsb_sim/build/eufs_launcher/build install --record /home/unai/FSB/fsb_sim/build/eufs_launcher/install.log --single-version-externally-managed install_data
