[0.719s] Invoking command in '/home/unai/FSB/fsb_sim/eufs_tracks': PYTHONPATH=/home/unai/FSB/fsb_sim/build/eufs_tracks/prefix_override:/home/unai/FSB/fsb_sim/install/eufs_tracks/lib/python3.10/site-packages:${PYTHONPATH} /usr/bin/python3 -W ignore:setup.py install is deprecated setup.py egg_info --egg-base ../build/eufs_tracks build --build-base /home/unai/FSB/fsb_sim/build/eufs_tracks/build install --record /home/unai/FSB/fsb_sim/build/eufs_tracks/install.log --single-version-externally-managed install_data
[0.904s] running egg_info
[0.905s] creating ../build/eufs_tracks/eufs_tracks.egg-info
[0.905s] writing ../build/eufs_tracks/eufs_tracks.egg-info/PKG-INFO
[0.905s] writing dependency_links to ../build/eufs_tracks/eufs_tracks.egg-info/dependency_links.txt
[0.905s] writing requirements to ../build/eufs_tracks/eufs_tracks.egg-info/requires.txt
[0.905s] writing top-level names to ../build/eufs_tracks/eufs_tracks.egg-info/top_level.txt
[0.905s] writing manifest file '../build/eufs_tracks/eufs_tracks.egg-info/SOURCES.txt'
[0.908s] reading manifest file '../build/eufs_tracks/eufs_tracks.egg-info/SOURCES.txt'
[0.909s] writing manifest file '../build/eufs_tracks/eufs_tracks.egg-info/SOURCES.txt'
[0.909s] running build
[0.909s] running build_py
[0.909s] creating /home/unai/FSB/fsb_sim/build/eufs_tracks/build
[0.909s] creating /home/unai/FSB/fsb_sim/build/eufs_tracks/build/lib
[0.909s] creating /home/unai/FSB/fsb_sim/build/eufs_tracks/build/lib/eufs_tracks
[0.909s] copying src/eufs_tracks/TrackGenerator.py -> /home/unai/FSB/fsb_sim/build/eufs_tracks/build/lib/eufs_tracks
[0.909s] copying src/eufs_tracks/ConversionTools.py -> /home/unai/FSB/fsb_sim/build/eufs_tracks/build/lib/eufs_tracks
[0.910s] copying src/eufs_tracks/__init__.py -> /home/unai/FSB/fsb_sim/build/eufs_tracks/build/lib/eufs_tracks
[0.910s] copying src/eufs_tracks/TrackGeneratorModule.py -> /home/unai/FSB/fsb_sim/build/eufs_tracks/build/lib/eufs_tracks
[0.910s] copying src/eufs_tracks/LauncherUtilities.py -> /home/unai/FSB/fsb_sim/build/eufs_tracks/build/lib/eufs_tracks
[0.910s] copying src/eufs_tracks/track_gen.py -> /home/unai/FSB/fsb_sim/build/eufs_tracks/build/lib/eufs_tracks
[0.910s] running build_scripts
[0.910s] creating /home/unai/FSB/fsb_sim/build/eufs_tracks/build/scripts-3.10
[0.910s] copying and adjusting scripts/eufs_tracks -> /home/unai/FSB/fsb_sim/build/eufs_tracks/build/scripts-3.10
[0.910s] changing mode of /home/unai/FSB/fsb_sim/build/eufs_tracks/build/scripts-3.10/eufs_tracks from 664 to 775
[0.910s] running install
[0.911s] running install_lib
[0.911s] creating /home/unai/FSB/fsb_sim/install/eufs_tracks/lib/python3.10/site-packages/eufs_tracks
[0.912s] copying /home/unai/FSB/fsb_sim/build/eufs_tracks/build/lib/eufs_tracks/TrackGenerator.py -> /home/unai/FSB/fsb_sim/install/eufs_tracks/lib/python3.10/site-packages/eufs_tracks
[0.912s] copying /home/unai/FSB/fsb_sim/build/eufs_tracks/build/lib/eufs_tracks/ConversionTools.py -> /home/unai/FSB/fsb_sim/install/eufs_tracks/lib/python3.10/site-packages/eufs_tracks
[0.912s] copying /home/unai/FSB/fsb_sim/build/eufs_tracks/build/lib/eufs_tracks/__init__.py -> /home/unai/FSB/fsb_sim/install/eufs_tracks/lib/python3.10/site-packages/eufs_tracks
[0.912s] copying /home/unai/FSB/fsb_sim/build/eufs_tracks/build/lib/eufs_tracks/TrackGeneratorModule.py -> /home/unai/FSB/fsb_sim/install/eufs_tracks/lib/python3.10/site-packages/eufs_tracks
[0.912s] copying /home/unai/FSB/fsb_sim/build/eufs_tracks/build/lib/eufs_tracks/LauncherUtilities.py -> /home/unai/FSB/fsb_sim/install/eufs_tracks/lib/python3.10/site-packages/eufs_tracks
[0.912s] copying /home/unai/FSB/fsb_sim/build/eufs_tracks/build/lib/eufs_tracks/track_gen.py -> /home/unai/FSB/fsb_sim/install/eufs_tracks/lib/python3.10/site-packages/eufs_tracks
[0.913s] byte-compiling /home/unai/FSB/fsb_sim/install/eufs_tracks/lib/python3.10/site-packages/eufs_tracks/TrackGenerator.py to TrackGenerator.cpython-310.pyc
[0.920s] byte-compiling /home/unai/FSB/fsb_sim/install/eufs_tracks/lib/python3.10/site-packages/eufs_tracks/ConversionTools.py to ConversionTools.cpython-310.pyc
[0.927s] byte-compiling /home/unai/FSB/fsb_sim/install/eufs_tracks/lib/python3.10/site-packages/eufs_tracks/__init__.py to __init__.cpython-310.pyc
[0.927s] byte-compiling /home/unai/FSB/fsb_sim/install/eufs_tracks/lib/python3.10/site-packages/eufs_tracks/TrackGeneratorModule.py to TrackGeneratorModule.cpython-310.pyc
[0.930s] byte-compiling /home/unai/FSB/fsb_sim/install/eufs_tracks/lib/python3.10/site-packages/eufs_tracks/LauncherUtilities.py to LauncherUtilities.cpython-310.pyc
[0.931s] byte-compiling /home/unai/FSB/fsb_sim/install/eufs_tracks/lib/python3.10/site-packages/eufs_tracks/track_gen.py to track_gen.cpython-310.pyc
[0.934s] running install_data
[0.934s] copying package.xml -> /home/unai/FSB/fsb_sim/install/eufs_tracks/share/eufs_tracks
[0.934s] copying plugin.xml -> /home/unai/FSB/fsb_sim/install/eufs_tracks/share/eufs_tracks
[0.934s] creating /home/unai/FSB/fsb_sim/install/eufs_tracks/share/ament_index
[0.935s] creating /home/unai/FSB/fsb_sim/install/eufs_tracks/share/ament_index/resource_index
[0.935s] creating /home/unai/FSB/fsb_sim/install/eufs_tracks/share/ament_index/resource_index/packages
[0.935s] copying resource/eufs_tracks -> /home/unai/FSB/fsb_sim/install/eufs_tracks/share/ament_index/resource_index/packages
[0.935s] creating /home/unai/FSB/fsb_sim/install/eufs_tracks/share/eufs_tracks/csv
[0.935s] copying csv/garden_light.csv -> /home/unai/FSB/fsb_sim/install/eufs_tracks/share/eufs_tracks/csv
[0.935s] copying csv/hairpins_increasing_difficulty.csv -> /home/unai/FSB/fsb_sim/install/eufs_tracks/share/eufs_tracks/csv
[0.935s] copying csv/peanut.csv -> /home/unai/FSB/fsb_sim/install/eufs_tracks/share/eufs_tracks/csv
[0.935s] copying csv/rectangle.csv -> /home/unai/FSB/fsb_sim/install/eufs_tracks/share/eufs_tracks/csv
[0.935s] copying csv/acceleration.csv -> /home/unai/FSB/fsb_sim/install/eufs_tracks/share/eufs_tracks/csv
[0.935s] copying csv/boa_constrictor.csv -> /home/unai/FSB/fsb_sim/install/eufs_tracks/share/eufs_tracks/csv
[0.935s] copying csv/its_a_mess.csv -> /home/unai/FSB/fsb_sim/install/eufs_tracks/share/eufs_tracks/csv
[0.935s] copying csv/rand.csv -> /home/unai/FSB/fsb_sim/install/eufs_tracks/share/eufs_tracks/csv
[0.935s] copying csv/small_track.csv -> /home/unai/FSB/fsb_sim/install/eufs_tracks/share/eufs_tracks/csv
[0.936s] copying csv/bone.csv -> /home/unai/FSB/fsb_sim/install/eufs_tracks/share/eufs_tracks/csv
[0.936s] copying csv/comp_2021.csv -> /home/unai/FSB/fsb_sim/install/eufs_tracks/share/eufs_tracks/csv
[0.936s] copying csv/skidpad.csv -> /home/unai/FSB/fsb_sim/install/eufs_tracks/share/eufs_tracks/csv
[0.936s] creating /home/unai/FSB/fsb_sim/install/eufs_tracks/share/eufs_tracks/image
[0.936s] copying image/skidpad.png -> /home/unai/FSB/fsb_sim/install/eufs_tracks/share/eufs_tracks/image
[0.936s] copying image/comp_2021.png -> /home/unai/FSB/fsb_sim/install/eufs_tracks/share/eufs_tracks/image
[0.936s] creating /home/unai/FSB/fsb_sim/install/eufs_tracks/share/eufs_tracks/launch
[0.936s] copying launch/eufs_track_generator.launch.py -> /home/unai/FSB/fsb_sim/install/eufs_tracks/share/eufs_tracks/launch
[0.936s] copying launch/rectangle.launch -> /home/unai/FSB/fsb_sim/install/eufs_tracks/share/eufs_tracks/launch
[0.936s] copying launch/acceleration.launch -> /home/unai/FSB/fsb_sim/install/eufs_tracks/share/eufs_tracks/launch
[0.936s] copying launch/peanut.launch -> /home/unai/FSB/fsb_sim/install/eufs_tracks/share/eufs_tracks/launch
[0.936s] copying launch/small_track.launch -> /home/unai/FSB/fsb_sim/install/eufs_tracks/share/eufs_tracks/launch
[0.936s] copying launch/comp_2021.launch -> /home/unai/FSB/fsb_sim/install/eufs_tracks/share/eufs_tracks/launch
[0.936s] copying launch/rand.launch -> /home/unai/FSB/fsb_sim/install/eufs_tracks/share/eufs_tracks/launch
[0.936s] copying launch/its_a_mess.launch -> /home/unai/FSB/fsb_sim/install/eufs_tracks/share/eufs_tracks/launch
[0.937s] copying launch/skidpad.launch -> /home/unai/FSB/fsb_sim/install/eufs_tracks/share/eufs_tracks/launch
[0.937s] copying launch/hairpins_increasing_difficulty.launch -> /home/unai/FSB/fsb_sim/install/eufs_tracks/share/eufs_tracks/launch
[0.937s] copying launch/garden_light.launch -> /home/unai/FSB/fsb_sim/install/eufs_tracks/share/eufs_tracks/launch
[0.937s] copying launch/empty.launch -> /home/unai/FSB/fsb_sim/install/eufs_tracks/share/eufs_tracks/launch
[0.937s] copying launch/boa_constrictor.launch -> /home/unai/FSB/fsb_sim/install/eufs_tracks/share/eufs_tracks/launch
[0.937s] copying launch/blacklist.txt -> /home/unai/FSB/fsb_sim/install/eufs_tracks/share/eufs_tracks/launch
[0.937s] creating /home/unai/FSB/fsb_sim/install/eufs_tracks/share/eufs_tracks/materials
[0.937s] copying materials/asphalt.jpg -> /home/unai/FSB/fsb_sim/install/eufs_tracks/share/eufs_tracks/materials
[0.948s] creating /home/unai/FSB/fsb_sim/install/eufs_tracks/share/eufs_tracks/meshes
[0.948s] copying meshes/cone_yellow.dae -> /home/unai/FSB/fsb_sim/install/eufs_tracks/share/eufs_tracks/meshes
[0.948s] copying meshes/NoiseCube.dae -> /home/unai/FSB/fsb_sim/install/eufs_tracks/share/eufs_tracks/meshes
[0.948s] copying meshes/cone_blue.dae -> /home/unai/FSB/fsb_sim/install/eufs_tracks/share/eufs_tracks/meshes
[0.948s] copying meshes/MonkeyNoise.dae -> /home/unai/FSB/fsb_sim/install/eufs_tracks/share/eufs_tracks/meshes
[0.948s] copying meshes/cone_big.dae -> /home/unai/FSB/fsb_sim/install/eufs_tracks/share/eufs_tracks/meshes
[0.948s] copying meshes/cone.dae -> /home/unai/FSB/fsb_sim/install/eufs_tracks/share/eufs_tracks/meshes
[0.948s] creating /home/unai/FSB/fsb_sim/install/eufs_tracks/share/eufs_tracks/worlds
[0.948s] copying worlds/acceleration.world -> /home/unai/FSB/fsb_sim/install/eufs_tracks/share/eufs_tracks/worlds
[0.949s] copying worlds/its_a_mess.world -> /home/unai/FSB/fsb_sim/install/eufs_tracks/share/eufs_tracks/worlds
[0.949s] copying worlds/rand.world -> /home/unai/FSB/fsb_sim/install/eufs_tracks/share/eufs_tracks/worlds
[0.949s] copying worlds/comp_2021.world -> /home/unai/FSB/fsb_sim/install/eufs_tracks/share/eufs_tracks/worlds
[0.949s] copying worlds/boa_constrictor.world -> /home/unai/FSB/fsb_sim/install/eufs_tracks/share/eufs_tracks/worlds
[0.949s] copying worlds/small_track.world -> /home/unai/FSB/fsb_sim/install/eufs_tracks/share/eufs_tracks/worlds
[0.949s] copying worlds/garden_light.world -> /home/unai/FSB/fsb_sim/install/eufs_tracks/share/eufs_tracks/worlds
[0.949s] copying worlds/rectangle.world -> /home/unai/FSB/fsb_sim/install/eufs_tracks/share/eufs_tracks/worlds
[0.949s] copying worlds/skidpad.world -> /home/unai/FSB/fsb_sim/install/eufs_tracks/share/eufs_tracks/worlds
[0.949s] copying worlds/hairpins_increasing_difficulty.world -> /home/unai/FSB/fsb_sim/install/eufs_tracks/share/eufs_tracks/worlds
[0.949s] copying worlds/peanut.world -> /home/unai/FSB/fsb_sim/install/eufs_tracks/share/eufs_tracks/worlds
[0.949s] creating /home/unai/FSB/fsb_sim/install/eufs_tracks/share/eufs_tracks/resource
[0.949s] creating /home/unai/FSB/fsb_sim/install/eufs_tracks/share/eufs_tracks/resource/randgen_model_template
[0.949s] copying resource/randgen_model_template/model.sdf -> /home/unai/FSB/fsb_sim/install/eufs_tracks/share/eufs_tracks/resource/randgen_model_template
[0.949s] copying resource/randgen_model_template/model.config -> /home/unai/FSB/fsb_sim/install/eufs_tracks/share/eufs_tracks/resource/randgen_model_template
[0.949s] copying resource/noiseFiles.txt -> /home/unai/FSB/fsb_sim/install/eufs_tracks/share/eufs_tracks/resource
[0.950s] copying resource/randgen_launch_template -> /home/unai/FSB/fsb_sim/install/eufs_tracks/share/eufs_tracks/resource
[0.950s] copying resource/randgen_world_template -> /home/unai/FSB/fsb_sim/install/eufs_tracks/share/eufs_tracks/resource
[0.950s] copying resource/track_generator.ui -> /home/unai/FSB/fsb_sim/install/eufs_tracks/share/eufs_tracks/resource
[0.950s] creating /home/unai/FSB/fsb_sim/install/eufs_tracks/share/eufs_tracks/models
[0.950s] creating /home/unai/FSB/fsb_sim/install/eufs_tracks/share/eufs_tracks/models/small_track
[0.950s] copying models/small_track/model.sdf -> /home/unai/FSB/fsb_sim/install/eufs_tracks/share/eufs_tracks/models/small_track
[0.950s] copying models/small_track/model.config -> /home/unai/FSB/fsb_sim/install/eufs_tracks/share/eufs_tracks/models/small_track
[0.950s] creating /home/unai/FSB/fsb_sim/install/eufs_tracks/share/eufs_tracks/models/skidpad
[0.950s] copying models/skidpad/model.sdf -> /home/unai/FSB/fsb_sim/install/eufs_tracks/share/eufs_tracks/models/skidpad
[0.950s] copying models/skidpad/model.config -> /home/unai/FSB/fsb_sim/install/eufs_tracks/share/eufs_tracks/models/skidpad
[0.950s] creating /home/unai/FSB/fsb_sim/install/eufs_tracks/share/eufs_tracks/models/rand
[0.950s] copying models/rand/model.sdf -> /home/unai/FSB/fsb_sim/install/eufs_tracks/share/eufs_tracks/models/rand
[0.950s] copying models/rand/model.config -> /home/unai/FSB/fsb_sim/install/eufs_tracks/share/eufs_tracks/models/rand
[0.950s] creating /home/unai/FSB/fsb_sim/install/eufs_tracks/share/eufs_tracks/models/blue_cone
[0.950s] copying models/blue_cone/model.sdf -> /home/unai/FSB/fsb_sim/install/eufs_tracks/share/eufs_tracks/models/blue_cone
[0.951s] copying models/blue_cone/model.config -> /home/unai/FSB/fsb_sim/install/eufs_tracks/share/eufs_tracks/models/blue_cone
[0.951s] creating /home/unai/FSB/fsb_sim/install/eufs_tracks/share/eufs_tracks/models/big_cone
[0.951s] copying models/big_cone/model.sdf -> /home/unai/FSB/fsb_sim/install/eufs_tracks/share/eufs_tracks/models/big_cone
[0.951s] copying models/big_cone/model.config -> /home/unai/FSB/fsb_sim/install/eufs_tracks/share/eufs_tracks/models/big_cone
[0.951s] creating /home/unai/FSB/fsb_sim/install/eufs_tracks/share/eufs_tracks/models/rectangle
[0.951s] copying models/rectangle/model.sdf -> /home/unai/FSB/fsb_sim/install/eufs_tracks/share/eufs_tracks/models/rectangle
[0.951s] copying models/rectangle/model.config -> /home/unai/FSB/fsb_sim/install/eufs_tracks/share/eufs_tracks/models/rectangle
[0.951s] creating /home/unai/FSB/fsb_sim/install/eufs_tracks/share/eufs_tracks/models/garden_light
[0.951s] copying models/garden_light/model.sdf -> /home/unai/FSB/fsb_sim/install/eufs_tracks/share/eufs_tracks/models/garden_light
[0.951s] copying models/garden_light/model.config -> /home/unai/FSB/fsb_sim/install/eufs_tracks/share/eufs_tracks/models/garden_light
[0.951s] creating /home/unai/FSB/fsb_sim/install/eufs_tracks/share/eufs_tracks/models/peanut
[0.951s] copying models/peanut/model.sdf -> /home/unai/FSB/fsb_sim/install/eufs_tracks/share/eufs_tracks/models/peanut
[0.951s] copying models/peanut/model.config -> /home/unai/FSB/fsb_sim/install/eufs_tracks/share/eufs_tracks/models/peanut
[0.951s] creating /home/unai/FSB/fsb_sim/install/eufs_tracks/share/eufs_tracks/models/yellow_cone
[0.951s] copying models/yellow_cone/model.sdf -> /home/unai/FSB/fsb_sim/install/eufs_tracks/share/eufs_tracks/models/yellow_cone
[0.952s] copying models/yellow_cone/model.config -> /home/unai/FSB/fsb_sim/install/eufs_tracks/share/eufs_tracks/models/yellow_cone
[0.952s] creating /home/unai/FSB/fsb_sim/install/eufs_tracks/share/eufs_tracks/models/hairpins_increasing_difficulty
[0.952s] copying models/hairpins_increasing_difficulty/model.sdf -> /home/unai/FSB/fsb_sim/install/eufs_tracks/share/eufs_tracks/models/hairpins_increasing_difficulty
[0.952s] copying models/hairpins_increasing_difficulty/model.config -> /home/unai/FSB/fsb_sim/install/eufs_tracks/share/eufs_tracks/models/hairpins_increasing_difficulty
[0.952s] creating /home/unai/FSB/fsb_sim/install/eufs_tracks/share/eufs_tracks/models/boa_constrictor
[0.952s] copying models/boa_constrictor/model.sdf -> /home/unai/FSB/fsb_sim/install/eufs_tracks/share/eufs_tracks/models/boa_constrictor
[0.952s] copying models/boa_constrictor/model.config -> /home/unai/FSB/fsb_sim/install/eufs_tracks/share/eufs_tracks/models/boa_constrictor
[0.952s] creating /home/unai/FSB/fsb_sim/install/eufs_tracks/share/eufs_tracks/models/ground_plane
[0.952s] copying models/ground_plane/model.sdf -> /home/unai/FSB/fsb_sim/install/eufs_tracks/share/eufs_tracks/models/ground_plane
[0.952s] copying models/ground_plane/model.config -> /home/unai/FSB/fsb_sim/install/eufs_tracks/share/eufs_tracks/models/ground_plane
[0.952s] creating /home/unai/FSB/fsb_sim/install/eufs_tracks/share/eufs_tracks/models/its_a_mess
[0.952s] copying models/its_a_mess/model.sdf -> /home/unai/FSB/fsb_sim/install/eufs_tracks/share/eufs_tracks/models/its_a_mess
[0.953s] copying models/its_a_mess/model.config -> /home/unai/FSB/fsb_sim/install/eufs_tracks/share/eufs_tracks/models/its_a_mess
[0.953s] creating /home/unai/FSB/fsb_sim/install/eufs_tracks/share/eufs_tracks/models/comp_2021
[0.953s] copying models/comp_2021/model.sdf -> /home/unai/FSB/fsb_sim/install/eufs_tracks/share/eufs_tracks/models/comp_2021
[0.953s] copying models/comp_2021/model.config -> /home/unai/FSB/fsb_sim/install/eufs_tracks/share/eufs_tracks/models/comp_2021
[0.953s] creating /home/unai/FSB/fsb_sim/install/eufs_tracks/share/eufs_tracks/models/orange_cone
[0.953s] copying models/orange_cone/model.sdf -> /home/unai/FSB/fsb_sim/install/eufs_tracks/share/eufs_tracks/models/orange_cone
[0.953s] copying models/orange_cone/model.config -> /home/unai/FSB/fsb_sim/install/eufs_tracks/share/eufs_tracks/models/orange_cone
[0.953s] creating /home/unai/FSB/fsb_sim/install/eufs_tracks/share/eufs_tracks/models/acceleration
[0.953s] copying models/acceleration/model.sdf -> /home/unai/FSB/fsb_sim/install/eufs_tracks/share/eufs_tracks/models/acceleration
[0.953s] copying models/acceleration/model.config -> /home/unai/FSB/fsb_sim/install/eufs_tracks/share/eufs_tracks/models/acceleration
[0.953s] running install_egg_info
[0.955s] Copying ../build/eufs_tracks/eufs_tracks.egg-info to /home/unai/FSB/fsb_sim/install/eufs_tracks/lib/python3.10/site-packages/eufs_tracks-2.0.0-py3.10.egg-info
[0.956s] running install_scripts
[0.973s] creating /home/unai/FSB/fsb_sim/install/eufs_tracks/lib/eufs_tracks
[0.973s] copying /home/unai/FSB/fsb_sim/build/eufs_tracks/build/scripts-3.10/eufs_tracks -> /home/unai/FSB/fsb_sim/install/eufs_tracks/lib/eufs_tracks
[0.973s] changing mode of /home/unai/FSB/fsb_sim/install/eufs_tracks/lib/eufs_tracks/eufs_tracks to 775
[0.974s] writing list of installed files to '/home/unai/FSB/fsb_sim/build/eufs_tracks/install.log'
[0.990s] Invoked command in '/home/unai/FSB/fsb_sim/eufs_tracks' returned '0': PYTHONPATH=/home/unai/FSB/fsb_sim/build/eufs_tracks/prefix_override:/home/unai/FSB/fsb_sim/install/eufs_tracks/lib/python3.10/site-packages:${PYTHONPATH} /usr/bin/python3 -W ignore:setup.py install is deprecated setup.py egg_info --egg-base ../build/eufs_tracks build --build-base /home/unai/FSB/fsb_sim/build/eufs_tracks/build install --record /home/unai/FSB/fsb_sim/build/eufs_tracks/install.log --single-version-externally-managed install_data
