[0.006s] Invoking command in '/home/unai/FSB/fsb_sim/build/eufs_models': AMENT_PREFIX_PATH=/home/unai/FSB/fsb_sim/install/eufs_msgs:${AMENT_PREFIX_PATH} CMAKE_PREFIX_PATH=/home/unai/FSB/fsb_sim/install/eufs_msgs:/opt/ros/humble LD_LIBRARY_PATH=/home/unai/FSB/fsb_sim/install/eufs_msgs/lib:${LD_LIBRARY_PATH} PYTHONPATH=/home/unai/FSB/fsb_sim/install/eufs_msgs/local/lib/python3.10/dist-packages:${PYTHONPATH} /usr/bin/cmake /home/unai/FSB/fsb_sim/eufs_models -DCMAKE_INSTALL_PREFIX=/home/unai/FSB/fsb_sim/install/eufs_models
[0.013s] -- Found ament_cmake: 1.3.8 (/opt/ros/humble/share/ament_cmake/cmake)
[0.093s] -- Found eufs_msgs: 2.0.0 (/home/unai/FSB/fsb_sim/install/eufs_msgs/share/eufs_msgs/cmake)
[0.117s] -- Found rosidl_generator_c: 3.1.5 (/opt/ros/humble/share/rosidl_generator_c/cmake)
[0.120s] -- Found rosidl_adapter: 3.1.5 (/opt/ros/humble/share/rosidl_adapter/cmake)
[0.125s] -- Found rosidl_generator_cpp: 3.1.5 (/opt/ros/humble/share/rosidl_generator_cpp/cmake)
[0.133s] -- Using all available rosidl_typesupport_c: rosidl_typesupport_fastrtps_c;rosidl_typesupport_introspection_c
[0.145s] -- Using all available rosidl_typesupport_cpp: rosidl_typesupport_fastrtps_cpp;rosidl_typesupport_introspection_cpp
[0.414s] -- Configuring done
[0.419s] -- Generating done
[0.420s] -- Build files have been written to: /home/unai/FSB/fsb_sim/build/eufs_models
[0.424s] Invoked command in '/home/unai/FSB/fsb_sim/build/eufs_models' returned '0': AMENT_PREFIX_PATH=/home/unai/FSB/fsb_sim/install/eufs_msgs:${AMENT_PREFIX_PATH} CMAKE_PREFIX_PATH=/home/unai/FSB/fsb_sim/install/eufs_msgs:/opt/ros/humble LD_LIBRARY_PATH=/home/unai/FSB/fsb_sim/install/eufs_msgs/lib:${LD_LIBRARY_PATH} PYTHONPATH=/home/unai/FSB/fsb_sim/install/eufs_msgs/local/lib/python3.10/dist-packages:${PYTHONPATH} /usr/bin/cmake /home/unai/FSB/fsb_sim/eufs_models -DCMAKE_INSTALL_PREFIX=/home/unai/FSB/fsb_sim/install/eufs_models
[0.424s] Invoking command in '/home/unai/FSB/fsb_sim/build/eufs_models': AMENT_PREFIX_PATH=/home/unai/FSB/fsb_sim/install/eufs_msgs:${AMENT_PREFIX_PATH} CMAKE_PREFIX_PATH=/home/unai/FSB/fsb_sim/install/eufs_msgs:/opt/ros/humble LD_LIBRARY_PATH=/home/unai/FSB/fsb_sim/install/eufs_msgs/lib:${LD_LIBRARY_PATH} PYTHONPATH=/home/unai/FSB/fsb_sim/install/eufs_msgs/local/lib/python3.10/dist-packages:${PYTHONPATH} /usr/bin/cmake --build /home/unai/FSB/fsb_sim/build/eufs_models -- -j8 -l8
[0.457s] [ 75%] [32mBuilding CXX object CMakeFiles/eufs_models.dir/src/dynamic_bicycle.cpp.o[0m
[0.457s] [ 75%] [32mBuilding CXX object CMakeFiles/eufs_models.dir/src/point_mass.cpp.o[0m
[0.457s] [ 75%] [32mBuilding CXX object CMakeFiles/eufs_models.dir/src/vehicle_model.cpp.o[0m
[1.154s] [100%] [32m[1mLinking CXX static library libeufs_models.a[0m
[1.383s] [100%] Built target eufs_models
[1.392s] Invoked command in '/home/unai/FSB/fsb_sim/build/eufs_models' returned '0': AMENT_PREFIX_PATH=/home/unai/FSB/fsb_sim/install/eufs_msgs:${AMENT_PREFIX_PATH} CMAKE_PREFIX_PATH=/home/unai/FSB/fsb_sim/install/eufs_msgs:/opt/ros/humble LD_LIBRARY_PATH=/home/unai/FSB/fsb_sim/install/eufs_msgs/lib:${LD_LIBRARY_PATH} PYTHONPATH=/home/unai/FSB/fsb_sim/install/eufs_msgs/local/lib/python3.10/dist-packages:${PYTHONPATH} /usr/bin/cmake --build /home/unai/FSB/fsb_sim/build/eufs_models -- -j8 -l8
[1.426s] Invoking command in '/home/unai/FSB/fsb_sim/build/eufs_models': AMENT_PREFIX_PATH=/home/unai/FSB/fsb_sim/install/eufs_msgs:${AMENT_PREFIX_PATH} CMAKE_PREFIX_PATH=/home/unai/FSB/fsb_sim/install/eufs_msgs:/opt/ros/humble LD_LIBRARY_PATH=/home/unai/FSB/fsb_sim/install/eufs_msgs/lib:${LD_LIBRARY_PATH} PYTHONPATH=/home/unai/FSB/fsb_sim/install/eufs_msgs/local/lib/python3.10/dist-packages:${PYTHONPATH} /usr/bin/cmake --install /home/unai/FSB/fsb_sim/build/eufs_models
[1.437s] -- Install configuration: ""
[1.437s] -- Installing: /home/unai/FSB/fsb_sim/install/eufs_models/share/eufs_models/environment/library_path.sh
[1.438s] -- Installing: /home/unai/FSB/fsb_sim/install/eufs_models/share/eufs_models/environment/library_path.dsv
[1.438s] -- Installing: /home/unai/FSB/fsb_sim/install/eufs_models/include
[1.438s] -- Installing: /home/unai/FSB/fsb_sim/install/eufs_models/include/eufs_models
[1.438s] -- Installing: /home/unai/FSB/fsb_sim/install/eufs_models/include/eufs_models/noise.hpp
[1.438s] -- Installing: /home/unai/FSB/fsb_sim/install/eufs_models/include/eufs_models/vehicle_model.hpp
[1.438s] -- Installing: /home/unai/FSB/fsb_sim/install/eufs_models/include/eufs_models/vehicle_state.hpp
[1.438s] -- Installing: /home/unai/FSB/fsb_sim/install/eufs_models/include/eufs_models/dynamic_bicycle.hpp
[1.439s] -- Installing: /home/unai/FSB/fsb_sim/install/eufs_models/include/eufs_models/point_mass.hpp
[1.439s] -- Installing: /home/unai/FSB/fsb_sim/install/eufs_models/include/eufs_models/vehicle_input.hpp
[1.439s] -- Installing: /home/unai/FSB/fsb_sim/install/eufs_models/include/eufs_models/eufs_models.hpp
[1.439s] -- Installing: /home/unai/FSB/fsb_sim/install/eufs_models/include/eufs_models/vehicle_param.hpp
[1.439s] -- Installing: /home/unai/FSB/fsb_sim/install/eufs_models/lib/libeufs_models.a
[1.440s] -- Installing: /home/unai/FSB/fsb_sim/install/eufs_models/share/ament_index/resource_index/package_run_dependencies/eufs_models
[1.440s] -- Installing: /home/unai/FSB/fsb_sim/install/eufs_models/share/ament_index/resource_index/parent_prefix_path/eufs_models
[1.440s] -- Installing: /home/unai/FSB/fsb_sim/install/eufs_models/share/eufs_models/environment/ament_prefix_path.sh
[1.440s] -- Installing: /home/unai/FSB/fsb_sim/install/eufs_models/share/eufs_models/environment/ament_prefix_path.dsv
[1.440s] -- Installing: /home/unai/FSB/fsb_sim/install/eufs_models/share/eufs_models/environment/path.sh
[1.440s] -- Installing: /home/unai/FSB/fsb_sim/install/eufs_models/share/eufs_models/environment/path.dsv
[1.440s] -- Installing: /home/unai/FSB/fsb_sim/install/eufs_models/share/eufs_models/local_setup.bash
[1.441s] -- Installing: /home/unai/FSB/fsb_sim/install/eufs_models/share/eufs_models/local_setup.sh
[1.441s] -- Installing: /home/unai/FSB/fsb_sim/install/eufs_models/share/eufs_models/local_setup.zsh
[1.441s] -- Installing: /home/unai/FSB/fsb_sim/install/eufs_models/share/eufs_models/local_setup.dsv
[1.441s] -- Installing: /home/unai/FSB/fsb_sim/install/eufs_models/share/eufs_models/package.dsv
[1.441s] -- Installing: /home/unai/FSB/fsb_sim/install/eufs_models/share/ament_index/resource_index/packages/eufs_models
[1.441s] -- Installing: /home/unai/FSB/fsb_sim/install/eufs_models/share/eufs_models/cmake/export_eufs_modelsExport.cmake
[1.441s] -- Installing: /home/unai/FSB/fsb_sim/install/eufs_models/share/eufs_models/cmake/export_eufs_modelsExport-noconfig.cmake
[1.442s] -- Installing: /home/unai/FSB/fsb_sim/install/eufs_models/share/eufs_models/cmake/ament_cmake_export_include_directories-extras.cmake
[1.442s] -- Installing: /home/unai/FSB/fsb_sim/install/eufs_models/share/eufs_models/cmake/ament_cmake_export_libraries-extras.cmake
[1.442s] -- Installing: /home/unai/FSB/fsb_sim/install/eufs_models/share/eufs_models/cmake/ament_cmake_export_targets-extras.cmake
[1.442s] -- Installing: /home/unai/FSB/fsb_sim/install/eufs_models/share/eufs_models/cmake/ament_cmake_export_dependencies-extras.cmake
[1.442s] -- Installing: /home/unai/FSB/fsb_sim/install/eufs_models/share/eufs_models/cmake/eufs_modelsConfig.cmake
[1.442s] -- Installing: /home/unai/FSB/fsb_sim/install/eufs_models/share/eufs_models/cmake/eufs_modelsConfig-version.cmake
[1.442s] -- Installing: /home/unai/FSB/fsb_sim/install/eufs_models/share/eufs_models/package.xml
[1.442s] -- Installing: /home/unai/FSB/fsb_sim/install/eufs_models/share/eufs_models/models/models.txt
[1.442s] -- Installing: /home/unai/FSB/fsb_sim/install/eufs_models/share/eufs_models/config/noise.yaml
[1.444s] Invoked command in '/home/unai/FSB/fsb_sim/build/eufs_models' returned '0': AMENT_PREFIX_PATH=/home/unai/FSB/fsb_sim/install/eufs_msgs:${AMENT_PREFIX_PATH} CMAKE_PREFIX_PATH=/home/unai/FSB/fsb_sim/install/eufs_msgs:/opt/ros/humble LD_LIBRARY_PATH=/home/unai/FSB/fsb_sim/install/eufs_msgs/lib:${LD_LIBRARY_PATH} PYTHONPATH=/home/unai/FSB/fsb_sim/install/eufs_msgs/local/lib/python3.10/dist-packages:${PYTHONPATH} /usr/bin/cmake --install /home/unai/FSB/fsb_sim/build/eufs_models
