running egg_info
creating ../build/eufs_rqt/eufs_rqt.egg-info
writing ../build/eufs_rqt/eufs_rqt.egg-info/PKG-INFO
writing dependency_links to ../build/eufs_rqt/eufs_rqt.egg-info/dependency_links.txt
writing requirements to ../build/eufs_rqt/eufs_rqt.egg-info/requires.txt
writing top-level names to ../build/eufs_rqt/eufs_rqt.egg-info/top_level.txt
writing manifest file '../build/eufs_rqt/eufs_rqt.egg-info/SOURCES.txt'
reading manifest file '../build/eufs_rqt/eufs_rqt.egg-info/SOURCES.txt'
adding license file 'LICENSE'
writing manifest file '../build/eufs_rqt/eufs_rqt.egg-info/SOURCES.txt'
running build
running build_py
creating /home/unai/FSB/fsb_sim/build/eufs_rqt/build
creating /home/unai/FSB/fsb_sim/build/eufs_rqt/build/lib
creating /home/unai/FSB/fsb_sim/build/eufs_rqt/build/lib/eufs_rqt
copying src/eufs_rqt/__init__.py -> /home/unai/FSB/fsb_sim/build/eufs_rqt/build/lib/eufs_rqt
copying src/eufs_rqt/MissionControlGUI.py -> /home/unai/FSB/fsb_sim/build/eufs_rqt/build/lib/eufs_rqt
copying src/eufs_rqt/EUFSRobotSteeringGUI.py -> /home/unai/FSB/fsb_sim/build/eufs_rqt/build/lib/eufs_rqt
running build_scripts
creating /home/unai/FSB/fsb_sim/build/eufs_rqt/build/scripts-3.10
copying and adjusting scripts/eufs_robot_steering_gui -> /home/unai/FSB/fsb_sim/build/eufs_rqt/build/scripts-3.10
copying and adjusting scripts/mission_control_gui -> /home/unai/FSB/fsb_sim/build/eufs_rqt/build/scripts-3.10
changing mode of /home/unai/FSB/fsb_sim/build/eufs_rqt/build/scripts-3.10/eufs_robot_steering_gui from 664 to 775
changing mode of /home/unai/FSB/fsb_sim/build/eufs_rqt/build/scripts-3.10/mission_control_gui from 664 to 775
running install
running install_lib
creating /home/unai/FSB/fsb_sim/install/eufs_rqt/lib/python3.10/site-packages/eufs_rqt
copying /home/unai/FSB/fsb_sim/build/eufs_rqt/build/lib/eufs_rqt/__init__.py -> /home/unai/FSB/fsb_sim/install/eufs_rqt/lib/python3.10/site-packages/eufs_rqt
copying /home/unai/FSB/fsb_sim/build/eufs_rqt/build/lib/eufs_rqt/MissionControlGUI.py -> /home/unai/FSB/fsb_sim/install/eufs_rqt/lib/python3.10/site-packages/eufs_rqt
copying /home/unai/FSB/fsb_sim/build/eufs_rqt/build/lib/eufs_rqt/EUFSRobotSteeringGUI.py -> /home/unai/FSB/fsb_sim/install/eufs_rqt/lib/python3.10/site-packages/eufs_rqt
byte-compiling /home/unai/FSB/fsb_sim/install/eufs_rqt/lib/python3.10/site-packages/eufs_rqt/__init__.py to __init__.cpython-310.pyc
byte-compiling /home/unai/FSB/fsb_sim/install/eufs_rqt/lib/python3.10/site-packages/eufs_rqt/MissionControlGUI.py to MissionControlGUI.cpython-310.pyc
byte-compiling /home/unai/FSB/fsb_sim/install/eufs_rqt/lib/python3.10/site-packages/eufs_rqt/EUFSRobotSteeringGUI.py to EUFSRobotSteeringGUI.cpython-310.pyc
running install_data
creating /home/unai/FSB/fsb_sim/install/eufs_rqt/share/eufs_rqt/config
copying config/eufs_sim.perspective -> /home/unai/FSB/fsb_sim/install/eufs_rqt/share/eufs_rqt/config
creating /home/unai/FSB/fsb_sim/install/eufs_rqt/share/eufs_rqt/resource
copying resource/EUFSRobotSteeringGUI.ui -> /home/unai/FSB/fsb_sim/install/eufs_rqt/share/eufs_rqt/resource
copying resource/MissionControlGUI.ui -> /home/unai/FSB/fsb_sim/install/eufs_rqt/share/eufs_rqt/resource
copying plugin.xml -> /home/unai/FSB/fsb_sim/install/eufs_rqt/share/eufs_rqt
creating /home/unai/FSB/fsb_sim/install/eufs_rqt/share/ament_index
creating /home/unai/FSB/fsb_sim/install/eufs_rqt/share/ament_index/resource_index
creating /home/unai/FSB/fsb_sim/install/eufs_rqt/share/ament_index/resource_index/packages
copying resource/eufs_rqt -> /home/unai/FSB/fsb_sim/install/eufs_rqt/share/ament_index/resource_index/packages
copying package.xml -> /home/unai/FSB/fsb_sim/install/eufs_rqt/share/eufs_rqt
running install_egg_info
Copying ../build/eufs_rqt/eufs_rqt.egg-info to /home/unai/FSB/fsb_sim/install/eufs_rqt/lib/python3.10/site-packages/eufs_rqt-2.0.0-py3.10.egg-info
running install_scripts
creating /home/unai/FSB/fsb_sim/install/eufs_rqt/lib/eufs_rqt
copying /home/unai/FSB/fsb_sim/build/eufs_rqt/build/scripts-3.10/mission_control_gui -> /home/unai/FSB/fsb_sim/install/eufs_rqt/lib/eufs_rqt
copying /home/unai/FSB/fsb_sim/build/eufs_rqt/build/scripts-3.10/eufs_robot_steering_gui -> /home/unai/FSB/fsb_sim/install/eufs_rqt/lib/eufs_rqt
changing mode of /home/unai/FSB/fsb_sim/install/eufs_rqt/lib/eufs_rqt/mission_control_gui to 775
changing mode of /home/unai/FSB/fsb_sim/install/eufs_rqt/lib/eufs_rqt/eufs_robot_steering_gui to 775
writing list of installed files to '/home/unai/FSB/fsb_sim/build/eufs_rqt/install.log'
