[0.067s] DEBUG:colcon:Command line arguments: ['/usr/bin/colcon', 'build']
[0.067s] DEBUG:colcon:Parsed command line arguments: Namespace(log_base=None, log_level=None, verb_name='build', build_base='build', install_base='install', merge_install=False, symlink_install=False, test_result_base=None, continue_on_error=False, executor='parallel', parallel_workers=8, event_handlers=None, ignore_user_meta=False, metas=['./colcon.meta'], base_paths=['.'], packages_ignore=None, packages_ignore_regex=None, paths=None, packages_up_to=None, packages_up_to_regex=None, packages_above=None, packages_above_and_dependencies=None, packages_above_depth=None, packages_select_by_dep=None, packages_skip_by_dep=None, packages_skip_up_to=None, packages_select_build_failed=False, packages_skip_build_finished=False, packages_select_test_failures=False, packages_skip_test_passed=False, packages_select=None, packages_skip=None, packages_select_regex=None, packages_skip_regex=None, packages_start=None, packages_end=None, allow_overriding=[], cmake_args=None, cmake_target=None, cmake_target_skip_unavailable=False, cmake_clean_cache=False, cmake_clean_first=False, cmake_force_configure=False, ament_cmake_args=None, catkin_cmake_args=None, catkin_skip_building_tests=False, mixin_files=None, mixin=None, verb_parser=<colcon_mixin.mixin.mixin_argument.MixinArgumentDecorator object at 0x7b76fa04feb0>, verb_extension=<colcon_core.verb.build.BuildVerb object at 0x7b76fa04f9a0>, main=<bound method BuildVerb.main of <colcon_core.verb.build.BuildVerb object at 0x7b76fa04f9a0>>, mixin_verb=('build',))
[0.185s] Level 1:colcon.colcon_core.package_discovery:discover_packages(colcon_meta) check parameters
[0.185s] Level 1:colcon.colcon_core.package_discovery:discover_packages(recursive) check parameters
[0.185s] Level 1:colcon.colcon_core.package_discovery:discover_packages(ignore) check parameters
[0.185s] Level 1:colcon.colcon_core.package_discovery:discover_packages(path) check parameters
[0.185s] Level 1:colcon.colcon_core.package_discovery:discover_packages(colcon_meta) discover
[0.185s] Level 1:colcon.colcon_core.package_discovery:discover_packages(recursive) discover
[0.185s] INFO:colcon.colcon_core.package_discovery:Crawling recursively for packages in '/home/unai/FSB/fsb_sim'
[0.185s] Level 1:colcon.colcon_core.package_identification:_identify(.) by extensions ['ignore', 'ignore_ament_install']
[0.185s] Level 1:colcon.colcon_core.package_identification:_identify(.) by extension 'ignore'
[0.185s] Level 1:colcon.colcon_core.package_identification:_identify(.) by extension 'ignore_ament_install'
[0.185s] Level 1:colcon.colcon_core.package_identification:_identify(.) by extensions ['colcon_pkg']
[0.185s] Level 1:colcon.colcon_core.package_identification:_identify(.) by extension 'colcon_pkg'
[0.185s] Level 1:colcon.colcon_core.package_identification:_identify(.) by extensions ['colcon_meta']
[0.186s] Level 1:colcon.colcon_core.package_identification:_identify(.) by extension 'colcon_meta'
[0.186s] Level 1:colcon.colcon_core.package_identification:_identify(.) by extensions ['ros']
[0.186s] Level 1:colcon.colcon_core.package_identification:_identify(.) by extension 'ros'
[0.193s] Level 1:colcon.colcon_core.package_identification:_identify(.) by extensions ['cmake', 'python']
[0.193s] Level 1:colcon.colcon_core.package_identification:_identify(.) by extension 'cmake'
[0.193s] Level 1:colcon.colcon_core.package_identification:_identify(.) by extension 'python'
[0.193s] Level 1:colcon.colcon_core.package_identification:_identify(.) by extensions ['python_setup_py']
[0.193s] Level 1:colcon.colcon_core.package_identification:_identify(.) by extension 'python_setup_py'
[0.193s] Level 1:colcon.colcon_core.package_identification:_identify(build) by extensions ['ignore', 'ignore_ament_install']
[0.193s] Level 1:colcon.colcon_core.package_identification:_identify(build) by extension 'ignore'
[0.193s] Level 1:colcon.colcon_core.package_identification:_identify(build) ignored
[0.193s] Level 1:colcon.colcon_core.package_identification:_identify(eufs_launcher) by extensions ['ignore', 'ignore_ament_install']
[0.193s] Level 1:colcon.colcon_core.package_identification:_identify(eufs_launcher) by extension 'ignore'
[0.193s] Level 1:colcon.colcon_core.package_identification:_identify(eufs_launcher) by extension 'ignore_ament_install'
[0.193s] Level 1:colcon.colcon_core.package_identification:_identify(eufs_launcher) by extensions ['colcon_pkg']
[0.193s] Level 1:colcon.colcon_core.package_identification:_identify(eufs_launcher) by extension 'colcon_pkg'
[0.193s] Level 1:colcon.colcon_core.package_identification:_identify(eufs_launcher) by extensions ['colcon_meta']
[0.193s] Level 1:colcon.colcon_core.package_identification:_identify(eufs_launcher) by extension 'colcon_meta'
[0.193s] Level 1:colcon.colcon_core.package_identification:_identify(eufs_launcher) by extensions ['ros']
[0.193s] Level 1:colcon.colcon_core.package_identification:_identify(eufs_launcher) by extension 'ros'
[0.202s] DEBUG:colcon.colcon_core.package_identification:Package 'eufs_launcher' with type 'ros.ament_python' and name 'eufs_launcher'
[0.202s] Level 1:colcon.colcon_core.package_identification:_identify(eufs_models) by extensions ['ignore', 'ignore_ament_install']
[0.202s] Level 1:colcon.colcon_core.package_identification:_identify(eufs_models) by extension 'ignore'
[0.202s] Level 1:colcon.colcon_core.package_identification:_identify(eufs_models) by extension 'ignore_ament_install'
[0.202s] Level 1:colcon.colcon_core.package_identification:_identify(eufs_models) by extensions ['colcon_pkg']
[0.202s] Level 1:colcon.colcon_core.package_identification:_identify(eufs_models) by extension 'colcon_pkg'
[0.202s] Level 1:colcon.colcon_core.package_identification:_identify(eufs_models) by extensions ['colcon_meta']
[0.202s] Level 1:colcon.colcon_core.package_identification:_identify(eufs_models) by extension 'colcon_meta'
[0.202s] Level 1:colcon.colcon_core.package_identification:_identify(eufs_models) by extensions ['ros']
[0.202s] Level 1:colcon.colcon_core.package_identification:_identify(eufs_models) by extension 'ros'
[0.203s] DEBUG:colcon.colcon_core.package_identification:Package 'eufs_models' with type 'ros.ament_cmake' and name 'eufs_models'
[0.203s] Level 1:colcon.colcon_core.package_identification:_identify(eufs_msgs) by extensions ['ignore', 'ignore_ament_install']
[0.203s] Level 1:colcon.colcon_core.package_identification:_identify(eufs_msgs) by extension 'ignore'
[0.203s] Level 1:colcon.colcon_core.package_identification:_identify(eufs_msgs) by extension 'ignore_ament_install'
[0.203s] Level 1:colcon.colcon_core.package_identification:_identify(eufs_msgs) by extensions ['colcon_pkg']
[0.203s] Level 1:colcon.colcon_core.package_identification:_identify(eufs_msgs) by extension 'colcon_pkg'
[0.203s] Level 1:colcon.colcon_core.package_identification:_identify(eufs_msgs) by extensions ['colcon_meta']
[0.203s] Level 1:colcon.colcon_core.package_identification:_identify(eufs_msgs) by extension 'colcon_meta'
[0.203s] Level 1:colcon.colcon_core.package_identification:_identify(eufs_msgs) by extensions ['ros']
[0.203s] Level 1:colcon.colcon_core.package_identification:_identify(eufs_msgs) by extension 'ros'
[0.203s] DEBUG:colcon.colcon_core.package_identification:Package 'eufs_msgs' with type 'ros.ament_cmake' and name 'eufs_msgs'
[0.203s] Level 1:colcon.colcon_core.package_identification:_identify(eufs_plugins) by extensions ['ignore', 'ignore_ament_install']
[0.203s] Level 1:colcon.colcon_core.package_identification:_identify(eufs_plugins) by extension 'ignore'
[0.203s] Level 1:colcon.colcon_core.package_identification:_identify(eufs_plugins) by extension 'ignore_ament_install'
[0.203s] Level 1:colcon.colcon_core.package_identification:_identify(eufs_plugins) by extensions ['colcon_pkg']
[0.203s] Level 1:colcon.colcon_core.package_identification:_identify(eufs_plugins) by extension 'colcon_pkg'
[0.203s] Level 1:colcon.colcon_core.package_identification:_identify(eufs_plugins) by extensions ['colcon_meta']
[0.203s] Level 1:colcon.colcon_core.package_identification:_identify(eufs_plugins) by extension 'colcon_meta'
[0.203s] Level 1:colcon.colcon_core.package_identification:_identify(eufs_plugins) by extensions ['ros']
[0.203s] Level 1:colcon.colcon_core.package_identification:_identify(eufs_plugins) by extension 'ros'
[0.204s] DEBUG:colcon.colcon_core.package_identification:Package 'eufs_plugins' with type 'ros.ament_cmake' and name 'eufs_plugins'
[0.204s] Level 1:colcon.colcon_core.package_identification:_identify(eufs_racecar) by extensions ['ignore', 'ignore_ament_install']
[0.205s] Level 1:colcon.colcon_core.package_identification:_identify(eufs_racecar) by extension 'ignore'
[0.205s] Level 1:colcon.colcon_core.package_identification:_identify(eufs_racecar) by extension 'ignore_ament_install'
[0.205s] Level 1:colcon.colcon_core.package_identification:_identify(eufs_racecar) by extensions ['colcon_pkg']
[0.205s] Level 1:colcon.colcon_core.package_identification:_identify(eufs_racecar) by extension 'colcon_pkg'
[0.205s] Level 1:colcon.colcon_core.package_identification:_identify(eufs_racecar) by extensions ['colcon_meta']
[0.205s] Level 1:colcon.colcon_core.package_identification:_identify(eufs_racecar) by extension 'colcon_meta'
[0.205s] Level 1:colcon.colcon_core.package_identification:_identify(eufs_racecar) by extensions ['ros']
[0.205s] Level 1:colcon.colcon_core.package_identification:_identify(eufs_racecar) by extension 'ros'
[0.205s] DEBUG:colcon.colcon_core.package_identification:Package 'eufs_racecar' with type 'ros.ament_python' and name 'eufs_racecar'
[0.205s] Level 1:colcon.colcon_core.package_identification:_identify(eufs_rqt) by extensions ['ignore', 'ignore_ament_install']
[0.205s] Level 1:colcon.colcon_core.package_identification:_identify(eufs_rqt) by extension 'ignore'
[0.205s] Level 1:colcon.colcon_core.package_identification:_identify(eufs_rqt) by extension 'ignore_ament_install'
[0.205s] Level 1:colcon.colcon_core.package_identification:_identify(eufs_rqt) by extensions ['colcon_pkg']
[0.205s] Level 1:colcon.colcon_core.package_identification:_identify(eufs_rqt) by extension 'colcon_pkg'
[0.206s] Level 1:colcon.colcon_core.package_identification:_identify(eufs_rqt) by extensions ['colcon_meta']
[0.206s] Level 1:colcon.colcon_core.package_identification:_identify(eufs_rqt) by extension 'colcon_meta'
[0.206s] Level 1:colcon.colcon_core.package_identification:_identify(eufs_rqt) by extensions ['ros']
[0.206s] Level 1:colcon.colcon_core.package_identification:_identify(eufs_rqt) by extension 'ros'
[0.206s] DEBUG:colcon.colcon_core.package_identification:Package 'eufs_rqt' with type 'ros.ament_python' and name 'eufs_rqt'
[0.206s] Level 1:colcon.colcon_core.package_identification:_identify(eufs_sensors) by extensions ['ignore', 'ignore_ament_install']
[0.206s] Level 1:colcon.colcon_core.package_identification:_identify(eufs_sensors) by extension 'ignore'
[0.206s] Level 1:colcon.colcon_core.package_identification:_identify(eufs_sensors) by extension 'ignore_ament_install'
[0.206s] Level 1:colcon.colcon_core.package_identification:_identify(eufs_sensors) by extensions ['colcon_pkg']
[0.206s] Level 1:colcon.colcon_core.package_identification:_identify(eufs_sensors) by extension 'colcon_pkg'
[0.206s] Level 1:colcon.colcon_core.package_identification:_identify(eufs_sensors) by extensions ['colcon_meta']
[0.206s] Level 1:colcon.colcon_core.package_identification:_identify(eufs_sensors) by extension 'colcon_meta'
[0.206s] Level 1:colcon.colcon_core.package_identification:_identify(eufs_sensors) by extensions ['ros']
[0.206s] Level 1:colcon.colcon_core.package_identification:_identify(eufs_sensors) by extension 'ros'
[0.207s] DEBUG:colcon.colcon_core.package_identification:Package 'eufs_sensors' with type 'ros.ament_cmake' and name 'eufs_sensors'
[0.207s] Level 1:colcon.colcon_core.package_identification:_identify(eufs_tracks) by extensions ['ignore', 'ignore_ament_install']
[0.207s] Level 1:colcon.colcon_core.package_identification:_identify(eufs_tracks) by extension 'ignore'
[0.207s] Level 1:colcon.colcon_core.package_identification:_identify(eufs_tracks) by extension 'ignore_ament_install'
[0.207s] Level 1:colcon.colcon_core.package_identification:_identify(eufs_tracks) by extensions ['colcon_pkg']
[0.207s] Level 1:colcon.colcon_core.package_identification:_identify(eufs_tracks) by extension 'colcon_pkg'
[0.207s] Level 1:colcon.colcon_core.package_identification:_identify(eufs_tracks) by extensions ['colcon_meta']
[0.207s] Level 1:colcon.colcon_core.package_identification:_identify(eufs_tracks) by extension 'colcon_meta'
[0.207s] Level 1:colcon.colcon_core.package_identification:_identify(eufs_tracks) by extensions ['ros']
[0.207s] Level 1:colcon.colcon_core.package_identification:_identify(eufs_tracks) by extension 'ros'
[0.207s] DEBUG:colcon.colcon_core.package_identification:Package 'eufs_tracks' with type 'ros.ament_python' and name 'eufs_tracks'
[0.208s] Level 1:colcon.colcon_core.package_identification:_identify(install) by extensions ['ignore', 'ignore_ament_install']
[0.208s] Level 1:colcon.colcon_core.package_identification:_identify(install) by extension 'ignore'
[0.208s] Level 1:colcon.colcon_core.package_identification:_identify(install) ignored
[0.208s] Level 1:colcon.colcon_core.package_identification:_identify(log) by extensions ['ignore', 'ignore_ament_install']
[0.208s] Level 1:colcon.colcon_core.package_identification:_identify(log) by extension 'ignore'
[0.208s] Level 1:colcon.colcon_core.package_identification:_identify(log) ignored
[0.208s] Level 1:colcon.colcon_core.package_discovery:discover_packages(recursive) using defaults
[0.208s] Level 1:colcon.colcon_core.package_discovery:discover_packages(ignore) discover
[0.208s] Level 1:colcon.colcon_core.package_discovery:discover_packages(ignore) using defaults
[0.208s] Level 1:colcon.colcon_core.package_discovery:discover_packages(path) discover
[0.208s] Level 1:colcon.colcon_core.package_discovery:discover_packages(path) using defaults
[0.221s] Level 1:colcon.colcon_core.package_discovery:discover_packages(prefix_path) check parameters
[0.221s] Level 1:colcon.colcon_core.package_discovery:discover_packages(prefix_path) discover
[0.222s] DEBUG:colcon.colcon_installed_package_information.package_discovery:Found 293 installed packages in /opt/ros/humble
[0.223s] Level 1:colcon.colcon_core.package_discovery:discover_packages(prefix_path) using defaults
[0.246s] Level 5:colcon.colcon_core.verb:set package 'eufs_msgs' build argument 'cmake_args' from command line to 'None'
[0.246s] Level 5:colcon.colcon_core.verb:set package 'eufs_msgs' build argument 'cmake_target' from command line to 'None'
[0.246s] Level 5:colcon.colcon_core.verb:set package 'eufs_msgs' build argument 'cmake_target_skip_unavailable' from command line to 'False'
[0.246s] Level 5:colcon.colcon_core.verb:set package 'eufs_msgs' build argument 'cmake_clean_cache' from command line to 'False'
[0.246s] Level 5:colcon.colcon_core.verb:set package 'eufs_msgs' build argument 'cmake_clean_first' from command line to 'False'
[0.246s] Level 5:colcon.colcon_core.verb:set package 'eufs_msgs' build argument 'cmake_force_configure' from command line to 'False'
[0.246s] Level 5:colcon.colcon_core.verb:set package 'eufs_msgs' build argument 'ament_cmake_args' from command line to 'None'
[0.246s] Level 5:colcon.colcon_core.verb:set package 'eufs_msgs' build argument 'catkin_cmake_args' from command line to 'None'
[0.246s] Level 5:colcon.colcon_core.verb:set package 'eufs_msgs' build argument 'catkin_skip_building_tests' from command line to 'False'
[0.246s] DEBUG:colcon.colcon_core.verb:Building package 'eufs_msgs' with the following arguments: {'ament_cmake_args': None, 'build_base': '/home/unai/FSB/fsb_sim/build/eufs_msgs', 'catkin_cmake_args': None, 'catkin_skip_building_tests': False, 'cmake_args': None, 'cmake_clean_cache': False, 'cmake_clean_first': False, 'cmake_force_configure': False, 'cmake_target': None, 'cmake_target_skip_unavailable': False, 'install_base': '/home/unai/FSB/fsb_sim/install/eufs_msgs', 'merge_install': False, 'path': '/home/unai/FSB/fsb_sim/eufs_msgs', 'symlink_install': False, 'test_result_base': None}
[0.246s] Level 5:colcon.colcon_core.verb:set package 'eufs_racecar' build argument 'cmake_args' from command line to 'None'
[0.246s] Level 5:colcon.colcon_core.verb:set package 'eufs_racecar' build argument 'cmake_target' from command line to 'None'
[0.246s] Level 5:colcon.colcon_core.verb:set package 'eufs_racecar' build argument 'cmake_target_skip_unavailable' from command line to 'False'
[0.246s] Level 5:colcon.colcon_core.verb:set package 'eufs_racecar' build argument 'cmake_clean_cache' from command line to 'False'
[0.246s] Level 5:colcon.colcon_core.verb:set package 'eufs_racecar' build argument 'cmake_clean_first' from command line to 'False'
[0.246s] Level 5:colcon.colcon_core.verb:set package 'eufs_racecar' build argument 'cmake_force_configure' from command line to 'False'
[0.246s] Level 5:colcon.colcon_core.verb:set package 'eufs_racecar' build argument 'ament_cmake_args' from command line to 'None'
[0.246s] Level 5:colcon.colcon_core.verb:set package 'eufs_racecar' build argument 'catkin_cmake_args' from command line to 'None'
[0.246s] Level 5:colcon.colcon_core.verb:set package 'eufs_racecar' build argument 'catkin_skip_building_tests' from command line to 'False'
[0.246s] DEBUG:colcon.colcon_core.verb:Building package 'eufs_racecar' with the following arguments: {'ament_cmake_args': None, 'build_base': '/home/unai/FSB/fsb_sim/build/eufs_racecar', 'catkin_cmake_args': None, 'catkin_skip_building_tests': False, 'cmake_args': None, 'cmake_clean_cache': False, 'cmake_clean_first': False, 'cmake_force_configure': False, 'cmake_target': None, 'cmake_target_skip_unavailable': False, 'install_base': '/home/unai/FSB/fsb_sim/install/eufs_racecar', 'merge_install': False, 'path': '/home/unai/FSB/fsb_sim/eufs_racecar', 'symlink_install': False, 'test_result_base': None}
[0.247s] Level 5:colcon.colcon_core.verb:set package 'eufs_sensors' build argument 'cmake_args' from command line to 'None'
[0.247s] Level 5:colcon.colcon_core.verb:set package 'eufs_sensors' build argument 'cmake_target' from command line to 'None'
[0.247s] Level 5:colcon.colcon_core.verb:set package 'eufs_sensors' build argument 'cmake_target_skip_unavailable' from command line to 'False'
[0.247s] Level 5:colcon.colcon_core.verb:set package 'eufs_sensors' build argument 'cmake_clean_cache' from command line to 'False'
[0.247s] Level 5:colcon.colcon_core.verb:set package 'eufs_sensors' build argument 'cmake_clean_first' from command line to 'False'
[0.247s] Level 5:colcon.colcon_core.verb:set package 'eufs_sensors' build argument 'cmake_force_configure' from command line to 'False'
[0.247s] Level 5:colcon.colcon_core.verb:set package 'eufs_sensors' build argument 'ament_cmake_args' from command line to 'None'
[0.247s] Level 5:colcon.colcon_core.verb:set package 'eufs_sensors' build argument 'catkin_cmake_args' from command line to 'None'
[0.247s] Level 5:colcon.colcon_core.verb:set package 'eufs_sensors' build argument 'catkin_skip_building_tests' from command line to 'False'
[0.247s] DEBUG:colcon.colcon_core.verb:Building package 'eufs_sensors' with the following arguments: {'ament_cmake_args': None, 'build_base': '/home/unai/FSB/fsb_sim/build/eufs_sensors', 'catkin_cmake_args': None, 'catkin_skip_building_tests': False, 'cmake_args': None, 'cmake_clean_cache': False, 'cmake_clean_first': False, 'cmake_force_configure': False, 'cmake_target': None, 'cmake_target_skip_unavailable': False, 'install_base': '/home/unai/FSB/fsb_sim/install/eufs_sensors', 'merge_install': False, 'path': '/home/unai/FSB/fsb_sim/eufs_sensors', 'symlink_install': False, 'test_result_base': None}
[0.247s] Level 5:colcon.colcon_core.verb:set package 'eufs_tracks' build argument 'cmake_args' from command line to 'None'
[0.247s] Level 5:colcon.colcon_core.verb:set package 'eufs_tracks' build argument 'cmake_target' from command line to 'None'
[0.247s] Level 5:colcon.colcon_core.verb:set package 'eufs_tracks' build argument 'cmake_target_skip_unavailable' from command line to 'False'
[0.247s] Level 5:colcon.colcon_core.verb:set package 'eufs_tracks' build argument 'cmake_clean_cache' from command line to 'False'
[0.247s] Level 5:colcon.colcon_core.verb:set package 'eufs_tracks' build argument 'cmake_clean_first' from command line to 'False'
[0.247s] Level 5:colcon.colcon_core.verb:set package 'eufs_tracks' build argument 'cmake_force_configure' from command line to 'False'
[0.247s] Level 5:colcon.colcon_core.verb:set package 'eufs_tracks' build argument 'ament_cmake_args' from command line to 'None'
[0.247s] Level 5:colcon.colcon_core.verb:set package 'eufs_tracks' build argument 'catkin_cmake_args' from command line to 'None'
[0.247s] Level 5:colcon.colcon_core.verb:set package 'eufs_tracks' build argument 'catkin_skip_building_tests' from command line to 'False'
[0.247s] DEBUG:colcon.colcon_core.verb:Building package 'eufs_tracks' with the following arguments: {'ament_cmake_args': None, 'build_base': '/home/unai/FSB/fsb_sim/build/eufs_tracks', 'catkin_cmake_args': None, 'catkin_skip_building_tests': False, 'cmake_args': None, 'cmake_clean_cache': False, 'cmake_clean_first': False, 'cmake_force_configure': False, 'cmake_target': None, 'cmake_target_skip_unavailable': False, 'install_base': '/home/unai/FSB/fsb_sim/install/eufs_tracks', 'merge_install': False, 'path': '/home/unai/FSB/fsb_sim/eufs_tracks', 'symlink_install': False, 'test_result_base': None}
[0.247s] Level 5:colcon.colcon_core.verb:set package 'eufs_launcher' build argument 'cmake_args' from command line to 'None'
[0.247s] Level 5:colcon.colcon_core.verb:set package 'eufs_launcher' build argument 'cmake_target' from command line to 'None'
[0.247s] Level 5:colcon.colcon_core.verb:set package 'eufs_launcher' build argument 'cmake_target_skip_unavailable' from command line to 'False'
[0.247s] Level 5:colcon.colcon_core.verb:set package 'eufs_launcher' build argument 'cmake_clean_cache' from command line to 'False'
[0.247s] Level 5:colcon.colcon_core.verb:set package 'eufs_launcher' build argument 'cmake_clean_first' from command line to 'False'
[0.247s] Level 5:colcon.colcon_core.verb:set package 'eufs_launcher' build argument 'cmake_force_configure' from command line to 'False'
[0.247s] Level 5:colcon.colcon_core.verb:set package 'eufs_launcher' build argument 'ament_cmake_args' from command line to 'None'
[0.247s] Level 5:colcon.colcon_core.verb:set package 'eufs_launcher' build argument 'catkin_cmake_args' from command line to 'None'
[0.248s] Level 5:colcon.colcon_core.verb:set package 'eufs_launcher' build argument 'catkin_skip_building_tests' from command line to 'False'
[0.248s] DEBUG:colcon.colcon_core.verb:Building package 'eufs_launcher' with the following arguments: {'ament_cmake_args': None, 'build_base': '/home/unai/FSB/fsb_sim/build/eufs_launcher', 'catkin_cmake_args': None, 'catkin_skip_building_tests': False, 'cmake_args': None, 'cmake_clean_cache': False, 'cmake_clean_first': False, 'cmake_force_configure': False, 'cmake_target': None, 'cmake_target_skip_unavailable': False, 'install_base': '/home/unai/FSB/fsb_sim/install/eufs_launcher', 'merge_install': False, 'path': '/home/unai/FSB/fsb_sim/eufs_launcher', 'symlink_install': False, 'test_result_base': None}
[0.248s] Level 5:colcon.colcon_core.verb:set package 'eufs_models' build argument 'cmake_args' from command line to 'None'
[0.248s] Level 5:colcon.colcon_core.verb:set package 'eufs_models' build argument 'cmake_target' from command line to 'None'
[0.248s] Level 5:colcon.colcon_core.verb:set package 'eufs_models' build argument 'cmake_target_skip_unavailable' from command line to 'False'
[0.248s] Level 5:colcon.colcon_core.verb:set package 'eufs_models' build argument 'cmake_clean_cache' from command line to 'False'
[0.248s] Level 5:colcon.colcon_core.verb:set package 'eufs_models' build argument 'cmake_clean_first' from command line to 'False'
[0.248s] Level 5:colcon.colcon_core.verb:set package 'eufs_models' build argument 'cmake_force_configure' from command line to 'False'
[0.248s] Level 5:colcon.colcon_core.verb:set package 'eufs_models' build argument 'ament_cmake_args' from command line to 'None'
[0.248s] Level 5:colcon.colcon_core.verb:set package 'eufs_models' build argument 'catkin_cmake_args' from command line to 'None'
[0.248s] Level 5:colcon.colcon_core.verb:set package 'eufs_models' build argument 'catkin_skip_building_tests' from command line to 'False'
[0.248s] DEBUG:colcon.colcon_core.verb:Building package 'eufs_models' with the following arguments: {'ament_cmake_args': None, 'build_base': '/home/unai/FSB/fsb_sim/build/eufs_models', 'catkin_cmake_args': None, 'catkin_skip_building_tests': False, 'cmake_args': None, 'cmake_clean_cache': False, 'cmake_clean_first': False, 'cmake_force_configure': False, 'cmake_target': None, 'cmake_target_skip_unavailable': False, 'install_base': '/home/unai/FSB/fsb_sim/install/eufs_models', 'merge_install': False, 'path': '/home/unai/FSB/fsb_sim/eufs_models', 'symlink_install': False, 'test_result_base': None}
[0.248s] Level 5:colcon.colcon_core.verb:set package 'eufs_rqt' build argument 'cmake_args' from command line to 'None'
[0.248s] Level 5:colcon.colcon_core.verb:set package 'eufs_rqt' build argument 'cmake_target' from command line to 'None'
[0.248s] Level 5:colcon.colcon_core.verb:set package 'eufs_rqt' build argument 'cmake_target_skip_unavailable' from command line to 'False'
[0.248s] Level 5:colcon.colcon_core.verb:set package 'eufs_rqt' build argument 'cmake_clean_cache' from command line to 'False'
[0.248s] Level 5:colcon.colcon_core.verb:set package 'eufs_rqt' build argument 'cmake_clean_first' from command line to 'False'
[0.248s] Level 5:colcon.colcon_core.verb:set package 'eufs_rqt' build argument 'cmake_force_configure' from command line to 'False'
[0.248s] Level 5:colcon.colcon_core.verb:set package 'eufs_rqt' build argument 'ament_cmake_args' from command line to 'None'
[0.248s] Level 5:colcon.colcon_core.verb:set package 'eufs_rqt' build argument 'catkin_cmake_args' from command line to 'None'
[0.248s] Level 5:colcon.colcon_core.verb:set package 'eufs_rqt' build argument 'catkin_skip_building_tests' from command line to 'False'
[0.248s] DEBUG:colcon.colcon_core.verb:Building package 'eufs_rqt' with the following arguments: {'ament_cmake_args': None, 'build_base': '/home/unai/FSB/fsb_sim/build/eufs_rqt', 'catkin_cmake_args': None, 'catkin_skip_building_tests': False, 'cmake_args': None, 'cmake_clean_cache': False, 'cmake_clean_first': False, 'cmake_force_configure': False, 'cmake_target': None, 'cmake_target_skip_unavailable': False, 'install_base': '/home/unai/FSB/fsb_sim/install/eufs_rqt', 'merge_install': False, 'path': '/home/unai/FSB/fsb_sim/eufs_rqt', 'symlink_install': False, 'test_result_base': None}
[0.249s] Level 5:colcon.colcon_core.verb:set package 'eufs_plugins' build argument 'cmake_args' from command line to 'None'
[0.249s] Level 5:colcon.colcon_core.verb:set package 'eufs_plugins' build argument 'cmake_target' from command line to 'None'
[0.249s] Level 5:colcon.colcon_core.verb:set package 'eufs_plugins' build argument 'cmake_target_skip_unavailable' from command line to 'False'
[0.249s] Level 5:colcon.colcon_core.verb:set package 'eufs_plugins' build argument 'cmake_clean_cache' from command line to 'False'
[0.249s] Level 5:colcon.colcon_core.verb:set package 'eufs_plugins' build argument 'cmake_clean_first' from command line to 'False'
[0.249s] Level 5:colcon.colcon_core.verb:set package 'eufs_plugins' build argument 'cmake_force_configure' from command line to 'False'
[0.249s] Level 5:colcon.colcon_core.verb:set package 'eufs_plugins' build argument 'ament_cmake_args' from command line to 'None'
[0.249s] Level 5:colcon.colcon_core.verb:set package 'eufs_plugins' build argument 'catkin_cmake_args' from command line to 'None'
[0.249s] Level 5:colcon.colcon_core.verb:set package 'eufs_plugins' build argument 'catkin_skip_building_tests' from command line to 'False'
[0.249s] DEBUG:colcon.colcon_core.verb:Building package 'eufs_plugins' with the following arguments: {'ament_cmake_args': None, 'build_base': '/home/unai/FSB/fsb_sim/build/eufs_plugins', 'catkin_cmake_args': None, 'catkin_skip_building_tests': False, 'cmake_args': None, 'cmake_clean_cache': False, 'cmake_clean_first': False, 'cmake_force_configure': False, 'cmake_target': None, 'cmake_target_skip_unavailable': False, 'install_base': '/home/unai/FSB/fsb_sim/install/eufs_plugins', 'merge_install': False, 'path': '/home/unai/FSB/fsb_sim/eufs_plugins', 'symlink_install': False, 'test_result_base': None}
[0.249s] INFO:colcon.colcon_core.executor:Executing jobs using 'parallel' executor
[0.249s] DEBUG:colcon.colcon_parallel_executor.executor.parallel:run_until_complete
[0.250s] INFO:colcon.colcon_ros.task.ament_cmake.build:Building ROS package in '/home/unai/FSB/fsb_sim/eufs_msgs' with build type 'ament_cmake'
[0.250s] INFO:colcon.colcon_cmake.task.cmake.build:Building CMake package in '/home/unai/FSB/fsb_sim/eufs_msgs'
[0.251s] INFO:colcon.colcon_core.plugin_system:Skipping extension 'colcon_core.shell.bat': Not used on non-Windows systems
[0.251s] INFO:colcon.colcon_core.shell:Skip shell extension 'powershell' for command environment: Not usable outside of PowerShell
[0.251s] DEBUG:colcon.colcon_core.shell:Skip shell extension 'dsv' for command environment
[0.253s] INFO:colcon.colcon_ros.task.ament_python.build:Building ROS package in '/home/unai/FSB/fsb_sim/eufs_tracks' with build type 'ament_python'
[0.253s] Level 1:colcon.colcon_core.shell:create_environment_hook('eufs_tracks', 'ament_prefix_path')
[0.253s] INFO:colcon.colcon_core.shell:Creating environment hook '/home/unai/FSB/fsb_sim/install/eufs_tracks/share/eufs_tracks/hook/ament_prefix_path.ps1'
[0.254s] INFO:colcon.colcon_core.shell:Creating environment descriptor '/home/unai/FSB/fsb_sim/install/eufs_tracks/share/eufs_tracks/hook/ament_prefix_path.dsv'
[0.254s] INFO:colcon.colcon_core.shell:Creating environment hook '/home/unai/FSB/fsb_sim/install/eufs_tracks/share/eufs_tracks/hook/ament_prefix_path.sh'
[0.254s] INFO:colcon.colcon_core.shell:Skip shell extension 'powershell' for command environment: Not usable outside of PowerShell
[0.254s] DEBUG:colcon.colcon_core.shell:Skip shell extension 'dsv' for command environment
[0.256s] INFO:colcon.colcon_ros.task.ament_python.build:Building ROS package in '/home/unai/FSB/fsb_sim/eufs_racecar' with build type 'ament_python'
[0.256s] Level 1:colcon.colcon_core.shell:create_environment_hook('eufs_racecar', 'ament_prefix_path')
[0.256s] INFO:colcon.colcon_core.shell:Creating environment hook '/home/unai/FSB/fsb_sim/install/eufs_racecar/share/eufs_racecar/hook/ament_prefix_path.ps1'
[0.256s] INFO:colcon.colcon_core.shell:Creating environment descriptor '/home/unai/FSB/fsb_sim/install/eufs_racecar/share/eufs_racecar/hook/ament_prefix_path.dsv'
[0.256s] INFO:colcon.colcon_core.shell:Creating environment hook '/home/unai/FSB/fsb_sim/install/eufs_racecar/share/eufs_racecar/hook/ament_prefix_path.sh'
[0.257s] INFO:colcon.colcon_core.shell:Skip shell extension 'powershell' for command environment: Not usable outside of PowerShell
[0.257s] DEBUG:colcon.colcon_core.shell:Skip shell extension 'dsv' for command environment
[0.258s] INFO:colcon.colcon_ros.task.ament_cmake.build:Building ROS package in '/home/unai/FSB/fsb_sim/eufs_sensors' with build type 'ament_cmake'
[0.258s] INFO:colcon.colcon_cmake.task.cmake.build:Building CMake package in '/home/unai/FSB/fsb_sim/eufs_sensors'
[0.258s] INFO:colcon.colcon_core.shell:Skip shell extension 'powershell' for command environment: Not usable outside of PowerShell
[0.258s] DEBUG:colcon.colcon_core.shell:Skip shell extension 'dsv' for command environment
[0.284s] DEBUG:colcon.colcon_core.event_handler.log_command:Invoking command in '/home/unai/FSB/fsb_sim/build/eufs_msgs': CMAKE_PREFIX_PATH=/opt/ros/humble /usr/bin/cmake /home/unai/FSB/fsb_sim/eufs_msgs -DCMAKE_INSTALL_PREFIX=/home/unai/FSB/fsb_sim/install/eufs_msgs
[0.462s] INFO:colcon.colcon_core.task.python.build:Building Python package in '/home/unai/FSB/fsb_sim/eufs_tracks'
[0.462s] INFO:colcon.colcon_core.shell:Skip shell extension 'powershell' for command environment: Not usable outside of PowerShell
[0.462s] DEBUG:colcon.colcon_core.shell:Skip shell extension 'dsv' for command environment
[0.648s] INFO:colcon.colcon_core.task.python.build:Building Python package in '/home/unai/FSB/fsb_sim/eufs_racecar'
[0.649s] INFO:colcon.colcon_core.shell:Skip shell extension 'powershell' for command environment: Not usable outside of PowerShell
[0.649s] DEBUG:colcon.colcon_core.shell:Skip shell extension 'dsv' for command environment
[0.673s] DEBUG:colcon.colcon_core.event_handler.log_command:Invoking command in '/home/unai/FSB/fsb_sim/build/eufs_sensors': CMAKE_PREFIX_PATH=/opt/ros/humble /usr/bin/cmake --build /home/unai/FSB/fsb_sim/build/eufs_sensors -- -j8 -l8
[0.698s] DEBUG:colcon.colcon_core.event_handler.log_command:Invoked command in '/home/unai/FSB/fsb_sim/build/eufs_sensors' returned '0': CMAKE_PREFIX_PATH=/opt/ros/humble /usr/bin/cmake --build /home/unai/FSB/fsb_sim/build/eufs_sensors -- -j8 -l8
[0.719s] DEBUG:colcon.colcon_core.event_handler.log_command:Invoking command in '/home/unai/FSB/fsb_sim/build/eufs_sensors': CMAKE_PREFIX_PATH=/opt/ros/humble /usr/bin/cmake --install /home/unai/FSB/fsb_sim/build/eufs_sensors
[0.729s] Level 1:colcon.colcon_core.environment:create_environment_scripts_only(eufs_sensors)
[0.730s] DEBUG:colcon.colcon_core.event_handler.log_command:Invoked command in '/home/unai/FSB/fsb_sim/build/eufs_sensors' returned '0': CMAKE_PREFIX_PATH=/opt/ros/humble /usr/bin/cmake --install /home/unai/FSB/fsb_sim/build/eufs_sensors
[0.730s] Level 1:colcon.colcon_core.environment:checking '/home/unai/FSB/fsb_sim/install/eufs_sensors' for CMake module files
[0.731s] Level 1:colcon.colcon_core.environment:checking '/home/unai/FSB/fsb_sim/install/eufs_sensors' for CMake config files
[0.731s] Level 1:colcon.colcon_core.shell:create_environment_hook('eufs_sensors', 'cmake_prefix_path')
[0.731s] INFO:colcon.colcon_core.shell:Creating environment hook '/home/unai/FSB/fsb_sim/install/eufs_sensors/share/eufs_sensors/hook/cmake_prefix_path.ps1'
[0.731s] INFO:colcon.colcon_core.shell:Creating environment descriptor '/home/unai/FSB/fsb_sim/install/eufs_sensors/share/eufs_sensors/hook/cmake_prefix_path.dsv'
[0.731s] INFO:colcon.colcon_core.shell:Creating environment hook '/home/unai/FSB/fsb_sim/install/eufs_sensors/share/eufs_sensors/hook/cmake_prefix_path.sh'
[0.732s] Level 1:colcon.colcon_core.environment:checking '/home/unai/FSB/fsb_sim/install/eufs_sensors/bin'
[0.732s] Level 1:colcon.colcon_core.environment:checking '/home/unai/FSB/fsb_sim/install/eufs_sensors/lib/pkgconfig/eufs_sensors.pc'
[0.732s] Level 1:colcon.colcon_core.environment:checking '/home/unai/FSB/fsb_sim/install/eufs_sensors/lib/python3.10/site-packages'
[0.732s] Level 1:colcon.colcon_core.environment:checking '/home/unai/FSB/fsb_sim/install/eufs_sensors/bin'
[0.732s] INFO:colcon.colcon_core.shell:Creating package script '/home/unai/FSB/fsb_sim/install/eufs_sensors/share/eufs_sensors/package.ps1'
[0.733s] INFO:colcon.colcon_core.shell:Creating package descriptor '/home/unai/FSB/fsb_sim/install/eufs_sensors/share/eufs_sensors/package.dsv'
[0.733s] INFO:colcon.colcon_core.shell:Creating package script '/home/unai/FSB/fsb_sim/install/eufs_sensors/share/eufs_sensors/package.sh'
[0.734s] INFO:colcon.colcon_core.shell:Creating package script '/home/unai/FSB/fsb_sim/install/eufs_sensors/share/eufs_sensors/package.bash'
[0.734s] INFO:colcon.colcon_core.shell:Creating package script '/home/unai/FSB/fsb_sim/install/eufs_sensors/share/eufs_sensors/package.zsh'
[0.734s] Level 1:colcon.colcon_core.environment:create_file_with_runtime_dependencies(/home/unai/FSB/fsb_sim/install/eufs_sensors/share/colcon-core/packages/eufs_sensors)
[0.747s] Level 1:colcon.colcon_core.environment:create_environment_scripts_only(eufs_sensors)
[0.748s] Level 1:colcon.colcon_core.environment:checking '/home/unai/FSB/fsb_sim/install/eufs_sensors' for CMake module files
[0.748s] Level 1:colcon.colcon_core.environment:checking '/home/unai/FSB/fsb_sim/install/eufs_sensors' for CMake config files
[0.749s] Level 1:colcon.colcon_core.shell:create_environment_hook('eufs_sensors', 'cmake_prefix_path')
[0.749s] INFO:colcon.colcon_core.shell:Creating environment hook '/home/unai/FSB/fsb_sim/install/eufs_sensors/share/eufs_sensors/hook/cmake_prefix_path.ps1'
[0.749s] INFO:colcon.colcon_core.shell:Creating environment descriptor '/home/unai/FSB/fsb_sim/install/eufs_sensors/share/eufs_sensors/hook/cmake_prefix_path.dsv'
[0.749s] INFO:colcon.colcon_core.shell:Creating environment hook '/home/unai/FSB/fsb_sim/install/eufs_sensors/share/eufs_sensors/hook/cmake_prefix_path.sh'
[0.750s] Level 1:colcon.colcon_core.environment:checking '/home/unai/FSB/fsb_sim/install/eufs_sensors/bin'
[0.750s] Level 1:colcon.colcon_core.environment:checking '/home/unai/FSB/fsb_sim/install/eufs_sensors/lib/pkgconfig/eufs_sensors.pc'
[0.751s] Level 1:colcon.colcon_core.environment:checking '/home/unai/FSB/fsb_sim/install/eufs_sensors/lib/python3.10/site-packages'
[0.751s] Level 1:colcon.colcon_core.environment:checking '/home/unai/FSB/fsb_sim/install/eufs_sensors/bin'
[0.751s] INFO:colcon.colcon_core.shell:Creating package script '/home/unai/FSB/fsb_sim/install/eufs_sensors/share/eufs_sensors/package.ps1'
[0.752s] INFO:colcon.colcon_core.shell:Creating package descriptor '/home/unai/FSB/fsb_sim/install/eufs_sensors/share/eufs_sensors/package.dsv'
[0.752s] INFO:colcon.colcon_core.shell:Creating package script '/home/unai/FSB/fsb_sim/install/eufs_sensors/share/eufs_sensors/package.sh'
[0.753s] INFO:colcon.colcon_core.shell:Creating package script '/home/unai/FSB/fsb_sim/install/eufs_sensors/share/eufs_sensors/package.bash'
[0.753s] INFO:colcon.colcon_core.shell:Creating package script '/home/unai/FSB/fsb_sim/install/eufs_sensors/share/eufs_sensors/package.zsh'
[0.753s] Level 1:colcon.colcon_core.environment:create_file_with_runtime_dependencies(/home/unai/FSB/fsb_sim/install/eufs_sensors/share/colcon-core/packages/eufs_sensors)
[0.958s] DEBUG:colcon.colcon_core.event_handler.log_command:Invoking command in '/home/unai/FSB/fsb_sim/eufs_racecar': PYTHONPATH=/home/unai/FSB/fsb_sim/build/eufs_racecar/prefix_override:/home/unai/FSB/fsb_sim/install/eufs_racecar/lib/python3.10/site-packages:${PYTHONPATH} /usr/bin/python3 -W ignore:setup.py install is deprecated setup.py egg_info --egg-base ../build/eufs_racecar build --build-base /home/unai/FSB/fsb_sim/build/eufs_racecar/build install --record /home/unai/FSB/fsb_sim/build/eufs_racecar/install.log --single-version-externally-managed install_data
[0.972s] DEBUG:colcon.colcon_core.event_handler.log_command:Invoking command in '/home/unai/FSB/fsb_sim/eufs_tracks': PYTHONPATH=/home/unai/FSB/fsb_sim/build/eufs_tracks/prefix_override:/home/unai/FSB/fsb_sim/install/eufs_tracks/lib/python3.10/site-packages:${PYTHONPATH} /usr/bin/python3 -W ignore:setup.py install is deprecated setup.py egg_info --egg-base ../build/eufs_tracks build --build-base /home/unai/FSB/fsb_sim/build/eufs_tracks/build install --record /home/unai/FSB/fsb_sim/build/eufs_tracks/install.log --single-version-externally-managed install_data
[1.177s] Level 1:colcon.colcon_core.environment:checking '/home/unai/FSB/fsb_sim/install/eufs_racecar' for CMake module files
[1.177s] DEBUG:colcon.colcon_core.event_handler.log_command:Invoked command in '/home/unai/FSB/fsb_sim/eufs_racecar' returned '0': PYTHONPATH=/home/unai/FSB/fsb_sim/build/eufs_racecar/prefix_override:/home/unai/FSB/fsb_sim/install/eufs_racecar/lib/python3.10/site-packages:${PYTHONPATH} /usr/bin/python3 -W ignore:setup.py install is deprecated setup.py egg_info --egg-base ../build/eufs_racecar build --build-base /home/unai/FSB/fsb_sim/build/eufs_racecar/build install --record /home/unai/FSB/fsb_sim/build/eufs_racecar/install.log --single-version-externally-managed install_data
[1.177s] Level 1:colcon.colcon_core.environment:checking '/home/unai/FSB/fsb_sim/install/eufs_racecar' for CMake config files
[1.178s] Level 1:colcon.colcon_core.environment:checking '/home/unai/FSB/fsb_sim/install/eufs_racecar/lib'
[1.178s] Level 1:colcon.colcon_core.environment:checking '/home/unai/FSB/fsb_sim/install/eufs_racecar/bin'
[1.178s] Level 1:colcon.colcon_core.environment:checking '/home/unai/FSB/fsb_sim/install/eufs_racecar/lib/pkgconfig/eufs_racecar.pc'
[1.178s] Level 1:colcon.colcon_core.environment:checking '/home/unai/FSB/fsb_sim/install/eufs_racecar/lib/python3.10/site-packages'
[1.178s] Level 1:colcon.colcon_core.shell:create_environment_hook('eufs_racecar', 'pythonpath')
[1.178s] INFO:colcon.colcon_core.shell:Creating environment hook '/home/unai/FSB/fsb_sim/install/eufs_racecar/share/eufs_racecar/hook/pythonpath.ps1'
[1.178s] INFO:colcon.colcon_core.shell:Creating environment descriptor '/home/unai/FSB/fsb_sim/install/eufs_racecar/share/eufs_racecar/hook/pythonpath.dsv'
[1.179s] INFO:colcon.colcon_core.shell:Creating environment hook '/home/unai/FSB/fsb_sim/install/eufs_racecar/share/eufs_racecar/hook/pythonpath.sh'
[1.179s] Level 1:colcon.colcon_core.environment:checking '/home/unai/FSB/fsb_sim/install/eufs_racecar/bin'
[1.179s] Level 1:colcon.colcon_core.environment:create_environment_scripts_only(eufs_racecar)
[1.180s] INFO:colcon.colcon_core.shell:Creating package script '/home/unai/FSB/fsb_sim/install/eufs_racecar/share/eufs_racecar/package.ps1'
[1.180s] INFO:colcon.colcon_core.shell:Creating package descriptor '/home/unai/FSB/fsb_sim/install/eufs_racecar/share/eufs_racecar/package.dsv'
[1.180s] INFO:colcon.colcon_core.shell:Creating package script '/home/unai/FSB/fsb_sim/install/eufs_racecar/share/eufs_racecar/package.sh'
[1.181s] INFO:colcon.colcon_core.shell:Creating package script '/home/unai/FSB/fsb_sim/install/eufs_racecar/share/eufs_racecar/package.bash'
[1.181s] INFO:colcon.colcon_core.shell:Creating package script '/home/unai/FSB/fsb_sim/install/eufs_racecar/share/eufs_racecar/package.zsh'
[1.181s] Level 1:colcon.colcon_core.environment:create_file_with_runtime_dependencies(/home/unai/FSB/fsb_sim/install/eufs_racecar/share/colcon-core/packages/eufs_racecar)
[1.243s] Level 1:colcon.colcon_core.environment:checking '/home/unai/FSB/fsb_sim/install/eufs_tracks' for CMake module files
[1.243s] DEBUG:colcon.colcon_core.event_handler.log_command:Invoked command in '/home/unai/FSB/fsb_sim/eufs_tracks' returned '0': PYTHONPATH=/home/unai/FSB/fsb_sim/build/eufs_tracks/prefix_override:/home/unai/FSB/fsb_sim/install/eufs_tracks/lib/python3.10/site-packages:${PYTHONPATH} /usr/bin/python3 -W ignore:setup.py install is deprecated setup.py egg_info --egg-base ../build/eufs_tracks build --build-base /home/unai/FSB/fsb_sim/build/eufs_tracks/build install --record /home/unai/FSB/fsb_sim/build/eufs_tracks/install.log --single-version-externally-managed install_data
[1.243s] Level 1:colcon.colcon_core.environment:checking '/home/unai/FSB/fsb_sim/install/eufs_tracks' for CMake config files
[1.244s] Level 1:colcon.colcon_core.environment:checking '/home/unai/FSB/fsb_sim/install/eufs_tracks/lib'
[1.244s] Level 1:colcon.colcon_core.environment:checking '/home/unai/FSB/fsb_sim/install/eufs_tracks/bin'
[1.244s] Level 1:colcon.colcon_core.environment:checking '/home/unai/FSB/fsb_sim/install/eufs_tracks/lib/pkgconfig/eufs_tracks.pc'
[1.244s] Level 1:colcon.colcon_core.environment:checking '/home/unai/FSB/fsb_sim/install/eufs_tracks/lib/python3.10/site-packages'
[1.244s] Level 1:colcon.colcon_core.shell:create_environment_hook('eufs_tracks', 'pythonpath')
[1.244s] INFO:colcon.colcon_core.shell:Creating environment hook '/home/unai/FSB/fsb_sim/install/eufs_tracks/share/eufs_tracks/hook/pythonpath.ps1'
[1.244s] INFO:colcon.colcon_core.shell:Creating environment descriptor '/home/unai/FSB/fsb_sim/install/eufs_tracks/share/eufs_tracks/hook/pythonpath.dsv'
[1.245s] INFO:colcon.colcon_core.shell:Creating environment hook '/home/unai/FSB/fsb_sim/install/eufs_tracks/share/eufs_tracks/hook/pythonpath.sh'
[1.245s] Level 1:colcon.colcon_core.environment:checking '/home/unai/FSB/fsb_sim/install/eufs_tracks/bin'
[1.245s] Level 1:colcon.colcon_core.environment:create_environment_scripts_only(eufs_tracks)
[1.245s] INFO:colcon.colcon_core.shell:Creating package script '/home/unai/FSB/fsb_sim/install/eufs_tracks/share/eufs_tracks/package.ps1'
[1.245s] INFO:colcon.colcon_core.shell:Creating package descriptor '/home/unai/FSB/fsb_sim/install/eufs_tracks/share/eufs_tracks/package.dsv'
[1.246s] INFO:colcon.colcon_core.shell:Creating package script '/home/unai/FSB/fsb_sim/install/eufs_tracks/share/eufs_tracks/package.sh'
[1.246s] INFO:colcon.colcon_core.shell:Creating package script '/home/unai/FSB/fsb_sim/install/eufs_tracks/share/eufs_tracks/package.bash'
[1.246s] INFO:colcon.colcon_core.shell:Creating package script '/home/unai/FSB/fsb_sim/install/eufs_tracks/share/eufs_tracks/package.zsh'
[1.246s] Level 1:colcon.colcon_core.environment:create_file_with_runtime_dependencies(/home/unai/FSB/fsb_sim/install/eufs_tracks/share/colcon-core/packages/eufs_tracks)
[1.246s] INFO:colcon.colcon_ros.task.ament_python.build:Building ROS package in '/home/unai/FSB/fsb_sim/eufs_launcher' with build type 'ament_python'
[1.246s] Level 1:colcon.colcon_core.shell:create_environment_hook('eufs_launcher', 'ament_prefix_path')
[1.247s] INFO:colcon.colcon_core.shell:Creating environment hook '/home/unai/FSB/fsb_sim/install/eufs_launcher/share/eufs_launcher/hook/ament_prefix_path.ps1'
[1.247s] INFO:colcon.colcon_core.shell:Creating environment descriptor '/home/unai/FSB/fsb_sim/install/eufs_launcher/share/eufs_launcher/hook/ament_prefix_path.dsv'
[1.247s] INFO:colcon.colcon_core.shell:Creating environment hook '/home/unai/FSB/fsb_sim/install/eufs_launcher/share/eufs_launcher/hook/ament_prefix_path.sh'
[1.247s] INFO:colcon.colcon_core.shell:Skip shell extension 'powershell' for command environment: Not usable outside of PowerShell
[1.247s] DEBUG:colcon.colcon_core.shell:Skip shell extension 'dsv' for command environment
[1.456s] INFO:colcon.colcon_core.task.python.build:Building Python package in '/home/unai/FSB/fsb_sim/eufs_launcher'
[1.456s] INFO:colcon.colcon_core.shell:Skip shell extension 'powershell' for command environment: Not usable outside of PowerShell
[1.456s] DEBUG:colcon.colcon_core.shell:Skip shell extension 'dsv' for command environment
[1.729s] DEBUG:colcon.colcon_core.event_handler.log_command:Invoking command in '/home/unai/FSB/fsb_sim/eufs_launcher': AMENT_PREFIX_PATH=/home/unai/FSB/fsb_sim/install/eufs_tracks:${AMENT_PREFIX_PATH} PYTHONPATH=/home/unai/FSB/fsb_sim/build/eufs_launcher/prefix_override:/home/unai/FSB/fsb_sim/install/eufs_launcher/lib/python3.10/site-packages:/home/unai/FSB/fsb_sim/install/eufs_tracks/lib/python3.10/site-packages:${PYTHONPATH} /usr/bin/python3 -W ignore:setup.py install is deprecated setup.py egg_info --egg-base ../build/eufs_launcher build --build-base /home/unai/FSB/fsb_sim/build/eufs_launcher/build install --record /home/unai/FSB/fsb_sim/build/eufs_launcher/install.log --single-version-externally-managed install_data
[1.954s] Level 1:colcon.colcon_core.environment:checking '/home/unai/FSB/fsb_sim/install/eufs_launcher' for CMake module files
[1.955s] DEBUG:colcon.colcon_core.event_handler.log_command:Invoked command in '/home/unai/FSB/fsb_sim/eufs_launcher' returned '0': AMENT_PREFIX_PATH=/home/unai/FSB/fsb_sim/install/eufs_tracks:${AMENT_PREFIX_PATH} PYTHONPATH=/home/unai/FSB/fsb_sim/build/eufs_launcher/prefix_override:/home/unai/FSB/fsb_sim/install/eufs_launcher/lib/python3.10/site-packages:/home/unai/FSB/fsb_sim/install/eufs_tracks/lib/python3.10/site-packages:${PYTHONPATH} /usr/bin/python3 -W ignore:setup.py install is deprecated setup.py egg_info --egg-base ../build/eufs_launcher build --build-base /home/unai/FSB/fsb_sim/build/eufs_launcher/build install --record /home/unai/FSB/fsb_sim/build/eufs_launcher/install.log --single-version-externally-managed install_data
[1.955s] Level 1:colcon.colcon_core.environment:checking '/home/unai/FSB/fsb_sim/install/eufs_launcher' for CMake config files
[1.955s] Level 1:colcon.colcon_core.environment:checking '/home/unai/FSB/fsb_sim/install/eufs_launcher/lib'
[1.956s] Level 1:colcon.colcon_core.environment:checking '/home/unai/FSB/fsb_sim/install/eufs_launcher/bin'
[1.956s] Level 1:colcon.colcon_core.environment:checking '/home/unai/FSB/fsb_sim/install/eufs_launcher/lib/pkgconfig/eufs_launcher.pc'
[1.956s] Level 1:colcon.colcon_core.environment:checking '/home/unai/FSB/fsb_sim/install/eufs_launcher/lib/python3.10/site-packages'
[1.956s] Level 1:colcon.colcon_core.shell:create_environment_hook('eufs_launcher', 'pythonpath')
[1.956s] INFO:colcon.colcon_core.shell:Creating environment hook '/home/unai/FSB/fsb_sim/install/eufs_launcher/share/eufs_launcher/hook/pythonpath.ps1'
[1.957s] INFO:colcon.colcon_core.shell:Creating environment descriptor '/home/unai/FSB/fsb_sim/install/eufs_launcher/share/eufs_launcher/hook/pythonpath.dsv'
[1.957s] INFO:colcon.colcon_core.shell:Creating environment hook '/home/unai/FSB/fsb_sim/install/eufs_launcher/share/eufs_launcher/hook/pythonpath.sh'
[1.957s] Level 1:colcon.colcon_core.environment:checking '/home/unai/FSB/fsb_sim/install/eufs_launcher/bin'
[1.957s] Level 1:colcon.colcon_core.environment:create_environment_scripts_only(eufs_launcher)
[1.957s] INFO:colcon.colcon_core.shell:Creating package script '/home/unai/FSB/fsb_sim/install/eufs_launcher/share/eufs_launcher/package.ps1'
[1.958s] INFO:colcon.colcon_core.shell:Creating package descriptor '/home/unai/FSB/fsb_sim/install/eufs_launcher/share/eufs_launcher/package.dsv'
[1.958s] INFO:colcon.colcon_core.shell:Creating package script '/home/unai/FSB/fsb_sim/install/eufs_launcher/share/eufs_launcher/package.sh'
[1.958s] INFO:colcon.colcon_core.shell:Creating package script '/home/unai/FSB/fsb_sim/install/eufs_launcher/share/eufs_launcher/package.bash'
[1.958s] INFO:colcon.colcon_core.shell:Creating package script '/home/unai/FSB/fsb_sim/install/eufs_launcher/share/eufs_launcher/package.zsh'
[1.958s] Level 1:colcon.colcon_core.environment:create_file_with_runtime_dependencies(/home/unai/FSB/fsb_sim/install/eufs_launcher/share/colcon-core/packages/eufs_launcher)
[2.068s] DEBUG:colcon.colcon_core.event_handler.log_command:Invoked command in '/home/unai/FSB/fsb_sim/build/eufs_msgs' returned '0': CMAKE_PREFIX_PATH=/opt/ros/humble /usr/bin/cmake /home/unai/FSB/fsb_sim/eufs_msgs -DCMAKE_INSTALL_PREFIX=/home/unai/FSB/fsb_sim/install/eufs_msgs
[2.069s] DEBUG:colcon.colcon_core.event_handler.log_command:Invoking command in '/home/unai/FSB/fsb_sim/build/eufs_msgs': CMAKE_PREFIX_PATH=/opt/ros/humble /usr/bin/cmake --build /home/unai/FSB/fsb_sim/build/eufs_msgs -- -j8 -l8
[31.759s] DEBUG:colcon.colcon_core.event_handler.log_command:Invoked command in '/home/unai/FSB/fsb_sim/build/eufs_msgs' returned '0': CMAKE_PREFIX_PATH=/opt/ros/humble /usr/bin/cmake --build /home/unai/FSB/fsb_sim/build/eufs_msgs -- -j8 -l8
[32.734s] DEBUG:colcon.colcon_core.event_handler.log_command:Invoking command in '/home/unai/FSB/fsb_sim/build/eufs_msgs': CMAKE_PREFIX_PATH=/opt/ros/humble /usr/bin/cmake --install /home/unai/FSB/fsb_sim/build/eufs_msgs
[32.925s] Level 1:colcon.colcon_core.environment:create_environment_scripts_only(eufs_msgs)
[32.925s] DEBUG:colcon.colcon_core.event_handler.log_command:Invoked command in '/home/unai/FSB/fsb_sim/build/eufs_msgs' returned '0': CMAKE_PREFIX_PATH=/opt/ros/humble /usr/bin/cmake --install /home/unai/FSB/fsb_sim/build/eufs_msgs
[32.925s] Level 1:colcon.colcon_core.environment:checking '/home/unai/FSB/fsb_sim/install/eufs_msgs' for CMake module files
[32.926s] Level 1:colcon.colcon_core.environment:checking '/home/unai/FSB/fsb_sim/install/eufs_msgs' for CMake config files
[32.926s] Level 1:colcon.colcon_core.shell:create_environment_hook('eufs_msgs', 'cmake_prefix_path')
[32.926s] INFO:colcon.colcon_core.shell:Creating environment hook '/home/unai/FSB/fsb_sim/install/eufs_msgs/share/eufs_msgs/hook/cmake_prefix_path.ps1'
[32.927s] INFO:colcon.colcon_core.shell:Creating environment descriptor '/home/unai/FSB/fsb_sim/install/eufs_msgs/share/eufs_msgs/hook/cmake_prefix_path.dsv'
[32.927s] INFO:colcon.colcon_core.shell:Creating environment hook '/home/unai/FSB/fsb_sim/install/eufs_msgs/share/eufs_msgs/hook/cmake_prefix_path.sh'
[32.927s] Level 1:colcon.colcon_core.environment:checking '/home/unai/FSB/fsb_sim/install/eufs_msgs/lib'
[32.927s] Level 1:colcon.colcon_core.shell:create_environment_hook('eufs_msgs', 'ld_library_path_lib')
[32.928s] INFO:colcon.colcon_core.shell:Creating environment hook '/home/unai/FSB/fsb_sim/install/eufs_msgs/share/eufs_msgs/hook/ld_library_path_lib.ps1'
[32.928s] INFO:colcon.colcon_core.shell:Creating environment descriptor '/home/unai/FSB/fsb_sim/install/eufs_msgs/share/eufs_msgs/hook/ld_library_path_lib.dsv'
[32.928s] INFO:colcon.colcon_core.shell:Creating environment hook '/home/unai/FSB/fsb_sim/install/eufs_msgs/share/eufs_msgs/hook/ld_library_path_lib.sh'
[32.928s] Level 1:colcon.colcon_core.environment:checking '/home/unai/FSB/fsb_sim/install/eufs_msgs/bin'
[32.928s] Level 1:colcon.colcon_core.environment:checking '/home/unai/FSB/fsb_sim/install/eufs_msgs/lib/pkgconfig/eufs_msgs.pc'
[32.929s] Level 1:colcon.colcon_core.environment:checking '/home/unai/FSB/fsb_sim/install/eufs_msgs/lib/python3.10/site-packages'
[32.929s] Level 1:colcon.colcon_core.environment:checking '/home/unai/FSB/fsb_sim/install/eufs_msgs/bin'
[32.929s] INFO:colcon.colcon_core.shell:Creating package script '/home/unai/FSB/fsb_sim/install/eufs_msgs/share/eufs_msgs/package.ps1'
[32.930s] INFO:colcon.colcon_core.shell:Creating package descriptor '/home/unai/FSB/fsb_sim/install/eufs_msgs/share/eufs_msgs/package.dsv'
[32.930s] INFO:colcon.colcon_core.shell:Creating package script '/home/unai/FSB/fsb_sim/install/eufs_msgs/share/eufs_msgs/package.sh'
[32.930s] INFO:colcon.colcon_core.shell:Creating package script '/home/unai/FSB/fsb_sim/install/eufs_msgs/share/eufs_msgs/package.bash'
[32.930s] INFO:colcon.colcon_core.shell:Creating package script '/home/unai/FSB/fsb_sim/install/eufs_msgs/share/eufs_msgs/package.zsh'
[32.931s] Level 1:colcon.colcon_core.environment:create_file_with_runtime_dependencies(/home/unai/FSB/fsb_sim/install/eufs_msgs/share/colcon-core/packages/eufs_msgs)
[33.641s] Level 1:colcon.colcon_core.environment:create_environment_scripts_only(eufs_msgs)
[33.641s] Level 1:colcon.colcon_core.environment:checking '/home/unai/FSB/fsb_sim/install/eufs_msgs' for CMake module files
[33.641s] Level 1:colcon.colcon_core.environment:checking '/home/unai/FSB/fsb_sim/install/eufs_msgs' for CMake config files
[33.641s] Level 1:colcon.colcon_core.shell:create_environment_hook('eufs_msgs', 'cmake_prefix_path')
[33.642s] INFO:colcon.colcon_core.shell:Creating environment hook '/home/unai/FSB/fsb_sim/install/eufs_msgs/share/eufs_msgs/hook/cmake_prefix_path.ps1'
[33.642s] INFO:colcon.colcon_core.shell:Creating environment descriptor '/home/unai/FSB/fsb_sim/install/eufs_msgs/share/eufs_msgs/hook/cmake_prefix_path.dsv'
[33.642s] INFO:colcon.colcon_core.shell:Creating environment hook '/home/unai/FSB/fsb_sim/install/eufs_msgs/share/eufs_msgs/hook/cmake_prefix_path.sh'
[33.642s] Level 1:colcon.colcon_core.environment:checking '/home/unai/FSB/fsb_sim/install/eufs_msgs/lib'
[33.642s] Level 1:colcon.colcon_core.shell:create_environment_hook('eufs_msgs', 'ld_library_path_lib')
[33.643s] INFO:colcon.colcon_core.shell:Creating environment hook '/home/unai/FSB/fsb_sim/install/eufs_msgs/share/eufs_msgs/hook/ld_library_path_lib.ps1'
[33.643s] INFO:colcon.colcon_core.shell:Creating environment descriptor '/home/unai/FSB/fsb_sim/install/eufs_msgs/share/eufs_msgs/hook/ld_library_path_lib.dsv'
[33.643s] INFO:colcon.colcon_core.shell:Creating environment hook '/home/unai/FSB/fsb_sim/install/eufs_msgs/share/eufs_msgs/hook/ld_library_path_lib.sh'
[33.643s] Level 1:colcon.colcon_core.environment:checking '/home/unai/FSB/fsb_sim/install/eufs_msgs/bin'
[33.643s] Level 1:colcon.colcon_core.environment:checking '/home/unai/FSB/fsb_sim/install/eufs_msgs/lib/pkgconfig/eufs_msgs.pc'
[33.643s] Level 1:colcon.colcon_core.environment:checking '/home/unai/FSB/fsb_sim/install/eufs_msgs/lib/python3.10/site-packages'
[33.644s] Level 1:colcon.colcon_core.environment:checking '/home/unai/FSB/fsb_sim/install/eufs_msgs/bin'
[33.644s] INFO:colcon.colcon_core.shell:Creating package script '/home/unai/FSB/fsb_sim/install/eufs_msgs/share/eufs_msgs/package.ps1'
[33.644s] INFO:colcon.colcon_core.shell:Creating package descriptor '/home/unai/FSB/fsb_sim/install/eufs_msgs/share/eufs_msgs/package.dsv'
[33.645s] INFO:colcon.colcon_core.shell:Creating package script '/home/unai/FSB/fsb_sim/install/eufs_msgs/share/eufs_msgs/package.sh'
[33.645s] INFO:colcon.colcon_core.shell:Creating package script '/home/unai/FSB/fsb_sim/install/eufs_msgs/share/eufs_msgs/package.bash'
[33.645s] INFO:colcon.colcon_core.shell:Creating package script '/home/unai/FSB/fsb_sim/install/eufs_msgs/share/eufs_msgs/package.zsh'
[33.645s] Level 1:colcon.colcon_core.environment:create_file_with_runtime_dependencies(/home/unai/FSB/fsb_sim/install/eufs_msgs/share/colcon-core/packages/eufs_msgs)
[33.646s] INFO:colcon.colcon_ros.task.ament_cmake.build:Building ROS package in '/home/unai/FSB/fsb_sim/eufs_models' with build type 'ament_cmake'
[33.646s] INFO:colcon.colcon_cmake.task.cmake.build:Building CMake package in '/home/unai/FSB/fsb_sim/eufs_models'
[33.646s] INFO:colcon.colcon_core.shell:Skip shell extension 'powershell' for command environment: Not usable outside of PowerShell
[33.646s] DEBUG:colcon.colcon_core.shell:Skip shell extension 'dsv' for command environment
[33.648s] INFO:colcon.colcon_ros.task.ament_python.build:Building ROS package in '/home/unai/FSB/fsb_sim/eufs_rqt' with build type 'ament_python'
[33.648s] Level 1:colcon.colcon_core.shell:create_environment_hook('eufs_rqt', 'ament_prefix_path')
[33.648s] INFO:colcon.colcon_core.shell:Creating environment hook '/home/unai/FSB/fsb_sim/install/eufs_rqt/share/eufs_rqt/hook/ament_prefix_path.ps1'
[33.648s] INFO:colcon.colcon_core.shell:Creating environment descriptor '/home/unai/FSB/fsb_sim/install/eufs_rqt/share/eufs_rqt/hook/ament_prefix_path.dsv'
[33.649s] INFO:colcon.colcon_core.shell:Creating environment hook '/home/unai/FSB/fsb_sim/install/eufs_rqt/share/eufs_rqt/hook/ament_prefix_path.sh'
[33.649s] INFO:colcon.colcon_core.shell:Skip shell extension 'powershell' for command environment: Not usable outside of PowerShell
[33.649s] DEBUG:colcon.colcon_core.shell:Skip shell extension 'dsv' for command environment
[33.653s] DEBUG:colcon.colcon_core.event_handler.log_command:Invoking command in '/home/unai/FSB/fsb_sim/build/eufs_models': AMENT_PREFIX_PATH=/home/unai/FSB/fsb_sim/install/eufs_msgs:${AMENT_PREFIX_PATH} CMAKE_PREFIX_PATH=/home/unai/FSB/fsb_sim/install/eufs_msgs:/opt/ros/humble LD_LIBRARY_PATH=/home/unai/FSB/fsb_sim/install/eufs_msgs/lib:${LD_LIBRARY_PATH} PYTHONPATH=/home/unai/FSB/fsb_sim/install/eufs_msgs/local/lib/python3.10/dist-packages:${PYTHONPATH} /usr/bin/cmake /home/unai/FSB/fsb_sim/eufs_models -DCMAKE_INSTALL_PREFIX=/home/unai/FSB/fsb_sim/install/eufs_models
[33.834s] INFO:colcon.colcon_core.task.python.build:Building Python package in '/home/unai/FSB/fsb_sim/eufs_rqt'
[33.834s] INFO:colcon.colcon_core.shell:Skip shell extension 'powershell' for command environment: Not usable outside of PowerShell
[33.834s] DEBUG:colcon.colcon_core.shell:Skip shell extension 'dsv' for command environment
[34.071s] DEBUG:colcon.colcon_core.event_handler.log_command:Invoked command in '/home/unai/FSB/fsb_sim/build/eufs_models' returned '0': AMENT_PREFIX_PATH=/home/unai/FSB/fsb_sim/install/eufs_msgs:${AMENT_PREFIX_PATH} CMAKE_PREFIX_PATH=/home/unai/FSB/fsb_sim/install/eufs_msgs:/opt/ros/humble LD_LIBRARY_PATH=/home/unai/FSB/fsb_sim/install/eufs_msgs/lib:${LD_LIBRARY_PATH} PYTHONPATH=/home/unai/FSB/fsb_sim/install/eufs_msgs/local/lib/python3.10/dist-packages:${PYTHONPATH} /usr/bin/cmake /home/unai/FSB/fsb_sim/eufs_models -DCMAKE_INSTALL_PREFIX=/home/unai/FSB/fsb_sim/install/eufs_models
[34.071s] DEBUG:colcon.colcon_core.event_handler.log_command:Invoking command in '/home/unai/FSB/fsb_sim/build/eufs_models': AMENT_PREFIX_PATH=/home/unai/FSB/fsb_sim/install/eufs_msgs:${AMENT_PREFIX_PATH} CMAKE_PREFIX_PATH=/home/unai/FSB/fsb_sim/install/eufs_msgs:/opt/ros/humble LD_LIBRARY_PATH=/home/unai/FSB/fsb_sim/install/eufs_msgs/lib:${LD_LIBRARY_PATH} PYTHONPATH=/home/unai/FSB/fsb_sim/install/eufs_msgs/local/lib/python3.10/dist-packages:${PYTHONPATH} /usr/bin/cmake --build /home/unai/FSB/fsb_sim/build/eufs_models -- -j8 -l8
[34.111s] DEBUG:colcon.colcon_core.event_handler.log_command:Invoking command in '/home/unai/FSB/fsb_sim/eufs_rqt': AMENT_PREFIX_PATH=/home/unai/FSB/fsb_sim/install/eufs_msgs:${AMENT_PREFIX_PATH} CMAKE_PREFIX_PATH=/home/unai/FSB/fsb_sim/install/eufs_msgs LD_LIBRARY_PATH=/home/unai/FSB/fsb_sim/install/eufs_msgs/lib:${LD_LIBRARY_PATH} PYTHONPATH=/home/unai/FSB/fsb_sim/build/eufs_rqt/prefix_override:/home/unai/FSB/fsb_sim/install/eufs_rqt/lib/python3.10/site-packages:/home/unai/FSB/fsb_sim/install/eufs_msgs/local/lib/python3.10/dist-packages:${PYTHONPATH} /usr/bin/python3 -W ignore:setup.py install is deprecated setup.py egg_info --egg-base ../build/eufs_rqt build --build-base /home/unai/FSB/fsb_sim/build/eufs_rqt/build install --record /home/unai/FSB/fsb_sim/build/eufs_rqt/install.log --single-version-externally-managed install_data
[34.340s] Level 1:colcon.colcon_core.environment:checking '/home/unai/FSB/fsb_sim/install/eufs_rqt' for CMake module files
[34.340s] DEBUG:colcon.colcon_core.event_handler.log_command:Invoked command in '/home/unai/FSB/fsb_sim/eufs_rqt' returned '0': AMENT_PREFIX_PATH=/home/unai/FSB/fsb_sim/install/eufs_msgs:${AMENT_PREFIX_PATH} CMAKE_PREFIX_PATH=/home/unai/FSB/fsb_sim/install/eufs_msgs LD_LIBRARY_PATH=/home/unai/FSB/fsb_sim/install/eufs_msgs/lib:${LD_LIBRARY_PATH} PYTHONPATH=/home/unai/FSB/fsb_sim/build/eufs_rqt/prefix_override:/home/unai/FSB/fsb_sim/install/eufs_rqt/lib/python3.10/site-packages:/home/unai/FSB/fsb_sim/install/eufs_msgs/local/lib/python3.10/dist-packages:${PYTHONPATH} /usr/bin/python3 -W ignore:setup.py install is deprecated setup.py egg_info --egg-base ../build/eufs_rqt build --build-base /home/unai/FSB/fsb_sim/build/eufs_rqt/build install --record /home/unai/FSB/fsb_sim/build/eufs_rqt/install.log --single-version-externally-managed install_data
[34.340s] Level 1:colcon.colcon_core.environment:checking '/home/unai/FSB/fsb_sim/install/eufs_rqt' for CMake config files
[34.341s] Level 1:colcon.colcon_core.environment:checking '/home/unai/FSB/fsb_sim/install/eufs_rqt/lib'
[34.341s] Level 1:colcon.colcon_core.environment:checking '/home/unai/FSB/fsb_sim/install/eufs_rqt/bin'
[34.341s] Level 1:colcon.colcon_core.environment:checking '/home/unai/FSB/fsb_sim/install/eufs_rqt/lib/pkgconfig/eufs_rqt.pc'
[34.341s] Level 1:colcon.colcon_core.environment:checking '/home/unai/FSB/fsb_sim/install/eufs_rqt/lib/python3.10/site-packages'
[34.341s] Level 1:colcon.colcon_core.shell:create_environment_hook('eufs_rqt', 'pythonpath')
[34.341s] INFO:colcon.colcon_core.shell:Creating environment hook '/home/unai/FSB/fsb_sim/install/eufs_rqt/share/eufs_rqt/hook/pythonpath.ps1'
[34.342s] INFO:colcon.colcon_core.shell:Creating environment descriptor '/home/unai/FSB/fsb_sim/install/eufs_rqt/share/eufs_rqt/hook/pythonpath.dsv'
[34.342s] INFO:colcon.colcon_core.shell:Creating environment hook '/home/unai/FSB/fsb_sim/install/eufs_rqt/share/eufs_rqt/hook/pythonpath.sh'
[34.342s] Level 1:colcon.colcon_core.environment:checking '/home/unai/FSB/fsb_sim/install/eufs_rqt/bin'
[34.342s] Level 1:colcon.colcon_core.environment:create_environment_scripts_only(eufs_rqt)
[34.342s] INFO:colcon.colcon_core.shell:Creating package script '/home/unai/FSB/fsb_sim/install/eufs_rqt/share/eufs_rqt/package.ps1'
[34.343s] INFO:colcon.colcon_core.shell:Creating package descriptor '/home/unai/FSB/fsb_sim/install/eufs_rqt/share/eufs_rqt/package.dsv'
[34.343s] INFO:colcon.colcon_core.shell:Creating package script '/home/unai/FSB/fsb_sim/install/eufs_rqt/share/eufs_rqt/package.sh'
[34.343s] INFO:colcon.colcon_core.shell:Creating package script '/home/unai/FSB/fsb_sim/install/eufs_rqt/share/eufs_rqt/package.bash'
[34.343s] INFO:colcon.colcon_core.shell:Creating package script '/home/unai/FSB/fsb_sim/install/eufs_rqt/share/eufs_rqt/package.zsh'
[34.343s] Level 1:colcon.colcon_core.environment:create_file_with_runtime_dependencies(/home/unai/FSB/fsb_sim/install/eufs_rqt/share/colcon-core/packages/eufs_rqt)
[35.039s] DEBUG:colcon.colcon_core.event_handler.log_command:Invoked command in '/home/unai/FSB/fsb_sim/build/eufs_models' returned '0': AMENT_PREFIX_PATH=/home/unai/FSB/fsb_sim/install/eufs_msgs:${AMENT_PREFIX_PATH} CMAKE_PREFIX_PATH=/home/unai/FSB/fsb_sim/install/eufs_msgs:/opt/ros/humble LD_LIBRARY_PATH=/home/unai/FSB/fsb_sim/install/eufs_msgs/lib:${LD_LIBRARY_PATH} PYTHONPATH=/home/unai/FSB/fsb_sim/install/eufs_msgs/local/lib/python3.10/dist-packages:${PYTHONPATH} /usr/bin/cmake --build /home/unai/FSB/fsb_sim/build/eufs_models -- -j8 -l8
[35.073s] DEBUG:colcon.colcon_core.event_handler.log_command:Invoking command in '/home/unai/FSB/fsb_sim/build/eufs_models': AMENT_PREFIX_PATH=/home/unai/FSB/fsb_sim/install/eufs_msgs:${AMENT_PREFIX_PATH} CMAKE_PREFIX_PATH=/home/unai/FSB/fsb_sim/install/eufs_msgs:/opt/ros/humble LD_LIBRARY_PATH=/home/unai/FSB/fsb_sim/install/eufs_msgs/lib:${LD_LIBRARY_PATH} PYTHONPATH=/home/unai/FSB/fsb_sim/install/eufs_msgs/local/lib/python3.10/dist-packages:${PYTHONPATH} /usr/bin/cmake --install /home/unai/FSB/fsb_sim/build/eufs_models
[35.090s] Level 1:colcon.colcon_core.environment:create_environment_scripts_only(eufs_models)
[35.090s] Level 1:colcon.colcon_core.environment:checking '/home/unai/FSB/fsb_sim/install/eufs_models' for CMake module files
[35.090s] DEBUG:colcon.colcon_core.event_handler.log_command:Invoked command in '/home/unai/FSB/fsb_sim/build/eufs_models' returned '0': AMENT_PREFIX_PATH=/home/unai/FSB/fsb_sim/install/eufs_msgs:${AMENT_PREFIX_PATH} CMAKE_PREFIX_PATH=/home/unai/FSB/fsb_sim/install/eufs_msgs:/opt/ros/humble LD_LIBRARY_PATH=/home/unai/FSB/fsb_sim/install/eufs_msgs/lib:${LD_LIBRARY_PATH} PYTHONPATH=/home/unai/FSB/fsb_sim/install/eufs_msgs/local/lib/python3.10/dist-packages:${PYTHONPATH} /usr/bin/cmake --install /home/unai/FSB/fsb_sim/build/eufs_models
[35.091s] Level 1:colcon.colcon_core.environment:checking '/home/unai/FSB/fsb_sim/install/eufs_models' for CMake config files
[35.091s] Level 1:colcon.colcon_core.shell:create_environment_hook('eufs_models', 'cmake_prefix_path')
[35.091s] INFO:colcon.colcon_core.shell:Creating environment hook '/home/unai/FSB/fsb_sim/install/eufs_models/share/eufs_models/hook/cmake_prefix_path.ps1'
[35.091s] INFO:colcon.colcon_core.shell:Creating environment descriptor '/home/unai/FSB/fsb_sim/install/eufs_models/share/eufs_models/hook/cmake_prefix_path.dsv'
[35.091s] INFO:colcon.colcon_core.shell:Creating environment hook '/home/unai/FSB/fsb_sim/install/eufs_models/share/eufs_models/hook/cmake_prefix_path.sh'
[35.092s] Level 1:colcon.colcon_core.environment:checking '/home/unai/FSB/fsb_sim/install/eufs_models/lib'
[35.092s] Level 1:colcon.colcon_core.environment:checking '/home/unai/FSB/fsb_sim/install/eufs_models/bin'
[35.092s] Level 1:colcon.colcon_core.environment:checking '/home/unai/FSB/fsb_sim/install/eufs_models/lib/pkgconfig/eufs_models.pc'
[35.092s] Level 1:colcon.colcon_core.environment:checking '/home/unai/FSB/fsb_sim/install/eufs_models/lib/python3.10/site-packages'
[35.092s] Level 1:colcon.colcon_core.environment:checking '/home/unai/FSB/fsb_sim/install/eufs_models/bin'
[35.092s] INFO:colcon.colcon_core.shell:Creating package script '/home/unai/FSB/fsb_sim/install/eufs_models/share/eufs_models/package.ps1'
[35.092s] INFO:colcon.colcon_core.shell:Creating package descriptor '/home/unai/FSB/fsb_sim/install/eufs_models/share/eufs_models/package.dsv'
[35.093s] INFO:colcon.colcon_core.shell:Creating package script '/home/unai/FSB/fsb_sim/install/eufs_models/share/eufs_models/package.sh'
[35.093s] INFO:colcon.colcon_core.shell:Creating package script '/home/unai/FSB/fsb_sim/install/eufs_models/share/eufs_models/package.bash'
[35.093s] INFO:colcon.colcon_core.shell:Creating package script '/home/unai/FSB/fsb_sim/install/eufs_models/share/eufs_models/package.zsh'
[35.093s] Level 1:colcon.colcon_core.environment:create_file_with_runtime_dependencies(/home/unai/FSB/fsb_sim/install/eufs_models/share/colcon-core/packages/eufs_models)
[35.114s] Level 1:colcon.colcon_core.environment:create_environment_scripts_only(eufs_models)
[35.115s] Level 1:colcon.colcon_core.environment:checking '/home/unai/FSB/fsb_sim/install/eufs_models' for CMake module files
[35.115s] Level 1:colcon.colcon_core.environment:checking '/home/unai/FSB/fsb_sim/install/eufs_models' for CMake config files
[35.115s] Level 1:colcon.colcon_core.shell:create_environment_hook('eufs_models', 'cmake_prefix_path')
[35.115s] INFO:colcon.colcon_core.shell:Creating environment hook '/home/unai/FSB/fsb_sim/install/eufs_models/share/eufs_models/hook/cmake_prefix_path.ps1'
[35.116s] INFO:colcon.colcon_core.shell:Creating environment descriptor '/home/unai/FSB/fsb_sim/install/eufs_models/share/eufs_models/hook/cmake_prefix_path.dsv'
[35.116s] INFO:colcon.colcon_core.shell:Creating environment hook '/home/unai/FSB/fsb_sim/install/eufs_models/share/eufs_models/hook/cmake_prefix_path.sh'
[35.116s] Level 1:colcon.colcon_core.environment:checking '/home/unai/FSB/fsb_sim/install/eufs_models/lib'
[35.117s] Level 1:colcon.colcon_core.environment:checking '/home/unai/FSB/fsb_sim/install/eufs_models/bin'
[35.117s] Level 1:colcon.colcon_core.environment:checking '/home/unai/FSB/fsb_sim/install/eufs_models/lib/pkgconfig/eufs_models.pc'
[35.117s] Level 1:colcon.colcon_core.environment:checking '/home/unai/FSB/fsb_sim/install/eufs_models/lib/python3.10/site-packages'
[35.117s] Level 1:colcon.colcon_core.environment:checking '/home/unai/FSB/fsb_sim/install/eufs_models/bin'
[35.117s] INFO:colcon.colcon_core.shell:Creating package script '/home/unai/FSB/fsb_sim/install/eufs_models/share/eufs_models/package.ps1'
[35.118s] INFO:colcon.colcon_core.shell:Creating package descriptor '/home/unai/FSB/fsb_sim/install/eufs_models/share/eufs_models/package.dsv'
[35.118s] INFO:colcon.colcon_core.shell:Creating package script '/home/unai/FSB/fsb_sim/install/eufs_models/share/eufs_models/package.sh'
[35.118s] INFO:colcon.colcon_core.shell:Creating package script '/home/unai/FSB/fsb_sim/install/eufs_models/share/eufs_models/package.bash'
[35.119s] INFO:colcon.colcon_core.shell:Creating package script '/home/unai/FSB/fsb_sim/install/eufs_models/share/eufs_models/package.zsh'
[35.119s] Level 1:colcon.colcon_core.environment:create_file_with_runtime_dependencies(/home/unai/FSB/fsb_sim/install/eufs_models/share/colcon-core/packages/eufs_models)
[35.119s] INFO:colcon.colcon_ros.task.ament_cmake.build:Building ROS package in '/home/unai/FSB/fsb_sim/eufs_plugins' with build type 'ament_cmake'
[35.119s] INFO:colcon.colcon_cmake.task.cmake.build:Building CMake package in '/home/unai/FSB/fsb_sim/eufs_plugins'
[35.120s] INFO:colcon.colcon_core.shell:Skip shell extension 'powershell' for command environment: Not usable outside of PowerShell
[35.120s] DEBUG:colcon.colcon_core.shell:Skip shell extension 'dsv' for command environment
[35.127s] DEBUG:colcon.colcon_core.event_handler.log_command:Invoking command in '/home/unai/FSB/fsb_sim/build/eufs_plugins': AMENT_PREFIX_PATH=/home/unai/FSB/fsb_sim/install/eufs_models:/home/unai/FSB/fsb_sim/install/eufs_msgs:${AMENT_PREFIX_PATH} CMAKE_PREFIX_PATH=/home/unai/FSB/fsb_sim/install/eufs_models:/home/unai/FSB/fsb_sim/install/eufs_msgs:/opt/ros/humble LD_LIBRARY_PATH=/home/unai/FSB/fsb_sim/install/eufs_models/lib:/home/unai/FSB/fsb_sim/install/eufs_msgs/lib:${LD_LIBRARY_PATH} PYTHONPATH=/home/unai/FSB/fsb_sim/install/eufs_msgs/local/lib/python3.10/dist-packages:${PYTHONPATH} /usr/bin/cmake /home/unai/FSB/fsb_sim/eufs_plugins -DCMAKE_INSTALL_PREFIX=/home/unai/FSB/fsb_sim/install/eufs_plugins
[37.385s] DEBUG:colcon.colcon_core.event_handler.log_command:Invoked command in '/home/unai/FSB/fsb_sim/build/eufs_plugins' returned '0': AMENT_PREFIX_PATH=/home/unai/FSB/fsb_sim/install/eufs_models:/home/unai/FSB/fsb_sim/install/eufs_msgs:${AMENT_PREFIX_PATH} CMAKE_PREFIX_PATH=/home/unai/FSB/fsb_sim/install/eufs_models:/home/unai/FSB/fsb_sim/install/eufs_msgs:/opt/ros/humble LD_LIBRARY_PATH=/home/unai/FSB/fsb_sim/install/eufs_models/lib:/home/unai/FSB/fsb_sim/install/eufs_msgs/lib:${LD_LIBRARY_PATH} PYTHONPATH=/home/unai/FSB/fsb_sim/install/eufs_msgs/local/lib/python3.10/dist-packages:${PYTHONPATH} /usr/bin/cmake /home/unai/FSB/fsb_sim/eufs_plugins -DCMAKE_INSTALL_PREFIX=/home/unai/FSB/fsb_sim/install/eufs_plugins
[37.387s] DEBUG:colcon.colcon_core.event_handler.log_command:Invoking command in '/home/unai/FSB/fsb_sim/build/eufs_plugins': AMENT_PREFIX_PATH=/home/unai/FSB/fsb_sim/install/eufs_models:/home/unai/FSB/fsb_sim/install/eufs_msgs:${AMENT_PREFIX_PATH} CMAKE_PREFIX_PATH=/home/unai/FSB/fsb_sim/install/eufs_models:/home/unai/FSB/fsb_sim/install/eufs_msgs:/opt/ros/humble LD_LIBRARY_PATH=/home/unai/FSB/fsb_sim/install/eufs_models/lib:/home/unai/FSB/fsb_sim/install/eufs_msgs/lib:${LD_LIBRARY_PATH} PYTHONPATH=/home/unai/FSB/fsb_sim/install/eufs_msgs/local/lib/python3.10/dist-packages:${PYTHONPATH} /usr/bin/cmake --build /home/unai/FSB/fsb_sim/build/eufs_plugins -- -j8 -l8
[54.164s] DEBUG:colcon.colcon_core.event_handler.log_command:Invoked command in '/home/unai/FSB/fsb_sim/build/eufs_plugins' returned '0': AMENT_PREFIX_PATH=/home/unai/FSB/fsb_sim/install/eufs_models:/home/unai/FSB/fsb_sim/install/eufs_msgs:${AMENT_PREFIX_PATH} CMAKE_PREFIX_PATH=/home/unai/FSB/fsb_sim/install/eufs_models:/home/unai/FSB/fsb_sim/install/eufs_msgs:/opt/ros/humble LD_LIBRARY_PATH=/home/unai/FSB/fsb_sim/install/eufs_models/lib:/home/unai/FSB/fsb_sim/install/eufs_msgs/lib:${LD_LIBRARY_PATH} PYTHONPATH=/home/unai/FSB/fsb_sim/install/eufs_msgs/local/lib/python3.10/dist-packages:${PYTHONPATH} /usr/bin/cmake --build /home/unai/FSB/fsb_sim/build/eufs_plugins -- -j8 -l8
[54.181s] DEBUG:colcon.colcon_core.event_handler.log_command:Invoking command in '/home/unai/FSB/fsb_sim/build/eufs_plugins': AMENT_PREFIX_PATH=/home/unai/FSB/fsb_sim/install/eufs_models:/home/unai/FSB/fsb_sim/install/eufs_msgs:${AMENT_PREFIX_PATH} CMAKE_PREFIX_PATH=/home/unai/FSB/fsb_sim/install/eufs_models:/home/unai/FSB/fsb_sim/install/eufs_msgs:/opt/ros/humble LD_LIBRARY_PATH=/home/unai/FSB/fsb_sim/install/eufs_models/lib:/home/unai/FSB/fsb_sim/install/eufs_msgs/lib:${LD_LIBRARY_PATH} PYTHONPATH=/home/unai/FSB/fsb_sim/install/eufs_msgs/local/lib/python3.10/dist-packages:${PYTHONPATH} /usr/bin/cmake --install /home/unai/FSB/fsb_sim/build/eufs_plugins
[54.206s] Level 1:colcon.colcon_core.environment:create_environment_scripts_only(eufs_plugins)
[54.206s] Level 1:colcon.colcon_core.environment:checking '/home/unai/FSB/fsb_sim/install/eufs_plugins' for CMake module files
[54.206s] DEBUG:colcon.colcon_core.event_handler.log_command:Invoked command in '/home/unai/FSB/fsb_sim/build/eufs_plugins' returned '0': AMENT_PREFIX_PATH=/home/unai/FSB/fsb_sim/install/eufs_models:/home/unai/FSB/fsb_sim/install/eufs_msgs:${AMENT_PREFIX_PATH} CMAKE_PREFIX_PATH=/home/unai/FSB/fsb_sim/install/eufs_models:/home/unai/FSB/fsb_sim/install/eufs_msgs:/opt/ros/humble LD_LIBRARY_PATH=/home/unai/FSB/fsb_sim/install/eufs_models/lib:/home/unai/FSB/fsb_sim/install/eufs_msgs/lib:${LD_LIBRARY_PATH} PYTHONPATH=/home/unai/FSB/fsb_sim/install/eufs_msgs/local/lib/python3.10/dist-packages:${PYTHONPATH} /usr/bin/cmake --install /home/unai/FSB/fsb_sim/build/eufs_plugins
[54.207s] Level 1:colcon.colcon_core.environment:checking '/home/unai/FSB/fsb_sim/install/eufs_plugins' for CMake config files
[54.207s] Level 1:colcon.colcon_core.shell:create_environment_hook('eufs_plugins', 'cmake_prefix_path')
[54.207s] INFO:colcon.colcon_core.shell:Creating environment hook '/home/unai/FSB/fsb_sim/install/eufs_plugins/share/eufs_plugins/hook/cmake_prefix_path.ps1'
[54.208s] INFO:colcon.colcon_core.shell:Creating environment descriptor '/home/unai/FSB/fsb_sim/install/eufs_plugins/share/eufs_plugins/hook/cmake_prefix_path.dsv'
[54.208s] INFO:colcon.colcon_core.shell:Creating environment hook '/home/unai/FSB/fsb_sim/install/eufs_plugins/share/eufs_plugins/hook/cmake_prefix_path.sh'
[54.208s] Level 1:colcon.colcon_core.environment:checking '/home/unai/FSB/fsb_sim/install/eufs_plugins/lib'
[54.208s] Level 1:colcon.colcon_core.shell:create_environment_hook('eufs_plugins', 'ld_library_path_lib')
[54.208s] INFO:colcon.colcon_core.shell:Creating environment hook '/home/unai/FSB/fsb_sim/install/eufs_plugins/share/eufs_plugins/hook/ld_library_path_lib.ps1'
[54.208s] INFO:colcon.colcon_core.shell:Creating environment descriptor '/home/unai/FSB/fsb_sim/install/eufs_plugins/share/eufs_plugins/hook/ld_library_path_lib.dsv'
[54.209s] INFO:colcon.colcon_core.shell:Creating environment hook '/home/unai/FSB/fsb_sim/install/eufs_plugins/share/eufs_plugins/hook/ld_library_path_lib.sh'
[54.209s] Level 1:colcon.colcon_core.environment:checking '/home/unai/FSB/fsb_sim/install/eufs_plugins/bin'
[54.209s] Level 1:colcon.colcon_core.environment:checking '/home/unai/FSB/fsb_sim/install/eufs_plugins/lib/pkgconfig/eufs_plugins.pc'
[54.209s] Level 1:colcon.colcon_core.environment:checking '/home/unai/FSB/fsb_sim/install/eufs_plugins/lib/python3.10/site-packages'
[54.209s] Level 1:colcon.colcon_core.environment:checking '/home/unai/FSB/fsb_sim/install/eufs_plugins/bin'
[54.209s] INFO:colcon.colcon_core.shell:Creating package script '/home/unai/FSB/fsb_sim/install/eufs_plugins/share/eufs_plugins/package.ps1'
[54.210s] INFO:colcon.colcon_core.shell:Creating package descriptor '/home/unai/FSB/fsb_sim/install/eufs_plugins/share/eufs_plugins/package.dsv'
[54.210s] INFO:colcon.colcon_core.shell:Creating package script '/home/unai/FSB/fsb_sim/install/eufs_plugins/share/eufs_plugins/package.sh'
[54.210s] INFO:colcon.colcon_core.shell:Creating package script '/home/unai/FSB/fsb_sim/install/eufs_plugins/share/eufs_plugins/package.bash'
[54.210s] INFO:colcon.colcon_core.shell:Creating package script '/home/unai/FSB/fsb_sim/install/eufs_plugins/share/eufs_plugins/package.zsh'
[54.210s] Level 1:colcon.colcon_core.environment:create_file_with_runtime_dependencies(/home/unai/FSB/fsb_sim/install/eufs_plugins/share/colcon-core/packages/eufs_plugins)
[54.226s] Level 1:colcon.colcon_core.environment:create_environment_scripts_only(eufs_plugins)
[54.226s] Level 1:colcon.colcon_core.environment:checking '/home/unai/FSB/fsb_sim/install/eufs_plugins' for CMake module files
[54.226s] Level 1:colcon.colcon_core.environment:checking '/home/unai/FSB/fsb_sim/install/eufs_plugins' for CMake config files
[54.226s] Level 1:colcon.colcon_core.shell:create_environment_hook('eufs_plugins', 'cmake_prefix_path')
[54.227s] INFO:colcon.colcon_core.shell:Creating environment hook '/home/unai/FSB/fsb_sim/install/eufs_plugins/share/eufs_plugins/hook/cmake_prefix_path.ps1'
[54.227s] INFO:colcon.colcon_core.shell:Creating environment descriptor '/home/unai/FSB/fsb_sim/install/eufs_plugins/share/eufs_plugins/hook/cmake_prefix_path.dsv'
[54.227s] INFO:colcon.colcon_core.shell:Creating environment hook '/home/unai/FSB/fsb_sim/install/eufs_plugins/share/eufs_plugins/hook/cmake_prefix_path.sh'
[54.227s] Level 1:colcon.colcon_core.environment:checking '/home/unai/FSB/fsb_sim/install/eufs_plugins/lib'
[54.227s] Level 1:colcon.colcon_core.shell:create_environment_hook('eufs_plugins', 'ld_library_path_lib')
[54.228s] INFO:colcon.colcon_core.shell:Creating environment hook '/home/unai/FSB/fsb_sim/install/eufs_plugins/share/eufs_plugins/hook/ld_library_path_lib.ps1'
[54.228s] INFO:colcon.colcon_core.shell:Creating environment descriptor '/home/unai/FSB/fsb_sim/install/eufs_plugins/share/eufs_plugins/hook/ld_library_path_lib.dsv'
[54.228s] INFO:colcon.colcon_core.shell:Creating environment hook '/home/unai/FSB/fsb_sim/install/eufs_plugins/share/eufs_plugins/hook/ld_library_path_lib.sh'
[54.228s] Level 1:colcon.colcon_core.environment:checking '/home/unai/FSB/fsb_sim/install/eufs_plugins/bin'
[54.228s] Level 1:colcon.colcon_core.environment:checking '/home/unai/FSB/fsb_sim/install/eufs_plugins/lib/pkgconfig/eufs_plugins.pc'
[54.228s] Level 1:colcon.colcon_core.environment:checking '/home/unai/FSB/fsb_sim/install/eufs_plugins/lib/python3.10/site-packages'
[54.229s] Level 1:colcon.colcon_core.environment:checking '/home/unai/FSB/fsb_sim/install/eufs_plugins/bin'
[54.229s] INFO:colcon.colcon_core.shell:Creating package script '/home/unai/FSB/fsb_sim/install/eufs_plugins/share/eufs_plugins/package.ps1'
[54.229s] INFO:colcon.colcon_core.shell:Creating package descriptor '/home/unai/FSB/fsb_sim/install/eufs_plugins/share/eufs_plugins/package.dsv'
[54.229s] INFO:colcon.colcon_core.shell:Creating package script '/home/unai/FSB/fsb_sim/install/eufs_plugins/share/eufs_plugins/package.sh'
[54.230s] INFO:colcon.colcon_core.shell:Creating package script '/home/unai/FSB/fsb_sim/install/eufs_plugins/share/eufs_plugins/package.bash'
[54.230s] INFO:colcon.colcon_core.shell:Creating package script '/home/unai/FSB/fsb_sim/install/eufs_plugins/share/eufs_plugins/package.zsh'
[54.230s] Level 1:colcon.colcon_core.environment:create_file_with_runtime_dependencies(/home/unai/FSB/fsb_sim/install/eufs_plugins/share/colcon-core/packages/eufs_plugins)
[54.230s] DEBUG:colcon.colcon_parallel_executor.executor.parallel:closing loop
[54.230s] DEBUG:colcon.colcon_parallel_executor.executor.parallel:loop closed
[54.230s] DEBUG:colcon.colcon_parallel_executor.executor.parallel:run_until_complete finished with '0'
[54.230s] DEBUG:colcon.colcon_core.event_reactor:joining thread
[54.234s] INFO:colcon.colcon_core.plugin_system:Skipping extension 'colcon_notification.desktop_notification.terminal_notifier': Not used on non-Darwin systems
[54.234s] INFO:colcon.colcon_core.plugin_system:Skipping extension 'colcon_notification.desktop_notification.win32': Not used on non-Windows systems
[54.234s] INFO:colcon.colcon_notification.desktop_notification:Sending desktop notification using 'notify2'
[54.242s] DEBUG:colcon.colcon_core.event_reactor:joined thread
[54.242s] INFO:colcon.colcon_core.shell:Creating prefix script '/home/unai/FSB/fsb_sim/install/local_setup.ps1'
[54.243s] INFO:colcon.colcon_core.shell:Creating prefix util module '/home/unai/FSB/fsb_sim/install/_local_setup_util_ps1.py'
[54.245s] INFO:colcon.colcon_core.shell:Creating prefix chain script '/home/unai/FSB/fsb_sim/install/setup.ps1'
[54.246s] INFO:colcon.colcon_core.shell:Creating prefix script '/home/unai/FSB/fsb_sim/install/local_setup.sh'
[54.246s] INFO:colcon.colcon_core.shell:Creating prefix util module '/home/unai/FSB/fsb_sim/install/_local_setup_util_sh.py'
[54.246s] INFO:colcon.colcon_core.shell:Creating prefix chain script '/home/unai/FSB/fsb_sim/install/setup.sh'
[54.247s] INFO:colcon.colcon_core.shell:Creating prefix script '/home/unai/FSB/fsb_sim/install/local_setup.bash'
[54.247s] INFO:colcon.colcon_core.shell:Creating prefix chain script '/home/unai/FSB/fsb_sim/install/setup.bash'
[54.248s] INFO:colcon.colcon_core.shell:Creating prefix script '/home/unai/FSB/fsb_sim/install/local_setup.zsh'
[54.249s] INFO:colcon.colcon_core.shell:Creating prefix chain script '/home/unai/FSB/fsb_sim/install/setup.zsh'
